<?xml version="1.0" encoding="UTF-8"?>
<!-- Generated by org.testng.reporters.JUnitXMLReporter -->
<testsuite ignored="0" hostname="DESKTOP-DSBPMRT" failures="9" tests="186" name="Surefire test" time="1333.957" errors="0" timestamp="2024-08-02T14:42:45 IST">
  <testcase classname="tests.CompanyInfoTest" name="@BeforeMethod companyPage" time="4.291">
    <failure type="org.openqa.selenium.ElementNotInteractableException" message="element not interactable
  (Session info: chrome=127.0.6533.74)
Build info: version: &amp;apos;4.22.0&amp;apos;, revision: &amp;apos;c5f3146703*&amp;apos;
System info: os.name: &amp;apos;Windows 11&amp;apos;, os.arch: &amp;apos;amd64&amp;apos;, os.version: &amp;apos;10.0&amp;apos;, java.version: &amp;apos;21.0.3&amp;apos;
Driver info: org.openqa.selenium.chrome.ChromeDriver
Command: [f7a1dfb568ee62d28ec442db09b58080, clickElement {id=f.3F3541340776F07128B1B1372060A52F.d.533796638396631D9A2077E73F56EAA2.e.30}]
Capabilities {acceptInsecureCerts: false, browserName: chrome, browserVersion: 127.0.6533.74, chrome: {chromedriverVersion: 127.0.6533.88 (a2d0cb026721..., userDataDir: C:\Windows\SystemTemp\scope...}, fedcm:accounts: true, goog:chromeOptions: {debuggerAddress: localhost:56133}, networkConnectionEnabled: false, pageLoadStrategy: normal, platformName: windows, proxy: Proxy(), se:cdp: ws://localhost:56133/devtoo..., se:cdpVersion: 127.0.6533.74, setWindowRect: true, strictFileInteractability: false, timeouts: {implicit: 0, pageLoad: 300000, script: 30000}, unhandledPromptBehavior: dismiss and notify, webauthn:extension:credBlob: true, webauthn:extension:largeBlob: true, webauthn:extension:minPinLength: true, webauthn:extension:prf: true, webauthn:virtualAuthenticators: true}
Element: [[ChromeDriver: chrome on windows (f7a1dfb568ee62d28ec442db09b58080)] -&amp;gt; id: otp-match-now]
Session ID: f7a1dfb568ee62d28ec442db09b58080">
      <![CDATA[org.openqa.selenium.ElementNotInteractableException: element not interactable
  (Session info: chrome=127.0.6533.74)
Build info: version: '4.22.0', revision: 'c5f3146703*'
System info: os.name: 'Windows 11', os.arch: 'amd64', os.version: '10.0', java.version: '21.0.3'
Driver info: org.openqa.selenium.chrome.ChromeDriver
Command: [f7a1dfb568ee62d28ec442db09b58080, clickElement {id=f.3F3541340776F07128B1B1372060A52F.d.533796638396631D9A2077E73F56EAA2.e.30}]
Capabilities {acceptInsecureCerts: false, browserName: chrome, browserVersion: 127.0.6533.74, chrome: {chromedriverVersion: 127.0.6533.88 (a2d0cb026721..., userDataDir: C:\Windows\SystemTemp\scope...}, fedcm:accounts: true, goog:chromeOptions: {debuggerAddress: localhost:56133}, networkConnectionEnabled: false, pageLoadStrategy: normal, platformName: windows, proxy: Proxy(), se:cdp: ws://localhost:56133/devtoo..., se:cdpVersion: 127.0.6533.74, setWindowRect: true, strictFileInteractability: false, timeouts: {implicit: 0, pageLoad: 300000, script: 30000}, unhandledPromptBehavior: dismiss and notify, webauthn:extension:credBlob: true, webauthn:extension:largeBlob: true, webauthn:extension:minPinLength: true, webauthn:extension:prf: true, webauthn:virtualAuthenticators: true}
Element: [[ChromeDriver: chrome on windows (f7a1dfb568ee62d28ec442db09b58080)] -> id: otp-match-now]
Session ID: f7a1dfb568ee62d28ec442db09b58080
at org.openqa.selenium.remote.ErrorCodec.decode(ErrorCodec.java:167)
at org.openqa.selenium.remote.codec.w3c.W3CHttpResponseCodec.decode(W3CHttpResponseCodec.java:138)
at org.openqa.selenium.remote.codec.w3c.W3CHttpResponseCodec.decode(W3CHttpResponseCodec.java:50)
at org.openqa.selenium.remote.HttpCommandExecutor.execute(HttpCommandExecutor.java:190)
at org.openqa.selenium.remote.service.DriverCommandExecutor.invokeExecute(DriverCommandExecutor.java:216)
at org.openqa.selenium.remote.service.DriverCommandExecutor.execute(DriverCommandExecutor.java:174)
at org.openqa.selenium.remote.RemoteWebDriver.execute(RemoteWebDriver.java:518)
at org.openqa.selenium.remote.RemoteWebElement.execute(RemoteWebElement.java:223)
at org.openqa.selenium.remote.RemoteWebElement.click(RemoteWebElement.java:76)
at pages.DashboardPage.enterSubmitbtn(DashboardPage.java:25)
at tests.CompanyInfoTest.companyPage(CompanyInfoTest.java:23)
at java.base/java.util.ArrayList.forEach(ArrayList.java:1596)
... Removed 37 stack frames]]>
    </failure>
  </testcase> <!-- @BeforeMethod companyPage -->
  <testcase classname="tests.BaseTest" name="@AfterMethod tearDown" time="0.0">
    <skipped/>
  </testcase> <!-- @AfterMethod tearDown -->
  <testcase classname="tests.BaseTest" name="@BeforeMethod setup" time="0.0">
    <skipped/>
  </testcase> <!-- @BeforeMethod setup -->
  <testcase classname="tests.CompanyInfoTest" name="@BeforeMethod companyPage" time="0.0">
    <skipped/>
  </testcase> <!-- @BeforeMethod companyPage -->
  <testcase classname="tests.BaseTest" name="@AfterMethod tearDown" time="0.0">
    <skipped/>
  </testcase> <!-- @AfterMethod tearDown -->
  <testcase classname="tests.BaseTest" name="@BeforeMethod setup" time="0.0">
    <skipped/>
  </testcase> <!-- @BeforeMethod setup -->
  <testcase classname="tests.CompanyInfoTest" name="@BeforeMethod companyPage" time="0.0">
    <skipped/>
  </testcase> <!-- @BeforeMethod companyPage -->
  <testcase classname="tests.BaseTest" name="@AfterMethod tearDown" time="0.0">
    <skipped/>
  </testcase> <!-- @AfterMethod tearDown -->
  <testcase classname="tests.BaseTest" name="@BeforeMethod setup" time="0.0">
    <skipped/>
  </testcase> <!-- @BeforeMethod setup -->
  <testcase classname="tests.CompanyInfoTest" name="@BeforeMethod companyPage" time="0.0">
    <skipped/>
  </testcase> <!-- @BeforeMethod companyPage -->
  <testcase classname="tests.BaseTest" name="@AfterMethod tearDown" time="0.0">
    <skipped/>
  </testcase> <!-- @AfterMethod tearDown -->
  <testcase classname="tests.BaseTest" name="@BeforeMethod setup" time="0.0">
    <skipped/>
  </testcase> <!-- @BeforeMethod setup -->
  <testcase classname="tests.CompanyInfoTest" name="@BeforeMethod companyPage" time="0.0">
    <skipped/>
  </testcase> <!-- @BeforeMethod companyPage -->
  <testcase classname="tests.BaseTest" name="@AfterMethod tearDown" time="0.0">
    <skipped/>
  </testcase> <!-- @AfterMethod tearDown -->
  <testcase classname="tests.BaseTest" name="@BeforeMethod setup" time="0.0">
    <skipped/>
  </testcase> <!-- @BeforeMethod setup -->
  <testcase classname="tests.CompanyInfoTest" name="@BeforeMethod companyPage" time="0.0">
    <skipped/>
  </testcase> <!-- @BeforeMethod companyPage -->
  <testcase classname="tests.BaseTest" name="@AfterMethod tearDown" time="0.0">
    <skipped/>
  </testcase> <!-- @AfterMethod tearDown -->
  <testcase classname="tests.BaseTest" name="@BeforeMethod setup" time="0.0">
    <skipped/>
  </testcase> <!-- @BeforeMethod setup -->
  <testcase classname="tests.CompanyInfoTest" name="@BeforeMethod companyPage" time="0.0">
    <skipped/>
  </testcase> <!-- @BeforeMethod companyPage -->
  <testcase classname="tests.BaseTest" name="@AfterMethod tearDown" time="0.0">
    <skipped/>
  </testcase> <!-- @AfterMethod tearDown -->
  <testcase classname="tests.BaseTest" name="@BeforeMethod setup" time="0.0">
    <skipped/>
  </testcase> <!-- @BeforeMethod setup -->
  <testcase classname="tests.CompanyInfoTest" name="@BeforeMethod companyPage" time="0.0">
    <skipped/>
  </testcase> <!-- @BeforeMethod companyPage -->
  <testcase classname="tests.BaseTest" name="@AfterMethod tearDown" time="0.0">
    <skipped/>
  </testcase> <!-- @AfterMethod tearDown -->
  <testcase classname="tests.BaseTest" name="@BeforeMethod setup" time="0.0">
    <skipped/>
  </testcase> <!-- @BeforeMethod setup -->
  <testcase classname="tests.CompanyInfoTest" name="@BeforeMethod companyPage" time="0.0">
    <skipped/>
  </testcase> <!-- @BeforeMethod companyPage -->
  <testcase classname="tests.BaseTest" name="@AfterMethod tearDown" time="0.0">
    <skipped/>
  </testcase> <!-- @AfterMethod tearDown -->
  <testcase classname="tests.BaseTest" name="@BeforeMethod setup" time="0.0">
    <skipped/>
  </testcase> <!-- @BeforeMethod setup -->
  <testcase classname="tests.CompanyInfoTest" name="@BeforeMethod companyPage" time="0.0">
    <skipped/>
  </testcase> <!-- @BeforeMethod companyPage -->
  <testcase classname="tests.BaseTest" name="@AfterMethod tearDown" time="0.0">
    <skipped/>
  </testcase> <!-- @AfterMethod tearDown -->
  <testcase classname="tests.BaseTest" name="@BeforeMethod setup" time="0.0">
    <skipped/>
  </testcase> <!-- @BeforeMethod setup -->
  <testcase classname="tests.CompanyInfoTest" name="@BeforeMethod companyPage" time="0.0">
    <skipped/>
  </testcase> <!-- @BeforeMethod companyPage -->
  <testcase classname="tests.BaseTest" name="@AfterMethod tearDown" time="0.0">
    <skipped/>
  </testcase> <!-- @AfterMethod tearDown -->
  <testcase classname="tests.BaseTest" name="@BeforeMethod setup" time="0.0">
    <skipped/>
  </testcase> <!-- @BeforeMethod setup -->
  <testcase classname="tests.CompanyInfoTest" name="@BeforeMethod companyPage" time="0.0">
    <skipped/>
  </testcase> <!-- @BeforeMethod companyPage -->
  <testcase classname="tests.BaseTest" name="@AfterMethod tearDown" time="0.0">
    <skipped/>
  </testcase> <!-- @AfterMethod tearDown -->
  <testcase classname="tests.BaseTest" name="@BeforeMethod setup" time="0.0">
    <skipped/>
  </testcase> <!-- @BeforeMethod setup -->
  <testcase classname="tests.CompanyInfoTest" name="@BeforeMethod companyPage" time="0.0">
    <skipped/>
  </testcase> <!-- @BeforeMethod companyPage -->
  <testcase classname="tests.BaseTest" name="@AfterMethod tearDown" time="0.0">
    <skipped/>
  </testcase> <!-- @AfterMethod tearDown -->
  <testcase classname="tests.BaseTest" name="@BeforeMethod setup" time="0.0">
    <skipped/>
  </testcase> <!-- @BeforeMethod setup -->
  <testcase classname="tests.CompanyInfoTest" name="@BeforeMethod companyPage" time="0.0">
    <skipped/>
  </testcase> <!-- @BeforeMethod companyPage -->
  <testcase classname="tests.BaseTest" name="@AfterMethod tearDown" time="0.0">
    <skipped/>
  </testcase> <!-- @AfterMethod tearDown -->
  <testcase classname="tests.BaseTest" name="@BeforeMethod setup" time="0.0">
    <skipped/>
  </testcase> <!-- @BeforeMethod setup -->
  <testcase classname="tests.CompanyInfoTest" name="@BeforeMethod companyPage" time="0.0">
    <skipped/>
  </testcase> <!-- @BeforeMethod companyPage -->
  <testcase classname="tests.BaseTest" name="@AfterMethod tearDown" time="0.0">
    <skipped/>
  </testcase> <!-- @AfterMethod tearDown -->
  <testcase classname="tests.BaseTest" name="@BeforeMethod setup" time="0.0">
    <skipped/>
  </testcase> <!-- @BeforeMethod setup -->
  <testcase classname="tests.CompanyInfoTest" name="@BeforeMethod companyPage" time="0.0">
    <skipped/>
  </testcase> <!-- @BeforeMethod companyPage -->
  <testcase classname="tests.BaseTest" name="@AfterMethod tearDown" time="0.0">
    <skipped/>
  </testcase> <!-- @AfterMethod tearDown -->
  <testcase classname="tests.BaseTest" name="@BeforeMethod setup" time="0.0">
    <skipped/>
  </testcase> <!-- @BeforeMethod setup -->
  <testcase classname="tests.CompanyInfoTest" name="@BeforeMethod companyPage" time="0.0">
    <skipped/>
  </testcase> <!-- @BeforeMethod companyPage -->
  <testcase classname="tests.BaseTest" name="@AfterMethod tearDown" time="0.0">
    <skipped/>
  </testcase> <!-- @AfterMethod tearDown -->
  <testcase classname="tests.BaseTest" name="@BeforeMethod setup" time="0.0">
    <skipped/>
  </testcase> <!-- @BeforeMethod setup -->
  <testcase classname="tests.CompanyInfoTest" name="@BeforeMethod companyPage" time="0.0">
    <skipped/>
  </testcase> <!-- @BeforeMethod companyPage -->
  <testcase classname="tests.BaseTest" name="@AfterMethod tearDown" time="0.0">
    <skipped/>
  </testcase> <!-- @AfterMethod tearDown -->
  <testcase classname="tests.BaseTest" name="@BeforeMethod setup" time="0.0">
    <skipped/>
  </testcase> <!-- @BeforeMethod setup -->
  <testcase classname="tests.CompanyInfoTest" name="@BeforeMethod companyPage" time="0.0">
    <skipped/>
  </testcase> <!-- @BeforeMethod companyPage -->
  <testcase classname="tests.BaseTest" name="@AfterMethod tearDown" time="0.0">
    <skipped/>
  </testcase> <!-- @AfterMethod tearDown -->
  <testcase classname="tests.BaseTest" name="@BeforeMethod setup" time="0.0">
    <skipped/>
  </testcase> <!-- @BeforeMethod setup -->
  <testcase classname="tests.CompanyInfoTest" name="@BeforeMethod companyPage" time="0.0">
    <skipped/>
  </testcase> <!-- @BeforeMethod companyPage -->
  <testcase classname="tests.BaseTest" name="@AfterMethod tearDown" time="0.0">
    <skipped/>
  </testcase> <!-- @AfterMethod tearDown -->
  <testcase classname="tests.BaseTest" name="@BeforeMethod setup" time="0.0">
    <skipped/>
  </testcase> <!-- @BeforeMethod setup -->
  <testcase classname="tests.CompanyInfoTest" name="@BeforeMethod companyPage" time="0.0">
    <skipped/>
  </testcase> <!-- @BeforeMethod companyPage -->
  <testcase classname="tests.BaseTest" name="@AfterMethod tearDown" time="0.0">
    <skipped/>
  </testcase> <!-- @AfterMethod tearDown -->
  <testcase classname="tests.BaseTest" name="@BeforeMethod setup" time="0.0">
    <skipped/>
  </testcase> <!-- @BeforeMethod setup -->
  <testcase classname="tests.CompanyInfoTest" name="@BeforeMethod companyPage" time="0.0">
    <skipped/>
  </testcase> <!-- @BeforeMethod companyPage -->
  <testcase classname="tests.BaseTest" name="@AfterMethod tearDown" time="0.0">
    <skipped/>
  </testcase> <!-- @AfterMethod tearDown -->
  <testcase classname="tests.BaseTest" name="@BeforeMethod setup" time="0.0">
    <skipped/>
  </testcase> <!-- @BeforeMethod setup -->
  <testcase classname="tests.CompanyInfoTest" name="@BeforeMethod companyPage" time="0.0">
    <skipped/>
  </testcase> <!-- @BeforeMethod companyPage -->
  <testcase classname="tests.BaseTest" name="@AfterMethod tearDown" time="0.0">
    <skipped/>
  </testcase> <!-- @AfterMethod tearDown -->
  <testcase classname="tests.BaseTest" name="@BeforeMethod setup" time="0.0">
    <skipped/>
  </testcase> <!-- @BeforeMethod setup -->
  <testcase classname="tests.CompanyInfoTest" name="@BeforeMethod companyPage" time="0.0">
    <skipped/>
  </testcase> <!-- @BeforeMethod companyPage -->
  <testcase classname="tests.BaseTest" name="@AfterMethod tearDown" time="0.0">
    <skipped/>
  </testcase> <!-- @AfterMethod tearDown -->
  <testcase classname="tests.BaseTest" name="@BeforeMethod setup" time="0.0">
    <skipped/>
  </testcase> <!-- @BeforeMethod setup -->
  <testcase classname="tests.CompanyInfoTest" name="@BeforeMethod companyPage" time="0.0">
    <skipped/>
  </testcase> <!-- @BeforeMethod companyPage -->
  <testcase classname="tests.BaseTest" name="@AfterMethod tearDown" time="0.0">
    <skipped/>
  </testcase> <!-- @AfterMethod tearDown -->
  <testcase classname="tests.BaseTest" name="@BeforeMethod setup" time="0.0">
    <skipped/>
  </testcase> <!-- @BeforeMethod setup -->
  <testcase classname="tests.CompanyInfoTest" name="@BeforeMethod companyPage" time="0.0">
    <skipped/>
  </testcase> <!-- @BeforeMethod companyPage -->
  <testcase classname="tests.BaseTest" name="@AfterMethod tearDown" time="0.0">
    <skipped/>
  </testcase> <!-- @AfterMethod tearDown -->
  <testcase classname="tests.BaseTest" name="@BeforeMethod setup" time="0.0">
    <skipped/>
  </testcase> <!-- @BeforeMethod setup -->
  <testcase classname="tests.CompanyInfoTest" name="@BeforeMethod companyPage" time="0.0">
    <skipped/>
  </testcase> <!-- @BeforeMethod companyPage -->
  <testcase classname="tests.BaseTest" name="@AfterMethod tearDown" time="0.0">
    <skipped/>
  </testcase> <!-- @AfterMethod tearDown -->
  <testcase classname="tests.BaseTest" name="@BeforeMethod setup" time="0.0">
    <skipped/>
  </testcase> <!-- @BeforeMethod setup -->
  <testcase classname="tests.CompanyInfoTest" name="@BeforeMethod companyPage" time="0.0">
    <skipped/>
  </testcase> <!-- @BeforeMethod companyPage -->
  <testcase classname="tests.BaseTest" name="@AfterMethod tearDown" time="0.0">
    <skipped/>
  </testcase> <!-- @AfterMethod tearDown -->
  <testcase classname="tests.BaseTest" name="@BeforeMethod setup" time="0.0">
    <skipped/>
  </testcase> <!-- @BeforeMethod setup -->
  <testcase classname="tests.CompanyInfoTest" name="@BeforeMethod companyPage" time="0.0">
    <skipped/>
  </testcase> <!-- @BeforeMethod companyPage -->
  <testcase classname="tests.BaseTest" name="@AfterMethod tearDown" time="0.0">
    <skipped/>
  </testcase> <!-- @AfterMethod tearDown -->
  <testcase classname="tests.BaseTest" name="@BeforeMethod setup" time="0.0">
    <skipped/>
  </testcase> <!-- @BeforeMethod setup -->
  <testcase classname="tests.CompanyInfoTest" name="@BeforeMethod companyPage" time="0.0">
    <skipped/>
  </testcase> <!-- @BeforeMethod companyPage -->
  <testcase classname="tests.BaseTest" name="@AfterMethod tearDown" time="0.0">
    <skipped/>
  </testcase> <!-- @AfterMethod tearDown -->
  <testcase classname="tests.BaseTest" name="@BeforeMethod setup" time="0.0">
    <skipped/>
  </testcase> <!-- @BeforeMethod setup -->
  <testcase classname="tests.CompanyInfoTest" name="@BeforeMethod companyPage" time="0.0">
    <skipped/>
  </testcase> <!-- @BeforeMethod companyPage -->
  <testcase classname="tests.BaseTest" name="@AfterMethod tearDown" time="0.0">
    <skipped/>
  </testcase> <!-- @AfterMethod tearDown -->
  <testcase classname="tests.BaseTest" name="@BeforeMethod setup" time="0.0">
    <skipped/>
  </testcase> <!-- @BeforeMethod setup -->
  <testcase classname="tests.CompanyInfoTest" name="@BeforeMethod companyPage" time="0.0">
    <skipped/>
  </testcase> <!-- @BeforeMethod companyPage -->
  <testcase classname="tests.BaseTest" name="@AfterMethod tearDown" time="0.0">
    <skipped/>
  </testcase> <!-- @AfterMethod tearDown -->
  <testcase classname="tests.BaseTest" name="@BeforeMethod setup" time="0.0">
    <skipped/>
  </testcase> <!-- @BeforeMethod setup -->
  <testcase classname="tests.CompanyInfoTest" name="@BeforeMethod companyPage" time="0.0">
    <skipped/>
  </testcase> <!-- @BeforeMethod companyPage -->
  <testcase classname="tests.BaseTest" name="@AfterMethod tearDown" time="0.0">
    <skipped/>
  </testcase> <!-- @AfterMethod tearDown -->
  <testcase classname="tests.BaseTest" name="@BeforeMethod setup" time="0.0">
    <skipped/>
  </testcase> <!-- @BeforeMethod setup -->
  <testcase classname="tests.CompanyInfoTest" name="@BeforeMethod companyPage" time="0.0">
    <skipped/>
  </testcase> <!-- @BeforeMethod companyPage -->
  <testcase classname="tests.BaseTest" name="@AfterMethod tearDown" time="0.0">
    <skipped/>
  </testcase> <!-- @AfterMethod tearDown -->
  <testcase classname="tests.BaseTest" name="@BeforeMethod setup" time="0.0">
    <skipped/>
  </testcase> <!-- @BeforeMethod setup -->
  <testcase classname="tests.CompanyInfoTest" name="@BeforeMethod companyPage" time="0.0">
    <skipped/>
  </testcase> <!-- @BeforeMethod companyPage -->
  <testcase classname="tests.BaseTest" name="@AfterMethod tearDown" time="0.0">
    <skipped/>
  </testcase> <!-- @AfterMethod tearDown -->
  <testcase classname="tests.BaseTest" name="@BeforeMethod setup" time="0.0">
    <skipped/>
  </testcase> <!-- @BeforeMethod setup -->
  <testcase classname="tests.CompanyInfoTest" name="@BeforeMethod companyPage" time="0.0">
    <skipped/>
  </testcase> <!-- @BeforeMethod companyPage -->
  <testcase classname="tests.BaseTest" name="@AfterMethod tearDown" time="0.0">
    <skipped/>
  </testcase> <!-- @AfterMethod tearDown -->
  <testcase classname="tests.BaseTest" name="@BeforeMethod setup" time="0.0">
    <skipped/>
  </testcase> <!-- @BeforeMethod setup -->
  <testcase classname="tests.CompanyInfoTest" name="@BeforeMethod companyPage" time="0.0">
    <skipped/>
  </testcase> <!-- @BeforeMethod companyPage -->
  <testcase classname="tests.BaseTest" name="@AfterMethod tearDown" time="0.0">
    <skipped/>
  </testcase> <!-- @AfterMethod tearDown -->
  <testcase classname="tests.BaseTest" name="@BeforeMethod setup" time="0.0">
    <skipped/>
  </testcase> <!-- @BeforeMethod setup -->
  <testcase classname="tests.CompanyInfoTest" name="@BeforeMethod companyPage" time="0.0">
    <skipped/>
  </testcase> <!-- @BeforeMethod companyPage -->
  <testcase classname="tests.BaseTest" name="@AfterMethod tearDown" time="0.0">
    <skipped/>
  </testcase> <!-- @AfterMethod tearDown -->
  <testcase classname="tests.BaseTest" name="@BeforeMethod setup" time="0.0">
    <skipped/>
  </testcase> <!-- @BeforeMethod setup -->
  <testcase classname="tests.CompanyInfoTest" name="@BeforeMethod companyPage" time="0.0">
    <skipped/>
  </testcase> <!-- @BeforeMethod companyPage -->
  <testcase classname="tests.BaseTest" name="@AfterMethod tearDown" time="0.0">
    <skipped/>
  </testcase> <!-- @AfterMethod tearDown -->
  <testcase classname="tests.BaseTest" name="@BeforeMethod setup" time="0.0">
    <skipped/>
  </testcase> <!-- @BeforeMethod setup -->
  <testcase classname="tests.CompanyInfoTest" name="@BeforeMethod companyPage" time="0.0">
    <skipped/>
  </testcase> <!-- @BeforeMethod companyPage -->
  <testcase classname="tests.BaseTest" name="@AfterMethod tearDown" time="0.0">
    <skipped/>
  </testcase> <!-- @AfterMethod tearDown -->
  <testcase classname="tests.BaseTest" name="@BeforeMethod setup" time="0.0">
    <skipped/>
  </testcase> <!-- @BeforeMethod setup -->
  <testcase classname="tests.CompanyInfoTest" name="@BeforeMethod companyPage" time="0.0">
    <skipped/>
  </testcase> <!-- @BeforeMethod companyPage -->
  <testcase classname="tests.BaseTest" name="@AfterMethod tearDown" time="0.0">
    <skipped/>
  </testcase> <!-- @AfterMethod tearDown -->
  <testcase classname="tests.BaseTest" name="@BeforeMethod setup" time="0.0">
    <skipped/>
  </testcase> <!-- @BeforeMethod setup -->
  <testcase classname="tests.CompanyInfoTest" name="@BeforeMethod companyPage" time="0.0">
    <skipped/>
  </testcase> <!-- @BeforeMethod companyPage -->
  <testcase classname="tests.BaseTest" name="@AfterMethod tearDown" time="0.0">
    <skipped/>
  </testcase> <!-- @AfterMethod tearDown -->
  <testcase classname="tests.BaseTest" name="@BeforeMethod setup" time="0.0">
    <skipped/>
  </testcase> <!-- @BeforeMethod setup -->
  <testcase classname="tests.CompanyInfoTest" name="@BeforeMethod companyPage" time="0.0">
    <skipped/>
  </testcase> <!-- @BeforeMethod companyPage -->
  <testcase classname="tests.BaseTest" name="@AfterMethod tearDown" time="0.0">
    <skipped/>
  </testcase> <!-- @AfterMethod tearDown -->
  <testcase classname="tests.BaseTest" name="@BeforeMethod setup" time="0.0">
    <skipped/>
  </testcase> <!-- @BeforeMethod setup -->
  <testcase classname="tests.CompanyInfoTest" name="@BeforeMethod companyPage" time="0.0">
    <skipped/>
  </testcase> <!-- @BeforeMethod companyPage -->
  <testcase classname="tests.BaseTest" name="@AfterMethod tearDown" time="0.0">
    <skipped/>
  </testcase> <!-- @AfterMethod tearDown -->
  <testcase classname="tests.BaseTest" name="@BeforeMethod setup" time="0.0">
    <skipped/>
  </testcase> <!-- @BeforeMethod setup -->
  <testcase classname="tests.CompanyInfoTest" name="@BeforeMethod companyPage" time="0.0">
    <skipped/>
  </testcase> <!-- @BeforeMethod companyPage -->
  <testcase classname="tests.BaseTest" name="@AfterMethod tearDown" time="0.0">
    <skipped/>
  </testcase> <!-- @AfterMethod tearDown -->
  <testcase classname="tests.BaseTest" name="@BeforeMethod setup" time="0.0">
    <skipped/>
  </testcase> <!-- @BeforeMethod setup -->
  <testcase classname="tests.CompanyInfoTest" name="@BeforeMethod companyPage" time="0.0">
    <skipped/>
  </testcase> <!-- @BeforeMethod companyPage -->
  <testcase classname="tests.BaseTest" name="@AfterMethod tearDown" time="0.0">
    <skipped/>
  </testcase> <!-- @AfterMethod tearDown -->
  <testcase classname="tests.BaseTest" name="@BeforeMethod setup" time="0.0">
    <skipped/>
  </testcase> <!-- @BeforeMethod setup -->
  <testcase classname="tests.CompanyInfoTest" name="@BeforeMethod companyPage" time="0.0">
    <skipped/>
  </testcase> <!-- @BeforeMethod companyPage -->
  <testcase classname="tests.BaseTest" name="@AfterMethod tearDown" time="0.0">
    <skipped/>
  </testcase> <!-- @AfterMethod tearDown -->
  <testcase classname="tests.BaseTest" name="@BeforeMethod setup" time="0.0">
    <skipped/>
  </testcase> <!-- @BeforeMethod setup -->
  <testcase classname="tests.CompanyInfoTest" name="@BeforeMethod companyPage" time="0.0">
    <skipped/>
  </testcase> <!-- @BeforeMethod companyPage -->
  <testcase classname="tests.BaseTest" name="@AfterMethod tearDown" time="0.0">
    <skipped/>
  </testcase> <!-- @AfterMethod tearDown -->
  <testcase classname="tests.BaseTest" name="@BeforeMethod setup" time="0.0">
    <skipped/>
  </testcase> <!-- @BeforeMethod setup -->
  <testcase classname="tests.CompanyInfoTest" name="@BeforeMethod companyPage" time="0.0">
    <skipped/>
  </testcase> <!-- @BeforeMethod companyPage -->
  <testcase classname="tests.BaseTest" name="@AfterMethod tearDown" time="0.0">
    <skipped/>
  </testcase> <!-- @AfterMethod tearDown -->
  <testcase classname="tests.BaseTest" name="@BeforeMethod setup" time="0.0">
    <skipped/>
  </testcase> <!-- @BeforeMethod setup -->
  <testcase classname="tests.CompanyInfoTest" name="@BeforeMethod companyPage" time="0.0">
    <skipped/>
  </testcase> <!-- @BeforeMethod companyPage -->
  <testcase classname="tests.BaseTest" name="@AfterMethod tearDown" time="0.0">
    <skipped/>
  </testcase> <!-- @AfterMethod tearDown -->
  <testcase classname="tests.BaseTest" name="@BeforeMethod setup" time="0.0">
    <skipped/>
  </testcase> <!-- @BeforeMethod setup -->
  <testcase classname="tests.CompanyInfoTest" name="@BeforeMethod companyPage" time="0.0">
    <skipped/>
  </testcase> <!-- @BeforeMethod companyPage -->
  <testcase classname="tests.BaseTest" name="@AfterMethod tearDown" time="0.0">
    <skipped/>
  </testcase> <!-- @AfterMethod tearDown -->
  <testcase classname="tests.BaseTest" name="@BeforeMethod setup" time="0.0">
    <skipped/>
  </testcase> <!-- @BeforeMethod setup -->
  <testcase classname="tests.CompanyInfoTest" name="@BeforeMethod companyPage" time="0.0">
    <skipped/>
  </testcase> <!-- @BeforeMethod companyPage -->
  <testcase classname="tests.BaseTest" name="@AfterMethod tearDown" time="0.0">
    <skipped/>
  </testcase> <!-- @AfterMethod tearDown -->
  <testcase classname="tests.BaseTest" name="@BeforeMethod setup" time="0.0">
    <skipped/>
  </testcase> <!-- @BeforeMethod setup -->
  <testcase classname="tests.CompanyInfoTest" name="@BeforeMethod companyPage" time="0.0">
    <skipped/>
  </testcase> <!-- @BeforeMethod companyPage -->
  <testcase classname="tests.BaseTest" name="@AfterMethod tearDown" time="0.0">
    <skipped/>
  </testcase> <!-- @AfterMethod tearDown -->
  <testcase classname="tests.BaseTest" name="@BeforeMethod setup" time="0.0">
    <skipped/>
  </testcase> <!-- @BeforeMethod setup -->
  <testcase classname="tests.CompanyInfoTest" name="@BeforeMethod companyPage" time="0.0">
    <skipped/>
  </testcase> <!-- @BeforeMethod companyPage -->
  <testcase classname="tests.BaseTest" name="@AfterMethod tearDown" time="0.0">
    <skipped/>
  </testcase> <!-- @AfterMethod tearDown -->
  <testcase classname="tests.BaseTest" name="@BeforeMethod setup" time="0.0">
    <skipped/>
  </testcase> <!-- @BeforeMethod setup -->
  <testcase classname="tests.CompanyInfoTest" name="@BeforeMethod companyPage" time="0.0">
    <skipped/>
  </testcase> <!-- @BeforeMethod companyPage -->
  <testcase classname="tests.BaseTest" name="@AfterMethod tearDown" time="0.0">
    <skipped/>
  </testcase> <!-- @AfterMethod tearDown -->
  <testcase classname="tests.BaseTest" name="@BeforeMethod setup" time="0.0">
    <skipped/>
  </testcase> <!-- @BeforeMethod setup -->
  <testcase classname="tests.CompanyInfoTest" name="@BeforeMethod companyPage" time="0.0">
    <skipped/>
  </testcase> <!-- @BeforeMethod companyPage -->
  <testcase classname="tests.BaseTest" name="@AfterMethod tearDown" time="0.0">
    <skipped/>
  </testcase> <!-- @AfterMethod tearDown -->
  <testcase classname="tests.BaseTest" name="@BeforeMethod setup" time="0.0">
    <skipped/>
  </testcase> <!-- @BeforeMethod setup -->
  <testcase classname="tests.CompanyInfoTest" name="@BeforeMethod companyPage" time="0.0">
    <skipped/>
  </testcase> <!-- @BeforeMethod companyPage -->
  <testcase classname="tests.BaseTest" name="@AfterMethod tearDown" time="0.0">
    <skipped/>
  </testcase> <!-- @AfterMethod tearDown -->
  <testcase classname="tests.BaseTest" name="@BeforeMethod setup" time="0.0">
    <skipped/>
  </testcase> <!-- @BeforeMethod setup -->
  <testcase classname="tests.CompanyInfoTest" name="@BeforeMethod companyPage" time="0.0">
    <skipped/>
  </testcase> <!-- @BeforeMethod companyPage -->
  <testcase classname="tests.BaseTest" name="@AfterMethod tearDown" time="0.0">
    <skipped/>
  </testcase> <!-- @AfterMethod tearDown -->
  <testcase classname="tests.BaseTest" name="@BeforeMethod setup" time="0.0">
    <skipped/>
  </testcase> <!-- @BeforeMethod setup -->
  <testcase classname="tests.CompanyInfoTest" name="@BeforeMethod companyPage" time="0.0">
    <skipped/>
  </testcase> <!-- @BeforeMethod companyPage -->
  <testcase classname="tests.BaseTest" name="@AfterMethod tearDown" time="0.0">
    <skipped/>
  </testcase> <!-- @AfterMethod tearDown -->
  <testcase classname="tests.BaseTest" name="@BeforeMethod setup" time="0.0">
    <skipped/>
  </testcase> <!-- @BeforeMethod setup -->
  <testcase classname="tests.CompanyInfoTest" name="@BeforeMethod companyPage" time="0.0">
    <skipped/>
  </testcase> <!-- @BeforeMethod companyPage -->
  <testcase classname="tests.BaseTest" name="@AfterMethod tearDown" time="0.0">
    <skipped/>
  </testcase> <!-- @AfterMethod tearDown -->
  <testcase classname="tests.BaseTest" name="@BeforeMethod setup" time="0.0">
    <skipped/>
  </testcase> <!-- @BeforeMethod setup -->
  <testcase classname="tests.CompanyInfoTest" name="@BeforeMethod companyPage" time="0.0">
    <skipped/>
  </testcase> <!-- @BeforeMethod companyPage -->
  <testcase classname="tests.BaseTest" name="@AfterMethod tearDown" time="0.0">
    <skipped/>
  </testcase> <!-- @AfterMethod tearDown -->
  <testcase classname="tests.BaseTest" name="@BeforeMethod setup" time="0.0">
    <skipped/>
  </testcase> <!-- @BeforeMethod setup -->
  <testcase classname="tests.CompanyInfoTest" name="@BeforeMethod companyPage" time="0.0">
    <skipped/>
  </testcase> <!-- @BeforeMethod companyPage -->
  <testcase classname="tests.BaseTest" name="@AfterMethod tearDown" time="0.0">
    <skipped/>
  </testcase> <!-- @AfterMethod tearDown -->
  <testcase classname="tests.BaseTest" name="@BeforeMethod setup" time="0.0">
    <skipped/>
  </testcase> <!-- @BeforeMethod setup -->
  <testcase classname="tests.CompanyInfoTest" name="@BeforeMethod companyPage" time="0.0">
    <skipped/>
  </testcase> <!-- @BeforeMethod companyPage -->
  <testcase classname="tests.BaseTest" name="@AfterMethod tearDown" time="0.0">
    <skipped/>
  </testcase> <!-- @AfterMethod tearDown -->
  <testcase classname="tests.BaseTest" name="@BeforeMethod setup" time="0.0">
    <skipped/>
  </testcase> <!-- @BeforeMethod setup -->
  <testcase classname="tests.CompanyInfoTest" name="@BeforeMethod companyPage" time="0.0">
    <skipped/>
  </testcase> <!-- @BeforeMethod companyPage -->
  <testcase classname="tests.BaseTest" name="@AfterMethod tearDown" time="0.0">
    <skipped/>
  </testcase> <!-- @AfterMethod tearDown -->
  <testcase classname="tests.BaseTest" name="@BeforeMethod setup" time="0.0">
    <skipped/>
  </testcase> <!-- @BeforeMethod setup -->
  <testcase classname="tests.CompanyInfoTest" name="@BeforeMethod companyPage" time="0.0">
    <skipped/>
  </testcase> <!-- @BeforeMethod companyPage -->
  <testcase classname="tests.BaseTest" name="@AfterMethod tearDown" time="0.0">
    <skipped/>
  </testcase> <!-- @AfterMethod tearDown -->
  <testcase classname="tests.BaseTest" name="@BeforeMethod setup" time="0.0">
    <skipped/>
  </testcase> <!-- @BeforeMethod setup -->
  <testcase classname="tests.CompanyInfoTest" name="@BeforeMethod companyPage" time="0.0">
    <skipped/>
  </testcase> <!-- @BeforeMethod companyPage -->
  <testcase classname="tests.BaseTest" name="@AfterMethod tearDown" time="0.0">
    <skipped/>
  </testcase> <!-- @AfterMethod tearDown -->
  <testcase classname="tests.BaseTest" name="@BeforeMethod setup" time="0.0">
    <skipped/>
  </testcase> <!-- @BeforeMethod setup -->
  <testcase classname="tests.CompanyInfoTest" name="@BeforeMethod companyPage" time="0.0">
    <skipped/>
  </testcase> <!-- @BeforeMethod companyPage -->
  <testcase classname="tests.BaseTest" name="@AfterMethod tearDown" time="0.0">
    <skipped/>
  </testcase> <!-- @AfterMethod tearDown -->
  <testcase classname="tests.BaseTest" name="@BeforeMethod setup" time="0.0">
    <skipped/>
  </testcase> <!-- @BeforeMethod setup -->
  <testcase classname="tests.CompanyInfoTest" name="@BeforeMethod companyPage" time="0.0">
    <skipped/>
  </testcase> <!-- @BeforeMethod companyPage -->
  <testcase classname="tests.BaseTest" name="@AfterMethod tearDown" time="0.0">
    <skipped/>
  </testcase> <!-- @AfterMethod tearDown -->
  <testcase classname="tests.BaseTest" name="@BeforeMethod setup" time="0.0">
    <skipped/>
  </testcase> <!-- @BeforeMethod setup -->
  <testcase classname="tests.CompanyInfoTest" name="@BeforeMethod companyPage" time="0.0">
    <skipped/>
  </testcase> <!-- @BeforeMethod companyPage -->
  <testcase classname="tests.BaseTest" name="@AfterMethod tearDown" time="0.0">
    <skipped/>
  </testcase> <!-- @AfterMethod tearDown -->
  <testcase classname="tests.BaseTest" name="@BeforeMethod setup" time="0.0">
    <skipped/>
  </testcase> <!-- @BeforeMethod setup -->
  <testcase classname="tests.CompanyInfoTest" name="@BeforeMethod companyPage" time="0.0">
    <skipped/>
  </testcase> <!-- @BeforeMethod companyPage -->
  <testcase classname="tests.BaseTest" name="@AfterMethod tearDown" time="0.0">
    <skipped/>
  </testcase> <!-- @AfterMethod tearDown -->
  <testcase classname="tests.BaseTest" name="@BeforeMethod setup" time="0.0">
    <skipped/>
  </testcase> <!-- @BeforeMethod setup -->
  <testcase classname="tests.CompanyInfoTest" name="@BeforeMethod companyPage" time="0.0">
    <skipped/>
  </testcase> <!-- @BeforeMethod companyPage -->
  <testcase classname="tests.BaseTest" name="@AfterMethod tearDown" time="0.0">
    <skipped/>
  </testcase> <!-- @AfterMethod tearDown -->
  <testcase classname="tests.BaseTest" name="@BeforeMethod setup" time="0.0">
    <skipped/>
  </testcase> <!-- @BeforeMethod setup -->
  <testcase classname="tests.CompanyInfoTest" name="@BeforeMethod companyPage" time="0.0">
    <skipped/>
  </testcase> <!-- @BeforeMethod companyPage -->
  <testcase classname="tests.BaseTest" name="@AfterMethod tearDown" time="0.0">
    <skipped/>
  </testcase> <!-- @AfterMethod tearDown -->
  <testcase classname="tests.DashboardPageTest" name="@BeforeMethod setPage" time="0.041">
    <failure type="org.openqa.selenium.NoSuchElementException" message="no such element: Unable to locate element: {&amp;quot;method&amp;quot;:&amp;quot;css selector&amp;quot;,&amp;quot;selector&amp;quot;:&amp;quot;#employee_username&amp;quot;}
  (Session info: chrome=127.0.6533.74)
For documentation on this error, please visit: https://www.selenium.dev/documentation/webdriver/troubleshooting/errors#no-such-element-exception
Build info: version: &amp;apos;4.22.0&amp;apos;, revision: &amp;apos;c5f3146703*&amp;apos;
System info: os.name: &amp;apos;Windows 11&amp;apos;, os.arch: &amp;apos;amd64&amp;apos;, os.version: &amp;apos;10.0&amp;apos;, java.version: &amp;apos;21.0.3&amp;apos;
Driver info: org.openqa.selenium.chrome.ChromeDriver
Command: [c0c55b7b62c9e735f1412236062e8636, findElement {using=id, value=employee_username}]
Capabilities {acceptInsecureCerts: false, browserName: chrome, browserVersion: 127.0.6533.74, chrome: {chromedriverVersion: 127.0.6533.88 (a2d0cb026721..., userDataDir: C:\Windows\SystemTemp\scope...}, fedcm:accounts: true, goog:chromeOptions: {debuggerAddress: localhost:56557}, networkConnectionEnabled: false, pageLoadStrategy: normal, platformName: windows, proxy: Proxy(), se:cdp: ws://localhost:56557/devtoo..., se:cdpVersion: 127.0.6533.74, setWindowRect: true, strictFileInteractability: false, timeouts: {implicit: 0, pageLoad: 300000, script: 30000}, unhandledPromptBehavior: dismiss and notify, webauthn:extension:credBlob: true, webauthn:extension:largeBlob: true, webauthn:extension:minPinLength: true, webauthn:extension:prf: true, webauthn:virtualAuthenticators: true}
Session ID: c0c55b7b62c9e735f1412236062e8636">
      <![CDATA[org.openqa.selenium.NoSuchElementException: no such element: Unable to locate element: {"method":"css selector","selector":"#employee_username"}
  (Session info: chrome=127.0.6533.74)
For documentation on this error, please visit: https://www.selenium.dev/documentation/webdriver/troubleshooting/errors#no-such-element-exception
Build info: version: '4.22.0', revision: 'c5f3146703*'
System info: os.name: 'Windows 11', os.arch: 'amd64', os.version: '10.0', java.version: '21.0.3'
Driver info: org.openqa.selenium.chrome.ChromeDriver
Command: [c0c55b7b62c9e735f1412236062e8636, findElement {using=id, value=employee_username}]
Capabilities {acceptInsecureCerts: false, browserName: chrome, browserVersion: 127.0.6533.74, chrome: {chromedriverVersion: 127.0.6533.88 (a2d0cb026721..., userDataDir: C:\Windows\SystemTemp\scope...}, fedcm:accounts: true, goog:chromeOptions: {debuggerAddress: localhost:56557}, networkConnectionEnabled: false, pageLoadStrategy: normal, platformName: windows, proxy: Proxy(), se:cdp: ws://localhost:56557/devtoo..., se:cdpVersion: 127.0.6533.74, setWindowRect: true, strictFileInteractability: false, timeouts: {implicit: 0, pageLoad: 300000, script: 30000}, unhandledPromptBehavior: dismiss and notify, webauthn:extension:credBlob: true, webauthn:extension:largeBlob: true, webauthn:extension:minPinLength: true, webauthn:extension:prf: true, webauthn:virtualAuthenticators: true}
Session ID: c0c55b7b62c9e735f1412236062e8636
at org.openqa.selenium.remote.ErrorCodec.decode(ErrorCodec.java:167)
at org.openqa.selenium.remote.codec.w3c.W3CHttpResponseCodec.decode(W3CHttpResponseCodec.java:138)
at org.openqa.selenium.remote.codec.w3c.W3CHttpResponseCodec.decode(W3CHttpResponseCodec.java:50)
at org.openqa.selenium.remote.HttpCommandExecutor.execute(HttpCommandExecutor.java:190)
at org.openqa.selenium.remote.service.DriverCommandExecutor.invokeExecute(DriverCommandExecutor.java:216)
at org.openqa.selenium.remote.service.DriverCommandExecutor.execute(DriverCommandExecutor.java:174)
at org.openqa.selenium.remote.RemoteWebDriver.execute(RemoteWebDriver.java:518)
at org.openqa.selenium.remote.ElementLocation$ElementFinder$2.findElement(ElementLocation.java:165)
at org.openqa.selenium.remote.ElementLocation.findElement(ElementLocation.java:66)
at org.openqa.selenium.remote.RemoteWebDriver.findElement(RemoteWebDriver.java:355)
at org.openqa.selenium.remote.RemoteWebDriver.findElement(RemoteWebDriver.java:349)
at pages.LoginPage.enterUsername(LoginPage.java:31)
at pages.LoginPage.enterValidCredential(LoginPage.java:64)
at tests.DashboardPageTest.setPage(DashboardPageTest.java:21)
at java.base/java.util.ArrayList.forEach(ArrayList.java:1596)
... Removed 37 stack frames]]>
    </failure>
  </testcase> <!-- @BeforeMethod setPage -->
  <testcase classname="tests.BaseTest" name="@AfterMethod tearDown" time="0.0">
    <skipped/>
  </testcase> <!-- @AfterMethod tearDown -->
  <testcase classname="tests.BaseTest" name="@BeforeMethod setup" time="0.0">
    <skipped/>
  </testcase> <!-- @BeforeMethod setup -->
  <testcase classname="tests.DashboardPageTest" name="@BeforeMethod setPage" time="0.0">
    <skipped/>
  </testcase> <!-- @BeforeMethod setPage -->
  <testcase classname="tests.BaseTest" name="@AfterMethod tearDown" time="0.0">
    <skipped/>
  </testcase> <!-- @AfterMethod tearDown -->
  <testcase classname="tests.BaseTest" name="@BeforeMethod setup" time="0.0">
    <skipped/>
  </testcase> <!-- @BeforeMethod setup -->
  <testcase classname="tests.DashboardPageTest" name="@BeforeMethod setPage" time="0.0">
    <skipped/>
  </testcase> <!-- @BeforeMethod setPage -->
  <testcase classname="tests.BaseTest" name="@AfterMethod tearDown" time="0.0">
    <skipped/>
  </testcase> <!-- @AfterMethod tearDown -->
  <testcase classname="tests.BaseTest" name="@BeforeMethod setup" time="0.0">
    <skipped/>
  </testcase> <!-- @BeforeMethod setup -->
  <testcase classname="tests.DashboardPageTest" name="@BeforeMethod setPage" time="0.0">
    <skipped/>
  </testcase> <!-- @BeforeMethod setPage -->
  <testcase classname="tests.BaseTest" name="@AfterMethod tearDown" time="0.0">
    <skipped/>
  </testcase> <!-- @AfterMethod tearDown -->
  <testcase classname="tests.BaseTest" name="@BeforeMethod setup" time="0.0">
    <skipped/>
  </testcase> <!-- @BeforeMethod setup -->
  <testcase classname="tests.DashboardPageTest" name="@BeforeMethod setPage" time="0.0">
    <skipped/>
  </testcase> <!-- @BeforeMethod setPage -->
  <testcase classname="tests.BaseTest" name="@AfterMethod tearDown" time="0.0">
    <skipped/>
  </testcase> <!-- @AfterMethod tearDown -->
  <testcase classname="tests.MerchantListTest" name="@BeforeMethod companyPage" time="4.276">
    <failure type="org.openqa.selenium.ElementNotInteractableException" message="element not interactable
  (Session info: chrome=127.0.6533.74)
Build info: version: &amp;apos;4.22.0&amp;apos;, revision: &amp;apos;c5f3146703*&amp;apos;
System info: os.name: &amp;apos;Windows 11&amp;apos;, os.arch: &amp;apos;amd64&amp;apos;, os.version: &amp;apos;10.0&amp;apos;, java.version: &amp;apos;21.0.3&amp;apos;
Driver info: org.openqa.selenium.chrome.ChromeDriver
Command: [4f7f8f971f148e36a8e40ce495b9bca8, clickElement {id=f.E1A34BEAD739EB7C07EB4334D0E4C0F2.d.A1F459A2570B0DE014CB16F603E8D7A0.e.30}]
Capabilities {acceptInsecureCerts: false, browserName: chrome, browserVersion: 127.0.6533.74, chrome: {chromedriverVersion: 127.0.6533.88 (a2d0cb026721..., userDataDir: C:\Windows\SystemTemp\scope...}, fedcm:accounts: true, goog:chromeOptions: {debuggerAddress: localhost:56782}, networkConnectionEnabled: false, pageLoadStrategy: normal, platformName: windows, proxy: Proxy(), se:cdp: ws://localhost:56782/devtoo..., se:cdpVersion: 127.0.6533.74, setWindowRect: true, strictFileInteractability: false, timeouts: {implicit: 0, pageLoad: 300000, script: 30000}, unhandledPromptBehavior: dismiss and notify, webauthn:extension:credBlob: true, webauthn:extension:largeBlob: true, webauthn:extension:minPinLength: true, webauthn:extension:prf: true, webauthn:virtualAuthenticators: true}
Element: [[ChromeDriver: chrome on windows (4f7f8f971f148e36a8e40ce495b9bca8)] -&amp;gt; id: otp-match-now]
Session ID: 4f7f8f971f148e36a8e40ce495b9bca8">
      <![CDATA[org.openqa.selenium.ElementNotInteractableException: element not interactable
  (Session info: chrome=127.0.6533.74)
Build info: version: '4.22.0', revision: 'c5f3146703*'
System info: os.name: 'Windows 11', os.arch: 'amd64', os.version: '10.0', java.version: '21.0.3'
Driver info: org.openqa.selenium.chrome.ChromeDriver
Command: [4f7f8f971f148e36a8e40ce495b9bca8, clickElement {id=f.E1A34BEAD739EB7C07EB4334D0E4C0F2.d.A1F459A2570B0DE014CB16F603E8D7A0.e.30}]
Capabilities {acceptInsecureCerts: false, browserName: chrome, browserVersion: 127.0.6533.74, chrome: {chromedriverVersion: 127.0.6533.88 (a2d0cb026721..., userDataDir: C:\Windows\SystemTemp\scope...}, fedcm:accounts: true, goog:chromeOptions: {debuggerAddress: localhost:56782}, networkConnectionEnabled: false, pageLoadStrategy: normal, platformName: windows, proxy: Proxy(), se:cdp: ws://localhost:56782/devtoo..., se:cdpVersion: 127.0.6533.74, setWindowRect: true, strictFileInteractability: false, timeouts: {implicit: 0, pageLoad: 300000, script: 30000}, unhandledPromptBehavior: dismiss and notify, webauthn:extension:credBlob: true, webauthn:extension:largeBlob: true, webauthn:extension:minPinLength: true, webauthn:extension:prf: true, webauthn:virtualAuthenticators: true}
Element: [[ChromeDriver: chrome on windows (4f7f8f971f148e36a8e40ce495b9bca8)] -> id: otp-match-now]
Session ID: 4f7f8f971f148e36a8e40ce495b9bca8
at org.openqa.selenium.remote.ErrorCodec.decode(ErrorCodec.java:167)
at org.openqa.selenium.remote.codec.w3c.W3CHttpResponseCodec.decode(W3CHttpResponseCodec.java:138)
at org.openqa.selenium.remote.codec.w3c.W3CHttpResponseCodec.decode(W3CHttpResponseCodec.java:50)
at org.openqa.selenium.remote.HttpCommandExecutor.execute(HttpCommandExecutor.java:190)
at org.openqa.selenium.remote.service.DriverCommandExecutor.invokeExecute(DriverCommandExecutor.java:216)
at org.openqa.selenium.remote.service.DriverCommandExecutor.execute(DriverCommandExecutor.java:174)
at org.openqa.selenium.remote.RemoteWebDriver.execute(RemoteWebDriver.java:518)
at org.openqa.selenium.remote.RemoteWebElement.execute(RemoteWebElement.java:223)
at org.openqa.selenium.remote.RemoteWebElement.click(RemoteWebElement.java:76)
at pages.DashboardPage.enterSubmitbtn(DashboardPage.java:25)
at tests.MerchantListTest.companyPage(MerchantListTest.java:17)
at java.base/java.util.ArrayList.forEach(ArrayList.java:1596)
... Removed 37 stack frames]]>
    </failure>
  </testcase> <!-- @BeforeMethod companyPage -->
  <testcase classname="tests.BaseTest" name="@AfterMethod tearDown" time="0.0">
    <skipped/>
  </testcase> <!-- @AfterMethod tearDown -->
  <testcase classname="tests.BaseTest" name="@BeforeMethod setup" time="0.0">
    <skipped/>
  </testcase> <!-- @BeforeMethod setup -->
  <testcase classname="tests.MerchantListTest" name="@BeforeMethod companyPage" time="0.0">
    <skipped/>
  </testcase> <!-- @BeforeMethod companyPage -->
  <testcase classname="tests.BaseTest" name="@AfterMethod tearDown" time="0.0">
    <skipped/>
  </testcase> <!-- @AfterMethod tearDown -->
  <testcase classname="tests.BaseTest" name="@BeforeMethod setup" time="0.0">
    <skipped/>
  </testcase> <!-- @BeforeMethod setup -->
  <testcase classname="tests.MerchantListTest" name="@BeforeMethod companyPage" time="0.0">
    <skipped/>
  </testcase> <!-- @BeforeMethod companyPage -->
  <testcase classname="tests.BaseTest" name="@AfterMethod tearDown" time="0.0">
    <skipped/>
  </testcase> <!-- @AfterMethod tearDown -->
  <testcase classname="tests.BaseTest" name="@BeforeMethod setup" time="0.0">
    <skipped/>
  </testcase> <!-- @BeforeMethod setup -->
  <testcase classname="tests.MerchantListTest" name="@BeforeMethod companyPage" time="0.0">
    <skipped/>
  </testcase> <!-- @BeforeMethod companyPage -->
  <testcase classname="tests.BaseTest" name="@AfterMethod tearDown" time="0.0">
    <skipped/>
  </testcase> <!-- @AfterMethod tearDown -->
  <testcase classname="tests.BaseTest" name="@BeforeMethod setup" time="0.0">
    <skipped/>
  </testcase> <!-- @BeforeMethod setup -->
  <testcase classname="tests.MerchantListTest" name="@BeforeMethod companyPage" time="0.0">
    <skipped/>
  </testcase> <!-- @BeforeMethod companyPage -->
  <testcase classname="tests.BaseTest" name="@AfterMethod tearDown" time="0.0">
    <skipped/>
  </testcase> <!-- @AfterMethod tearDown -->
  <testcase classname="tests.BaseTest" name="@BeforeMethod setup" time="0.0">
    <skipped/>
  </testcase> <!-- @BeforeMethod setup -->
  <testcase classname="tests.MerchantListTest" name="@BeforeMethod companyPage" time="0.0">
    <skipped/>
  </testcase> <!-- @BeforeMethod companyPage -->
  <testcase classname="tests.BaseTest" name="@AfterMethod tearDown" time="0.0">
    <skipped/>
  </testcase> <!-- @AfterMethod tearDown -->
  <testcase classname="tests.BaseTest" name="@BeforeMethod setup" time="0.0">
    <skipped/>
  </testcase> <!-- @BeforeMethod setup -->
  <testcase classname="tests.MerchantListTest" name="@BeforeMethod companyPage" time="0.0">
    <skipped/>
  </testcase> <!-- @BeforeMethod companyPage -->
  <testcase classname="tests.BaseTest" name="@AfterMethod tearDown" time="0.0">
    <skipped/>
  </testcase> <!-- @AfterMethod tearDown -->
  <testcase classname="tests.BaseTest" name="@BeforeMethod setup" time="0.0">
    <skipped/>
  </testcase> <!-- @BeforeMethod setup -->
  <testcase classname="tests.MerchantListTest" name="@BeforeMethod companyPage" time="0.0">
    <skipped/>
  </testcase> <!-- @BeforeMethod companyPage -->
  <testcase classname="tests.BaseTest" name="@AfterMethod tearDown" time="0.0">
    <skipped/>
  </testcase> <!-- @AfterMethod tearDown -->
  <testcase classname="tests.BaseTest" name="@BeforeMethod setup" time="0.0">
    <skipped/>
  </testcase> <!-- @BeforeMethod setup -->
  <testcase classname="tests.MerchantListTest" name="@BeforeMethod companyPage" time="0.0">
    <skipped/>
  </testcase> <!-- @BeforeMethod companyPage -->
  <testcase classname="tests.BaseTest" name="@AfterMethod tearDown" time="0.0">
    <skipped/>
  </testcase> <!-- @AfterMethod tearDown -->
  <testcase classname="tests.BaseTest" name="@BeforeMethod setup" time="1.668">
    <failure type="org.openqa.selenium.WebDriverException" message="unknown error: net::ERR_ADDRESS_UNREACHABLE
  (Session info: chrome=127.0.6533.74)
Build info: version: &amp;apos;4.22.0&amp;apos;, revision: &amp;apos;c5f3146703*&amp;apos;
System info: os.name: &amp;apos;Windows 11&amp;apos;, os.arch: &amp;apos;amd64&amp;apos;, os.version: &amp;apos;10.0&amp;apos;, java.version: &amp;apos;21.0.3&amp;apos;
Driver info: org.openqa.selenium.chrome.ChromeDriver
Command: [7daf7bacfd3919ff863ad889c959cba0, get {url=https://stageadmin.appxpay.com/login}]
Capabilities {acceptInsecureCerts: false, browserName: chrome, browserVersion: 127.0.6533.74, chrome: {chromedriverVersion: 127.0.6533.88 (a2d0cb026721..., userDataDir: C:\Windows\SystemTemp\scope...}, fedcm:accounts: true, goog:chromeOptions: {debuggerAddress: localhost:57885}, networkConnectionEnabled: false, pageLoadStrategy: normal, platformName: windows, proxy: Proxy(), se:cdp: ws://localhost:57885/devtoo..., se:cdpVersion: 127.0.6533.74, setWindowRect: true, strictFileInteractability: false, timeouts: {implicit: 0, pageLoad: 300000, script: 30000}, unhandledPromptBehavior: dismiss and notify, webauthn:extension:credBlob: true, webauthn:extension:largeBlob: true, webauthn:extension:minPinLength: true, webauthn:extension:prf: true, webauthn:virtualAuthenticators: true}
Session ID: 7daf7bacfd3919ff863ad889c959cba0">
      <![CDATA[org.openqa.selenium.WebDriverException: unknown error: net::ERR_ADDRESS_UNREACHABLE
  (Session info: chrome=127.0.6533.74)
Build info: version: '4.22.0', revision: 'c5f3146703*'
System info: os.name: 'Windows 11', os.arch: 'amd64', os.version: '10.0', java.version: '21.0.3'
Driver info: org.openqa.selenium.chrome.ChromeDriver
Command: [7daf7bacfd3919ff863ad889c959cba0, get {url=https://stageadmin.appxpay.com/login}]
Capabilities {acceptInsecureCerts: false, browserName: chrome, browserVersion: 127.0.6533.74, chrome: {chromedriverVersion: 127.0.6533.88 (a2d0cb026721..., userDataDir: C:\Windows\SystemTemp\scope...}, fedcm:accounts: true, goog:chromeOptions: {debuggerAddress: localhost:57885}, networkConnectionEnabled: false, pageLoadStrategy: normal, platformName: windows, proxy: Proxy(), se:cdp: ws://localhost:57885/devtoo..., se:cdpVersion: 127.0.6533.74, setWindowRect: true, strictFileInteractability: false, timeouts: {implicit: 0, pageLoad: 300000, script: 30000}, unhandledPromptBehavior: dismiss and notify, webauthn:extension:credBlob: true, webauthn:extension:largeBlob: true, webauthn:extension:minPinLength: true, webauthn:extension:prf: true, webauthn:virtualAuthenticators: true}
Session ID: 7daf7bacfd3919ff863ad889c959cba0
at org.openqa.selenium.remote.ErrorCodec.decode(ErrorCodec.java:167)
at org.openqa.selenium.remote.codec.w3c.W3CHttpResponseCodec.decode(W3CHttpResponseCodec.java:138)
at org.openqa.selenium.remote.codec.w3c.W3CHttpResponseCodec.decode(W3CHttpResponseCodec.java:50)
at org.openqa.selenium.remote.HttpCommandExecutor.execute(HttpCommandExecutor.java:190)
at org.openqa.selenium.remote.service.DriverCommandExecutor.invokeExecute(DriverCommandExecutor.java:216)
at org.openqa.selenium.remote.service.DriverCommandExecutor.execute(DriverCommandExecutor.java:174)
at org.openqa.selenium.remote.RemoteWebDriver.execute(RemoteWebDriver.java:518)
at org.openqa.selenium.remote.RemoteWebDriver.get(RemoteWebDriver.java:300)
at tests.BaseTest.setup(BaseTest.java:43)
at java.base/java.util.ArrayList.forEach(ArrayList.java:1596)
... Removed 37 stack frames]]>
    </failure>
  </testcase> <!-- @BeforeMethod setup -->
  <testcase classname="tests.transactionTest" name="@BeforeMethod vendorList" time="0.0">
    <skipped/>
  </testcase> <!-- @BeforeMethod vendorList -->
  <testcase classname="tests.BaseTest" name="@AfterMethod tearDown" time="0.0">
    <skipped/>
  </testcase> <!-- @AfterMethod tearDown -->
  <testcase classname="tests.BaseTest" name="@BeforeMethod setup" time="1.683">
    <failure type="org.openqa.selenium.WebDriverException" message="unknown error: net::ERR_ADDRESS_UNREACHABLE
  (Session info: chrome=127.0.6533.74)
Build info: version: &amp;apos;4.22.0&amp;apos;, revision: &amp;apos;c5f3146703*&amp;apos;
System info: os.name: &amp;apos;Windows 11&amp;apos;, os.arch: &amp;apos;amd64&amp;apos;, os.version: &amp;apos;10.0&amp;apos;, java.version: &amp;apos;21.0.3&amp;apos;
Driver info: org.openqa.selenium.chrome.ChromeDriver
Command: [dbaf8bf64d61d1c7862a71f6cbf99be8, get {url=https://stageadmin.appxpay.com/login}]
Capabilities {acceptInsecureCerts: false, browserName: chrome, browserVersion: 127.0.6533.74, chrome: {chromedriverVersion: 127.0.6533.88 (a2d0cb026721..., userDataDir: C:\Windows\SystemTemp\scope...}, fedcm:accounts: true, goog:chromeOptions: {debuggerAddress: localhost:57907}, networkConnectionEnabled: false, pageLoadStrategy: normal, platformName: windows, proxy: Proxy(), se:cdp: ws://localhost:57907/devtoo..., se:cdpVersion: 127.0.6533.74, setWindowRect: true, strictFileInteractability: false, timeouts: {implicit: 0, pageLoad: 300000, script: 30000}, unhandledPromptBehavior: dismiss and notify, webauthn:extension:credBlob: true, webauthn:extension:largeBlob: true, webauthn:extension:minPinLength: true, webauthn:extension:prf: true, webauthn:virtualAuthenticators: true}
Session ID: dbaf8bf64d61d1c7862a71f6cbf99be8">
      <![CDATA[org.openqa.selenium.WebDriverException: unknown error: net::ERR_ADDRESS_UNREACHABLE
  (Session info: chrome=127.0.6533.74)
Build info: version: '4.22.0', revision: 'c5f3146703*'
System info: os.name: 'Windows 11', os.arch: 'amd64', os.version: '10.0', java.version: '21.0.3'
Driver info: org.openqa.selenium.chrome.ChromeDriver
Command: [dbaf8bf64d61d1c7862a71f6cbf99be8, get {url=https://stageadmin.appxpay.com/login}]
Capabilities {acceptInsecureCerts: false, browserName: chrome, browserVersion: 127.0.6533.74, chrome: {chromedriverVersion: 127.0.6533.88 (a2d0cb026721..., userDataDir: C:\Windows\SystemTemp\scope...}, fedcm:accounts: true, goog:chromeOptions: {debuggerAddress: localhost:57907}, networkConnectionEnabled: false, pageLoadStrategy: normal, platformName: windows, proxy: Proxy(), se:cdp: ws://localhost:57907/devtoo..., se:cdpVersion: 127.0.6533.74, setWindowRect: true, strictFileInteractability: false, timeouts: {implicit: 0, pageLoad: 300000, script: 30000}, unhandledPromptBehavior: dismiss and notify, webauthn:extension:credBlob: true, webauthn:extension:largeBlob: true, webauthn:extension:minPinLength: true, webauthn:extension:prf: true, webauthn:virtualAuthenticators: true}
Session ID: dbaf8bf64d61d1c7862a71f6cbf99be8
at org.openqa.selenium.remote.ErrorCodec.decode(ErrorCodec.java:167)
at org.openqa.selenium.remote.codec.w3c.W3CHttpResponseCodec.decode(W3CHttpResponseCodec.java:138)
at org.openqa.selenium.remote.codec.w3c.W3CHttpResponseCodec.decode(W3CHttpResponseCodec.java:50)
at org.openqa.selenium.remote.HttpCommandExecutor.execute(HttpCommandExecutor.java:190)
at org.openqa.selenium.remote.service.DriverCommandExecutor.invokeExecute(DriverCommandExecutor.java:216)
at org.openqa.selenium.remote.service.DriverCommandExecutor.execute(DriverCommandExecutor.java:174)
at org.openqa.selenium.remote.RemoteWebDriver.execute(RemoteWebDriver.java:518)
at org.openqa.selenium.remote.RemoteWebDriver.get(RemoteWebDriver.java:300)
at tests.BaseTest.setup(BaseTest.java:43)
at java.base/java.util.ArrayList.forEach(ArrayList.java:1596)
... Removed 37 stack frames]]>
    </failure>
  </testcase> <!-- @BeforeMethod setup -->
  <testcase classname="tests.VendorListTest" name="@BeforeMethod vendorList" time="0.0">
    <skipped/>
  </testcase> <!-- @BeforeMethod vendorList -->
  <testcase classname="tests.BaseTest" name="@AfterMethod tearDown" time="0.0">
    <skipped/>
  </testcase> <!-- @AfterMethod tearDown -->
  <testcase classname="tests.BaseTest" name="@BeforeMethod setup" time="0.0">
    <skipped/>
  </testcase> <!-- @BeforeMethod setup -->
  <testcase classname="tests.VendorListTest" name="@BeforeMethod vendorList" time="0.0">
    <skipped/>
  </testcase> <!-- @BeforeMethod vendorList -->
  <testcase classname="tests.BaseTest" name="@AfterMethod tearDown" time="0.0">
    <skipped/>
  </testcase> <!-- @AfterMethod tearDown -->
  <testcase classname="tests.BaseTest" name="@BeforeMethod setup" time="0.0">
    <skipped/>
  </testcase> <!-- @BeforeMethod setup -->
  <testcase classname="tests.VendorListTest" name="@BeforeMethod vendorList" time="0.0">
    <skipped/>
  </testcase> <!-- @BeforeMethod vendorList -->
  <testcase classname="tests.BaseTest" name="@AfterMethod tearDown" time="0.0">
    <skipped/>
  </testcase> <!-- @AfterMethod tearDown -->
  <testcase classname="tests.BaseTest" name="@BeforeMethod setup" time="0.0">
    <skipped/>
  </testcase> <!-- @BeforeMethod setup -->
  <testcase classname="tests.VendorListTest" name="@BeforeMethod vendorList" time="0.0">
    <skipped/>
  </testcase> <!-- @BeforeMethod vendorList -->
  <testcase classname="tests.BaseTest" name="@AfterMethod tearDown" time="0.0">
    <skipped/>
  </testcase> <!-- @AfterMethod tearDown -->
  <testcase classname="tests.BaseTest" name="@BeforeMethod setup" time="0.0">
    <skipped/>
  </testcase> <!-- @BeforeMethod setup -->
  <testcase classname="tests.VendorListTest" name="@BeforeMethod vendorList" time="0.0">
    <skipped/>
  </testcase> <!-- @BeforeMethod vendorList -->
  <testcase classname="tests.BaseTest" name="@AfterMethod tearDown" time="0.0">
    <skipped/>
  </testcase> <!-- @AfterMethod tearDown -->
  <testcase classname="tests.BaseTest" name="@BeforeMethod setup" time="0.0">
    <skipped/>
  </testcase> <!-- @BeforeMethod setup -->
  <testcase classname="tests.VendorListTest" name="@BeforeMethod vendorList" time="0.0">
    <skipped/>
  </testcase> <!-- @BeforeMethod vendorList -->
  <testcase classname="tests.BaseTest" name="@AfterMethod tearDown" time="0.0">
    <skipped/>
  </testcase> <!-- @AfterMethod tearDown -->
  <testcase classname="tests.BaseTest" name="@BeforeMethod setup" time="0.0">
    <skipped/>
  </testcase> <!-- @BeforeMethod setup -->
  <testcase classname="tests.VendorListTest" name="@BeforeMethod vendorList" time="0.0">
    <skipped/>
  </testcase> <!-- @BeforeMethod vendorList -->
  <testcase classname="tests.BaseTest" name="@AfterMethod tearDown" time="0.0">
    <skipped/>
  </testcase> <!-- @AfterMethod tearDown -->
  <testcase classname="tests.BaseTest" name="@BeforeMethod setup" time="0.0">
    <skipped/>
  </testcase> <!-- @BeforeMethod setup -->
  <testcase classname="tests.VendorListTest" name="@BeforeMethod vendorList" time="0.0">
    <skipped/>
  </testcase> <!-- @BeforeMethod vendorList -->
  <testcase classname="tests.BaseTest" name="@AfterMethod tearDown" time="0.0">
    <skipped/>
  </testcase> <!-- @AfterMethod tearDown -->
  <testcase classname="tests.BaseTest" name="@BeforeMethod setup" time="0.0">
    <skipped/>
  </testcase> <!-- @BeforeMethod setup -->
  <testcase classname="tests.VendorListTest" name="@BeforeMethod vendorList" time="0.0">
    <skipped/>
  </testcase> <!-- @BeforeMethod vendorList -->
  <testcase classname="tests.BaseTest" name="@AfterMethod tearDown" time="0.0">
    <skipped/>
  </testcase> <!-- @AfterMethod tearDown -->
  <testcase classname="tests.BaseTest" name="@BeforeMethod setup" time="0.0">
    <skipped/>
  </testcase> <!-- @BeforeMethod setup -->
  <testcase classname="tests.VendorListTest" name="@BeforeMethod vendorList" time="0.0">
    <skipped/>
  </testcase> <!-- @BeforeMethod vendorList -->
  <testcase classname="tests.BaseTest" name="@AfterMethod tearDown" time="0.0">
    <skipped/>
  </testcase> <!-- @AfterMethod tearDown -->
  <testcase classname="tests.BaseTest" name="@BeforeMethod setup" time="0.0">
    <skipped/>
  </testcase> <!-- @BeforeMethod setup -->
  <testcase classname="tests.VendorListTest" name="@BeforeMethod vendorList" time="0.0">
    <skipped/>
  </testcase> <!-- @BeforeMethod vendorList -->
  <testcase classname="tests.BaseTest" name="@AfterMethod tearDown" time="0.0">
    <skipped/>
  </testcase> <!-- @AfterMethod tearDown -->
  <testcase classname="tests.BaseTest" name="@BeforeMethod setup" time="0.0">
    <skipped/>
  </testcase> <!-- @BeforeMethod setup -->
  <testcase classname="tests.VendorListTest" name="@BeforeMethod vendorList" time="0.0">
    <skipped/>
  </testcase> <!-- @BeforeMethod vendorList -->
  <testcase classname="tests.BaseTest" name="@AfterMethod tearDown" time="0.0">
    <skipped/>
  </testcase> <!-- @AfterMethod tearDown -->
  <testcase classname="tests.VendorRegistrationTest" name="@BeforeMethod setPage" time="4.279">
    <failure type="org.openqa.selenium.ElementNotInteractableException" message="element not interactable
  (Session info: chrome=127.0.6533.74)
Build info: version: &amp;apos;4.22.0&amp;apos;, revision: &amp;apos;c5f3146703*&amp;apos;
System info: os.name: &amp;apos;Windows 11&amp;apos;, os.arch: &amp;apos;amd64&amp;apos;, os.version: &amp;apos;10.0&amp;apos;, java.version: &amp;apos;21.0.3&amp;apos;
Driver info: org.openqa.selenium.chrome.ChromeDriver
Command: [e78bdd156faa0fb403c6e9332241d476, clickElement {id=f.3940FD7168B7D9D32468362932246CAE.d.61A67785E40F513810BCF34446313A7C.e.30}]
Capabilities {acceptInsecureCerts: false, browserName: chrome, browserVersion: 127.0.6533.74, chrome: {chromedriverVersion: 127.0.6533.88 (a2d0cb026721..., userDataDir: C:\Windows\SystemTemp\scope...}, fedcm:accounts: true, goog:chromeOptions: {debuggerAddress: localhost:58681}, networkConnectionEnabled: false, pageLoadStrategy: normal, platformName: windows, proxy: Proxy(), se:cdp: ws://localhost:58681/devtoo..., se:cdpVersion: 127.0.6533.74, setWindowRect: true, strictFileInteractability: false, timeouts: {implicit: 0, pageLoad: 300000, script: 30000}, unhandledPromptBehavior: dismiss and notify, webauthn:extension:credBlob: true, webauthn:extension:largeBlob: true, webauthn:extension:minPinLength: true, webauthn:extension:prf: true, webauthn:virtualAuthenticators: true}
Element: [[ChromeDriver: chrome on windows (e78bdd156faa0fb403c6e9332241d476)] -&amp;gt; id: otp-match-now]
Session ID: e78bdd156faa0fb403c6e9332241d476">
      <![CDATA[org.openqa.selenium.ElementNotInteractableException: element not interactable
  (Session info: chrome=127.0.6533.74)
Build info: version: '4.22.0', revision: 'c5f3146703*'
System info: os.name: 'Windows 11', os.arch: 'amd64', os.version: '10.0', java.version: '21.0.3'
Driver info: org.openqa.selenium.chrome.ChromeDriver
Command: [e78bdd156faa0fb403c6e9332241d476, clickElement {id=f.3940FD7168B7D9D32468362932246CAE.d.61A67785E40F513810BCF34446313A7C.e.30}]
Capabilities {acceptInsecureCerts: false, browserName: chrome, browserVersion: 127.0.6533.74, chrome: {chromedriverVersion: 127.0.6533.88 (a2d0cb026721..., userDataDir: C:\Windows\SystemTemp\scope...}, fedcm:accounts: true, goog:chromeOptions: {debuggerAddress: localhost:58681}, networkConnectionEnabled: false, pageLoadStrategy: normal, platformName: windows, proxy: Proxy(), se:cdp: ws://localhost:58681/devtoo..., se:cdpVersion: 127.0.6533.74, setWindowRect: true, strictFileInteractability: false, timeouts: {implicit: 0, pageLoad: 300000, script: 30000}, unhandledPromptBehavior: dismiss and notify, webauthn:extension:credBlob: true, webauthn:extension:largeBlob: true, webauthn:extension:minPinLength: true, webauthn:extension:prf: true, webauthn:virtualAuthenticators: true}
Element: [[ChromeDriver: chrome on windows (e78bdd156faa0fb403c6e9332241d476)] -> id: otp-match-now]
Session ID: e78bdd156faa0fb403c6e9332241d476
at org.openqa.selenium.remote.ErrorCodec.decode(ErrorCodec.java:167)
at org.openqa.selenium.remote.codec.w3c.W3CHttpResponseCodec.decode(W3CHttpResponseCodec.java:138)
at org.openqa.selenium.remote.codec.w3c.W3CHttpResponseCodec.decode(W3CHttpResponseCodec.java:50)
at org.openqa.selenium.remote.HttpCommandExecutor.execute(HttpCommandExecutor.java:190)
at org.openqa.selenium.remote.service.DriverCommandExecutor.invokeExecute(DriverCommandExecutor.java:216)
at org.openqa.selenium.remote.service.DriverCommandExecutor.execute(DriverCommandExecutor.java:174)
at org.openqa.selenium.remote.RemoteWebDriver.execute(RemoteWebDriver.java:518)
at org.openqa.selenium.remote.RemoteWebElement.execute(RemoteWebElement.java:223)
at org.openqa.selenium.remote.RemoteWebElement.click(RemoteWebElement.java:76)
at pages.DashboardPage.enterSubmitbtn(DashboardPage.java:25)
at tests.VendorRegistrationTest.setPage(VendorRegistrationTest.java:15)
at java.base/java.util.ArrayList.forEach(ArrayList.java:1596)
... Removed 37 stack frames]]>
    </failure>
  </testcase> <!-- @BeforeMethod setPage -->
  <testcase classname="tests.BaseTest" name="@AfterMethod tearDown" time="0.0">
    <skipped/>
  </testcase> <!-- @AfterMethod tearDown -->
  <testcase classname="tests.BaseTest" name="@BeforeMethod setup" time="0.0">
    <skipped/>
  </testcase> <!-- @BeforeMethod setup -->
  <testcase classname="tests.VendorRegistrationTest" name="@BeforeMethod setPage" time="0.0">
    <skipped/>
  </testcase> <!-- @BeforeMethod setPage -->
  <testcase classname="tests.BaseTest" name="@AfterMethod tearDown" time="0.0">
    <skipped/>
  </testcase> <!-- @AfterMethod tearDown -->
  <testcase classname="tests.BaseTest" name="@BeforeMethod setup" time="0.0">
    <skipped/>
  </testcase> <!-- @BeforeMethod setup -->
  <testcase classname="tests.VendorRegistrationTest" name="@BeforeMethod setPage" time="0.0">
    <skipped/>
  </testcase> <!-- @BeforeMethod setPage -->
  <testcase classname="tests.BaseTest" name="@AfterMethod tearDown" time="0.0">
    <skipped/>
  </testcase> <!-- @AfterMethod tearDown -->
  <testcase classname="tests.BaseTest" name="@BeforeMethod setup" time="0.0">
    <skipped/>
  </testcase> <!-- @BeforeMethod setup -->
  <testcase classname="tests.VendorRegistrationTest" name="@BeforeMethod setPage" time="0.0">
    <skipped/>
  </testcase> <!-- @BeforeMethod setPage -->
  <testcase classname="tests.BaseTest" name="@AfterMethod tearDown" time="0.0">
    <skipped/>
  </testcase> <!-- @AfterMethod tearDown -->
  <testcase classname="tests.BaseTest" name="@BeforeMethod setup" time="0.0">
    <skipped/>
  </testcase> <!-- @BeforeMethod setup -->
  <testcase classname="tests.VendorRegistrationTest" name="@BeforeMethod setPage" time="0.0">
    <skipped/>
  </testcase> <!-- @BeforeMethod setPage -->
  <testcase classname="tests.BaseTest" name="@AfterMethod tearDown" time="0.0">
    <skipped/>
  </testcase> <!-- @AfterMethod tearDown -->
  <testcase classname="tests.BaseTest" name="@BeforeMethod setup" time="0.0">
    <skipped/>
  </testcase> <!-- @BeforeMethod setup -->
  <testcase classname="tests.VendorRegistrationTest" name="@BeforeMethod setPage" time="0.0">
    <skipped/>
  </testcase> <!-- @BeforeMethod setPage -->
  <testcase classname="tests.BaseTest" name="@AfterMethod tearDown" time="0.0">
    <skipped/>
  </testcase> <!-- @AfterMethod tearDown -->
  <testcase classname="tests.BaseTest" name="@BeforeMethod setup" time="0.0">
    <skipped/>
  </testcase> <!-- @BeforeMethod setup -->
  <testcase classname="tests.VendorRegistrationTest" name="@BeforeMethod setPage" time="0.0">
    <skipped/>
  </testcase> <!-- @BeforeMethod setPage -->
  <testcase classname="tests.BaseTest" name="@AfterMethod tearDown" time="0.0">
    <skipped/>
  </testcase> <!-- @AfterMethod tearDown -->
  <testcase classname="tests.BaseTest" name="@BeforeMethod setup" time="0.0">
    <skipped/>
  </testcase> <!-- @BeforeMethod setup -->
  <testcase classname="tests.VendorRegistrationTest" name="@BeforeMethod setPage" time="0.0">
    <skipped/>
  </testcase> <!-- @BeforeMethod setPage -->
  <testcase classname="tests.BaseTest" name="@AfterMethod tearDown" time="0.0">
    <skipped/>
  </testcase> <!-- @AfterMethod tearDown -->
  <testcase classname="tests.BaseTest" name="@BeforeMethod setup" time="0.0">
    <skipped/>
  </testcase> <!-- @BeforeMethod setup -->
  <testcase classname="tests.VendorRegistrationTest" name="@BeforeMethod setPage" time="0.0">
    <skipped/>
  </testcase> <!-- @BeforeMethod setPage -->
  <testcase classname="tests.BaseTest" name="@AfterMethod tearDown" time="0.0">
    <skipped/>
  </testcase> <!-- @AfterMethod tearDown -->
  <testcase classname="tests.BaseTest" name="@BeforeMethod setup" time="0.0">
    <skipped/>
  </testcase> <!-- @BeforeMethod setup -->
  <testcase classname="tests.VendorRegistrationTest" name="@BeforeMethod setPage" time="0.0">
    <skipped/>
  </testcase> <!-- @BeforeMethod setPage -->
  <testcase classname="tests.BaseTest" name="@AfterMethod tearDown" time="0.0">
    <skipped/>
  </testcase> <!-- @AfterMethod tearDown -->
  <testcase classname="tests.BaseTest" name="@BeforeMethod setup" time="0.0">
    <skipped/>
  </testcase> <!-- @BeforeMethod setup -->
  <testcase classname="tests.VendorRegistrationTest" name="@BeforeMethod setPage" time="0.0">
    <skipped/>
  </testcase> <!-- @BeforeMethod setPage -->
  <testcase classname="tests.BaseTest" name="@AfterMethod tearDown" time="0.0">
    <skipped/>
  </testcase> <!-- @AfterMethod tearDown -->
  <testcase classname="tests.BaseTest" name="@BeforeMethod setup" time="0.0">
    <skipped/>
  </testcase> <!-- @BeforeMethod setup -->
  <testcase classname="tests.VendorRegistrationTest" name="@BeforeMethod setPage" time="0.0">
    <skipped/>
  </testcase> <!-- @BeforeMethod setPage -->
  <testcase classname="tests.BaseTest" name="@AfterMethod tearDown" time="0.0">
    <skipped/>
  </testcase> <!-- @AfterMethod tearDown -->
  <testcase classname="tests.BaseTest" name="@BeforeMethod setup" time="0.0">
    <skipped/>
  </testcase> <!-- @BeforeMethod setup -->
  <testcase classname="tests.VendorRegistrationTest" name="@BeforeMethod setPage" time="0.0">
    <skipped/>
  </testcase> <!-- @BeforeMethod setPage -->
  <testcase classname="tests.BaseTest" name="@AfterMethod tearDown" time="0.0">
    <skipped/>
  </testcase> <!-- @AfterMethod tearDown -->
  <testcase classname="tests.BaseTest" name="@BeforeMethod setup" time="0.0">
    <skipped/>
  </testcase> <!-- @BeforeMethod setup -->
  <testcase classname="tests.VendorRegistrationTest" name="@BeforeMethod setPage" time="0.0">
    <skipped/>
  </testcase> <!-- @BeforeMethod setPage -->
  <testcase classname="tests.BaseTest" name="@AfterMethod tearDown" time="0.0">
    <skipped/>
  </testcase> <!-- @AfterMethod tearDown -->
  <testcase classname="tests.BaseTest" name="@BeforeMethod setup" time="0.0">
    <skipped/>
  </testcase> <!-- @BeforeMethod setup -->
  <testcase classname="tests.VendorRegistrationTest" name="@BeforeMethod setPage" time="0.0">
    <skipped/>
  </testcase> <!-- @BeforeMethod setPage -->
  <testcase classname="tests.BaseTest" name="@AfterMethod tearDown" time="0.0">
    <skipped/>
  </testcase> <!-- @AfterMethod tearDown -->
  <testcase classname="tests.BaseTest" name="@BeforeMethod setup" time="0.0">
    <skipped/>
  </testcase> <!-- @BeforeMethod setup -->
  <testcase classname="tests.VendorRegistrationTest" name="@BeforeMethod setPage" time="0.0">
    <skipped/>
  </testcase> <!-- @BeforeMethod setPage -->
  <testcase classname="tests.BaseTest" name="@AfterMethod tearDown" time="0.0">
    <skipped/>
  </testcase> <!-- @AfterMethod tearDown -->
  <testcase classname="tests.BaseTest" name="@BeforeMethod setup" time="0.0">
    <skipped/>
  </testcase> <!-- @BeforeMethod setup -->
  <testcase classname="tests.VendorRegistrationTest" name="@BeforeMethod setPage" time="0.0">
    <skipped/>
  </testcase> <!-- @BeforeMethod setPage -->
  <testcase classname="tests.BaseTest" name="@AfterMethod tearDown" time="0.0">
    <skipped/>
  </testcase> <!-- @AfterMethod tearDown -->
  <testcase classname="tests.BaseTest" name="@BeforeMethod setup" time="0.0">
    <skipped/>
  </testcase> <!-- @BeforeMethod setup -->
  <testcase classname="tests.VendorRegistrationTest" name="@BeforeMethod setPage" time="0.0">
    <skipped/>
  </testcase> <!-- @BeforeMethod setPage -->
  <testcase classname="tests.BaseTest" name="@AfterMethod tearDown" time="0.0">
    <skipped/>
  </testcase> <!-- @AfterMethod tearDown -->
  <testcase classname="tests.BaseTest" name="@BeforeMethod setup" time="0.0">
    <skipped/>
  </testcase> <!-- @BeforeMethod setup -->
  <testcase classname="tests.VendorRegistrationTest" name="@BeforeMethod setPage" time="0.0">
    <skipped/>
  </testcase> <!-- @BeforeMethod setPage -->
  <testcase classname="tests.BaseTest" name="@AfterMethod tearDown" time="0.0">
    <skipped/>
  </testcase> <!-- @AfterMethod tearDown -->
  <testcase classname="tests.BaseTest" name="@BeforeMethod setup" time="0.0">
    <skipped/>
  </testcase> <!-- @BeforeMethod setup -->
  <testcase classname="tests.VendorRegistrationTest" name="@BeforeMethod setPage" time="0.0">
    <skipped/>
  </testcase> <!-- @BeforeMethod setPage -->
  <testcase classname="tests.BaseTest" name="@AfterMethod tearDown" time="0.0">
    <skipped/>
  </testcase> <!-- @AfterMethod tearDown -->
  <testcase classname="tests.BaseTest" name="@BeforeMethod setup" time="0.0">
    <skipped/>
  </testcase> <!-- @BeforeMethod setup -->
  <testcase classname="tests.VendorRegistrationTest" name="@BeforeMethod setPage" time="0.0">
    <skipped/>
  </testcase> <!-- @BeforeMethod setPage -->
  <testcase classname="tests.BaseTest" name="@AfterMethod tearDown" time="0.0">
    <skipped/>
  </testcase> <!-- @AfterMethod tearDown -->
  <testcase classname="tests.BaseTest" name="@BeforeMethod setup" time="0.0">
    <skipped/>
  </testcase> <!-- @BeforeMethod setup -->
  <testcase classname="tests.VendorRegistrationTest" name="@BeforeMethod setPage" time="0.0">
    <skipped/>
  </testcase> <!-- @BeforeMethod setPage -->
  <testcase classname="tests.BaseTest" name="@AfterMethod tearDown" time="0.0">
    <skipped/>
  </testcase> <!-- @AfterMethod tearDown -->
  <testcase classname="tests.BaseTest" name="@BeforeMethod setup" time="0.0">
    <skipped/>
  </testcase> <!-- @BeforeMethod setup -->
  <testcase classname="tests.VendorRegistrationTest" name="@BeforeMethod setPage" time="0.0">
    <skipped/>
  </testcase> <!-- @BeforeMethod setPage -->
  <testcase classname="tests.BaseTest" name="@AfterMethod tearDown" time="0.0">
    <skipped/>
  </testcase> <!-- @AfterMethod tearDown -->
  <testcase classname="tests.BaseTest" name="@BeforeMethod setup" time="0.0">
    <skipped/>
  </testcase> <!-- @BeforeMethod setup -->
  <testcase classname="tests.VendorRegistrationTest" name="@BeforeMethod setPage" time="0.0">
    <skipped/>
  </testcase> <!-- @BeforeMethod setPage -->
  <testcase classname="tests.BaseTest" name="@AfterMethod tearDown" time="0.0">
    <skipped/>
  </testcase> <!-- @AfterMethod tearDown -->
  <testcase classname="tests.BaseTest" name="@BeforeMethod setup" time="0.0">
    <skipped/>
  </testcase> <!-- @BeforeMethod setup -->
  <testcase classname="tests.VendorRegistrationTest" name="@BeforeMethod setPage" time="0.0">
    <skipped/>
  </testcase> <!-- @BeforeMethod setPage -->
  <testcase classname="tests.BaseTest" name="@AfterMethod tearDown" time="0.0">
    <skipped/>
  </testcase> <!-- @AfterMethod tearDown -->
  <testcase classname="tests.BaseTest" name="@BeforeMethod setup" time="0.0">
    <skipped/>
  </testcase> <!-- @BeforeMethod setup -->
  <testcase classname="tests.VendorRegistrationTest" name="@BeforeMethod setPage" time="0.0">
    <skipped/>
  </testcase> <!-- @BeforeMethod setPage -->
  <testcase classname="tests.BaseTest" name="@AfterMethod tearDown" time="0.0">
    <skipped/>
  </testcase> <!-- @AfterMethod tearDown -->
  <testcase classname="tests.BaseTest" name="@BeforeMethod setup" time="0.0">
    <skipped/>
  </testcase> <!-- @BeforeMethod setup -->
  <testcase classname="tests.VendorRegistrationTest" name="@BeforeMethod setPage" time="0.0">
    <skipped/>
  </testcase> <!-- @BeforeMethod setPage -->
  <testcase classname="tests.BaseTest" name="@AfterMethod tearDown" time="0.0">
    <skipped/>
  </testcase> <!-- @AfterMethod tearDown -->
  <testcase classname="tests.CompanyInfoTest" name="CompanyInfo" time="20.649"/>
  <testcase classname="tests.CompanyInfoTest" name="CompanyInfoExceptBankIFSCCode" time="19.599"/>
  <testcase classname="tests.CompanyInfoTest" name="selectValidBusinessCategory" time="0.416"/>
  <testcase classname="tests.CompanyInfoTest" name="testAddApplicationWithEmptyMandatoryFields" time="33.333"/>
  <testcase classname="tests.CompanyInfoTest" name="testAddWebApplicationandCloseButton" time="37.54"/>
  <testcase classname="tests.CompanyInfoTest" name="testAlphabeticCharactersInBankAccountNumberField" time="2.178"/>
  <testcase classname="tests.CompanyInfoTest" name="testCancelButtonIsClickable" time="10.071">
    <failure type="org.openqa.selenium.NoSuchElementException" message="no such element: Unable to locate element: {&amp;quot;method&amp;quot;:&amp;quot;css selector&amp;quot;,&amp;quot;selector&amp;quot;:&amp;quot;.swal2-cancel.btn.btn-danger&amp;quot;}
  (Session info: chrome=127.0.6533.74)
For documentation on this error, please visit: https://www.selenium.dev/documentation/webdriver/troubleshooting/errors#no-such-element-exception
Build info: version: &amp;apos;4.22.0&amp;apos;, revision: &amp;apos;c5f3146703*&amp;apos;
System info: os.name: &amp;apos;Windows 11&amp;apos;, os.arch: &amp;apos;amd64&amp;apos;, os.version: &amp;apos;10.0&amp;apos;, java.version: &amp;apos;21.0.3&amp;apos;
Driver info: org.openqa.selenium.chrome.ChromeDriver
Command: [ef89db17a34b6c0596094180fc082dce, findElement {using=css selector, value=.swal2-cancel.btn.btn-danger}]
Capabilities {acceptInsecureCerts: false, browserName: chrome, browserVersion: 127.0.6533.74, chrome: {chromedriverVersion: 127.0.6533.88 (a2d0cb026721..., userDataDir: C:\Windows\SystemTemp\scope...}, fedcm:accounts: true, goog:chromeOptions: {debuggerAddress: localhost:55965}, networkConnectionEnabled: false, pageLoadStrategy: normal, platformName: windows, proxy: Proxy(), se:cdp: ws://localhost:55965/devtoo..., se:cdpVersion: 127.0.6533.74, setWindowRect: true, strictFileInteractability: false, timeouts: {implicit: 0, pageLoad: 300000, script: 30000}, unhandledPromptBehavior: dismiss and notify, webauthn:extension:credBlob: true, webauthn:extension:largeBlob: true, webauthn:extension:minPinLength: true, webauthn:extension:prf: true, webauthn:virtualAuthenticators: true}
Session ID: ef89db17a34b6c0596094180fc082dce">
      <![CDATA[org.openqa.selenium.NoSuchElementException: no such element: Unable to locate element: {"method":"css selector","selector":".swal2-cancel.btn.btn-danger"}
  (Session info: chrome=127.0.6533.74)
For documentation on this error, please visit: https://www.selenium.dev/documentation/webdriver/troubleshooting/errors#no-such-element-exception
Build info: version: '4.22.0', revision: 'c5f3146703*'
System info: os.name: 'Windows 11', os.arch: 'amd64', os.version: '10.0', java.version: '21.0.3'
Driver info: org.openqa.selenium.chrome.ChromeDriver
Command: [ef89db17a34b6c0596094180fc082dce, findElement {using=css selector, value=.swal2-cancel.btn.btn-danger}]
Capabilities {acceptInsecureCerts: false, browserName: chrome, browserVersion: 127.0.6533.74, chrome: {chromedriverVersion: 127.0.6533.88 (a2d0cb026721..., userDataDir: C:\Windows\SystemTemp\scope...}, fedcm:accounts: true, goog:chromeOptions: {debuggerAddress: localhost:55965}, networkConnectionEnabled: false, pageLoadStrategy: normal, platformName: windows, proxy: Proxy(), se:cdp: ws://localhost:55965/devtoo..., se:cdpVersion: 127.0.6533.74, setWindowRect: true, strictFileInteractability: false, timeouts: {implicit: 0, pageLoad: 300000, script: 30000}, unhandledPromptBehavior: dismiss and notify, webauthn:extension:credBlob: true, webauthn:extension:largeBlob: true, webauthn:extension:minPinLength: true, webauthn:extension:prf: true, webauthn:virtualAuthenticators: true}
Session ID: ef89db17a34b6c0596094180fc082dce
at org.openqa.selenium.remote.ErrorCodec.decode(ErrorCodec.java:167)
at org.openqa.selenium.remote.codec.w3c.W3CHttpResponseCodec.decode(W3CHttpResponseCodec.java:138)
at org.openqa.selenium.remote.codec.w3c.W3CHttpResponseCodec.decode(W3CHttpResponseCodec.java:50)
at org.openqa.selenium.remote.HttpCommandExecutor.execute(HttpCommandExecutor.java:190)
at org.openqa.selenium.remote.service.DriverCommandExecutor.invokeExecute(DriverCommandExecutor.java:216)
at org.openqa.selenium.remote.service.DriverCommandExecutor.execute(DriverCommandExecutor.java:174)
at org.openqa.selenium.remote.RemoteWebDriver.execute(RemoteWebDriver.java:518)
at org.openqa.selenium.remote.ElementLocation$ElementFinder$2.findElement(ElementLocation.java:165)
at org.openqa.selenium.remote.ElementLocation.findElement(ElementLocation.java:59)
at org.openqa.selenium.remote.RemoteWebDriver.findElement(RemoteWebDriver.java:355)
at org.openqa.selenium.remote.RemoteWebDriver.findElement(RemoteWebDriver.java:349)
at pages.MerchantOnboardPage.isCancelButtonEnabled(MerchantOnboardPage.java:923)
at tests.CompanyInfoTest.testCancelButtonIsClickable(CompanyInfoTest.java:1003)
at java.base/java.util.ArrayList.forEach(ArrayList.java:1596)
... Removed 33 stack frames]]>
    </failure>
  </testcase> <!-- testCancelButtonIsClickable -->
  <testcase classname="tests.CompanyInfoTest" name="testChangeOrderPrefix" time="36.511"/>
  <testcase classname="tests.CompanyInfoTest" name="testClickCloseButton" time="32.819"/>
  <testcase classname="tests.CompanyInfoTest" name="testClickCompanyInfoTab" time="0.0">
    <skipped/>
  </testcase> <!-- testClickCompanyInfoTab -->
  <testcase classname="tests.CompanyInfoTest" name="testClickNextButton" time="0.0">
    <skipped/>
  </testcase> <!-- testClickNextButton -->
  <testcase classname="tests.CompanyInfoTest" name="testClickOnPayInSettingsTab" time="0.0">
    <skipped/>
  </testcase> <!-- testClickOnPayInSettingsTab -->
  <testcase classname="tests.CompanyInfoTest" name="testClickPersonalDetailTab" time="0.0">
    <skipped/>
  </testcase> <!-- testClickPersonalDetailTab -->
  <testcase classname="tests.CompanyInfoTest" name="testClickPersonalDetailsTab" time="0.0">
    <skipped/>
  </testcase> <!-- testClickPersonalDetailsTab -->
  <testcase classname="tests.CompanyInfoTest" name="testClickPreviousButtonOnLastPage" time="0.0">
    <skipped/>
  </testcase> <!-- testClickPreviousButtonOnLastPage -->
  <testcase classname="tests.CompanyInfoTest" name="testClickbussinessInfoTab" time="0.0">
    <skipped/>
  </testcase> <!-- testClickbussinessInfoTab -->
  <testcase classname="tests.CompanyInfoTest" name="testClickingButtonOpensModal" time="0.0">
    <skipped/>
  </testcase> <!-- testClickingButtonOpensModal -->
  <testcase classname="tests.CompanyInfoTest" name="testCompleteButtonSubmitsForm" time="0.0">
    <skipped/>
  </testcase> <!-- testCompleteButtonSubmitsForm -->
  <testcase classname="tests.CompanyInfoTest" name="testCompleteItButtonClick" time="0.0">
    <skipped/>
  </testcase> <!-- testCompleteItButtonClick -->
  <testcase classname="tests.CompanyInfoTest" name="testCopyPasteSearchField" time="0.0">
    <skipped/>
  </testcase> <!-- testCopyPasteSearchField -->
  <testcase classname="tests.CompanyInfoTest" name="testEditCompanyInfoAndClickNext" time="0.0">
    <skipped/>
  </testcase> <!-- testEditCompanyInfoAndClickNext -->
  <testcase classname="tests.CompanyInfoTest" name="testEmptySearchInput" time="0.0">
    <skipped/>
  </testcase> <!-- testEmptySearchInput -->
  <testcase classname="tests.CompanyInfoTest" name="testEnterAlphabetsAndSpecialCharacters" time="0.0">
    <skipped/>
  </testcase> <!-- testEnterAlphabetsAndSpecialCharacters -->
  <testcase classname="tests.CompanyInfoTest" name="testEnterAlphabetsInPincode" time="0.0">
    <skipped/>
  </testcase> <!-- testEnterAlphabetsInPincode -->
  <testcase classname="tests.CompanyInfoTest" name="testEnterAlphanumericIFSCCode" time="0.0">
    <skipped/>
  </testcase> <!-- testEnterAlphanumericIFSCCode -->
  <testcase classname="tests.CompanyInfoTest" name="testEnterAppName" time="0.0">
    <skipped/>
  </testcase> <!-- testEnterAppName -->
  <testcase classname="tests.CompanyInfoTest" name="testEnterNumberMoreThan100Percent" time="0.0">
    <skipped/>
  </testcase> <!-- testEnterNumberMoreThan100Percent -->
  <testcase classname="tests.CompanyInfoTest" name="testEnterValidAccountHolderName" time="0.0">
    <skipped/>
  </testcase> <!-- testEnterValidAccountHolderName -->
  <testcase classname="tests.CompanyInfoTest" name="testEnterValidDetailsAndClickDraft" time="0.0">
    <skipped/>
  </testcase> <!-- testEnterValidDetailsAndClickDraft -->
  <testcase classname="tests.CompanyInfoTest" name="testEnterValidIFSCCode" time="0.0">
    <skipped/>
  </testcase> <!-- testEnterValidIFSCCode -->
  <testcase classname="tests.CompanyInfoTest" name="testEnterValidPincode" time="0.0">
    <skipped/>
  </testcase> <!-- testEnterValidPincode -->
  <testcase classname="tests.CompanyInfoTest" name="testEnterValidUrlInAppUrlField" time="0.0">
    <skipped/>
  </testcase> <!-- testEnterValidUrlInAppUrlField -->
  <testcase classname="tests.CompanyInfoTest" name="testEnterValidWebhookUrl" time="0.0">
    <skipped/>
  </testcase> <!-- testEnterValidWebhookUrl -->
  <testcase classname="tests.CompanyInfoTest" name="testEnterValuesAndAddWebApp" time="0.0">
    <skipped/>
  </testcase> <!-- testEnterValuesAndAddWebApp -->
  <testcase classname="tests.CompanyInfoTest" name="testErrorMessageDisplayedForLessThan9Digits" time="0.0">
    <skipped/>
  </testcase> <!-- testErrorMessageDisplayedForLessThan9Digits -->
  <testcase classname="tests.CompanyInfoTest" name="testInvalidIPv4AddressWithLetters" time="0.0">
    <skipped/>
  </testcase> <!-- testInvalidIPv4AddressWithLetters -->
  <testcase classname="tests.CompanyInfoTest" name="testInvalidUrlEntry" time="0.0">
    <skipped/>
  </testcase> <!-- testInvalidUrlEntry -->
  <testcase classname="tests.CompanyInfoTest" name="testInvalidWebhookUrl" time="0.0">
    <skipped/>
  </testcase> <!-- testInvalidWebhookUrl -->
  <testcase classname="tests.CompanyInfoTest" name="testIrrelevantSearchText" time="0.0">
    <skipped/>
  </testcase> <!-- testIrrelevantSearchText -->
  <testcase classname="tests.CompanyInfoTest" name="testMandatoryFieldsAndNextButton" time="0.0">
    <skipped/>
  </testcase> <!-- testMandatoryFieldsAndNextButton -->
  <testcase classname="tests.CompanyInfoTest" name="testNextButtonNavigation" time="0.0">
    <skipped/>
  </testcase> <!-- testNextButtonNavigation -->
  <testcase classname="tests.CompanyInfoTest" name="testNoDataInWebAppsList" time="0.0">
    <skipped/>
  </testcase> <!-- testNoDataInWebAppsList -->
  <testcase classname="tests.CompanyInfoTest" name="testOrderPrefixMoreThanFourCharacters" time="0.0">
    <skipped/>
  </testcase> <!-- testOrderPrefixMoreThanFourCharacters -->
  <testcase classname="tests.CompanyInfoTest" name="testPayInToggleSwitch" time="0.0">
    <skipped/>
  </testcase> <!-- testPayInToggleSwitch -->
  <testcase classname="tests.CompanyInfoTest" name="testPreviousButtonDisabledOnFirstPage" time="0.0">
    <skipped/>
  </testcase> <!-- testPreviousButtonDisabledOnFirstPage -->
  <testcase classname="tests.CompanyInfoTest" name="testSearchAndClear" time="0.0">
    <skipped/>
  </testcase> <!-- testSearchAndClear -->
  <testcase classname="tests.CompanyInfoTest" name="testSelectDataPerPage" time="0.0">
    <skipped/>
  </testcase> <!-- testSelectDataPerPage -->
  <testcase classname="tests.CompanyInfoTest" name="testSelectMonthlyExpenditure" time="0.0">
    <skipped/>
  </testcase> <!-- testSelectMonthlyExpenditure -->
  <testcase classname="tests.CompanyInfoTest" name="testSelectState" time="0.007">
    <skipped/>
  </testcase> <!-- testSelectState -->
  <testcase classname="tests.CompanyInfoTest" name="testSelectValidBusinessType" time="0.0">
    <skipped/>
  </testcase> <!-- testSelectValidBusinessType -->
  <testcase classname="tests.CompanyInfoTest" name="testSelectVendor" time="0.0">
    <skipped/>
  </testcase> <!-- testSelectVendor -->
  <testcase classname="tests.CompanyInfoTest" name="testSortingIndicatorChangesToAscending" time="0.0">
    <skipped/>
  </testcase> <!-- testSortingIndicatorChangesToAscending -->
  <testcase classname="tests.CompanyInfoTest" name="testSortingIndicatorChangesToDescending" time="0.0">
    <skipped/>
  </testcase> <!-- testSortingIndicatorChangesToDescending -->
  <testcase classname="tests.CompanyInfoTest" name="testSpecialAndNumericValues" time="0.0">
    <skipped/>
  </testcase> <!-- testSpecialAndNumericValues -->
  <testcase classname="tests.CompanyInfoTest" name="testSpecialAndNumericValuesInBranchName" time="0.0">
    <skipped/>
  </testcase> <!-- testSpecialAndNumericValuesInBranchName -->
  <testcase classname="tests.CompanyInfoTest" name="testSpecialCharacterInput" time="0.0">
    <skipped/>
  </testcase> <!-- testSpecialCharacterInput -->
  <testcase classname="tests.CompanyInfoTest" name="testSpecialCharactersBankNameInput" time="0.0">
    <skipped/>
  </testcase> <!-- testSpecialCharactersBankNameInput -->
  <testcase classname="tests.CompanyInfoTest" name="testSpecialCharactersInOrderPrefix" time="0.0">
    <skipped/>
  </testcase> <!-- testSpecialCharactersInOrderPrefix -->
  <testcase classname="tests.CompanyInfoTest" name="testToggleSwitch" time="0.0">
    <skipped/>
  </testcase> <!-- testToggleSwitch -->
  <testcase classname="tests.CompanyInfoTest" name="testUpdateButtonTriggersUpdateProcess" time="0.0">
    <skipped/>
  </testcase> <!-- testUpdateButtonTriggersUpdateProcess -->
  <testcase classname="tests.CompanyInfoTest" name="testUpdateWebApp" time="0.0">
    <skipped/>
  </testcase> <!-- testUpdateWebApp -->
  <testcase classname="tests.CompanyInfoTest" name="testUpdateWebAppData" time="0.0">
    <skipped/>
  </testcase> <!-- testUpdateWebAppData -->
  <testcase classname="tests.CompanyInfoTest" name="testUploadFileAgain" time="0.0">
    <skipped/>
  </testcase> <!-- testUploadFileAgain -->
  <testcase classname="tests.CompanyInfoTest" name="testUploadFileMoreThan5Mb" time="0.0">
    <skipped/>
  </testcase> <!-- testUploadFileMoreThan5Mb -->
  <testcase classname="tests.CompanyInfoTest" name="testUploadInValidPdfFile" time="0.0">
    <skipped/>
  </testcase> <!-- testUploadInValidPdfFile -->
  <testcase classname="tests.CompanyInfoTest" name="testUploadPdfFile" time="0.0">
    <skipped/>
  </testcase> <!-- testUploadPdfFile -->
  <testcase classname="tests.CompanyInfoTest" name="testUploadPdfFile_all_mandatoryfields" time="0.0">
    <skipped/>
  </testcase> <!-- testUploadPdfFile_all_mandatoryfields -->
  <testcase classname="tests.CompanyInfoTest" name="testValidBranchNameInput" time="0.0">
    <skipped/>
  </testcase> <!-- testValidBranchNameInput -->
  <testcase classname="tests.CompanyInfoTest" name="testValidCityName" time="0.0">
    <skipped/>
  </testcase> <!-- testValidCityName -->
  <testcase classname="tests.CompanyInfoTest" name="testValidCompanyDetails" time="0.0">
    <skipped/>
  </testcase> <!-- testValidCompanyDetails -->
  <testcase classname="tests.CompanyInfoTest" name="testValidIpAddress" time="0.0">
    <skipped/>
  </testcase> <!-- testValidIpAddress -->
  <testcase classname="tests.CompanyInfoTest" name="testValidPercentageFees" time="0.0">
    <skipped/>
  </testcase> <!-- testValidPercentageFees -->
  <testcase classname="tests.CompanyInfoTest" name="testValidSubmission" time="0.0">
    <skipped/>
  </testcase> <!-- testValidSubmission -->
  <testcase classname="tests.CompanyInfoTest" name="validateUserIdFormat" time="0.0">
    <skipped/>
  </testcase> <!-- validateUserIdFormat -->
  <testcase classname="tests.CompanyInfoTest" name="verifyBadgeTextAndVisibility" time="0.003">
    <skipped/>
  </testcase> <!-- verifyBadgeTextAndVisibility -->
  <testcase classname="tests.CompanyInfoTest" name="verifyBadgeTextAndVisibilityFor_NO" time="0.0">
    <skipped/>
  </testcase> <!-- verifyBadgeTextAndVisibilityFor_NO -->
  <testcase classname="tests.CompanyInfoTest" name="verifyMandatoryFieldValidation" time="0.0">
    <skipped/>
  </testcase> <!-- verifyMandatoryFieldValidation -->
  <testcase classname="tests.CompanyInfoTest" name="verifyMandatoryFieldValidationWhenSavingAsDraft" time="0.0">
    <skipped/>
  </testcase> <!-- verifyMandatoryFieldValidationWhenSavingAsDraft -->
  <testcase classname="tests.CompanyInfoTest" name="verifyUserDetailsDisplayedCorrectly" time="0.0">
    <skipped/>
  </testcase> <!-- verifyUserDetailsDisplayedCorrectly -->
  <testcase classname="tests.CompanyInfoTest" name="verify_click_Cancel_button" time="0.0">
    <skipped/>
  </testcase> <!-- verify_click_Cancel_button -->
  <testcase classname="tests.CompanyInfoTest" name="verify_entering_valid_account_number" time="0.0">
    <skipped/>
  </testcase> <!-- verify_entering_valid_account_number -->
  <testcase classname="tests.DashboardPageTest" name="Verify_dashboard_menu_visible_and_clickable" time="0.532"/>
  <testcase classname="tests.DashboardPageTest" name="Verify_that_the_Duration_field_is_visible_and_enabled" time="8.327">
    <failure type="java.lang.AssertionError" message="The input in the Duration field does not match the expected value. expected [ 2024-05-14 AppXPay] but found [08/02/2024 - 08/02/2024 2024-05-14 AppXPay]">
      <![CDATA[java.lang.AssertionError: The input in the Duration field does not match the expected value. expected [ 2024-05-14 AppXPay] but found [08/02/2024 - 08/02/2024 2024-05-14 AppXPay]
at tests.DashboardPageTest.Verify_that_the_Duration_field_is_visible_and_enabled(DashboardPageTest.java:66)
at java.base/java.util.ArrayList.forEach(ArrayList.java:1596)
... Removed 35 stack frames]]>
    </failure>
  </testcase> <!-- Verify_that_the_Duration_field_is_visible_and_enabled -->
  <testcase classname="tests.DashboardPageTest" name="Verify_the_default_date_in_the_Duration_field" time="0.036">
    <failure type="java.lang.AssertionError" message="The default date in the Duration field does not match the current date. expected [02/08/2024 - 02/08/2024] but found [08/02/2024 - 08/02/2024]">
      <![CDATA[java.lang.AssertionError: The default date in the Duration field does not match the current date. expected [02/08/2024 - 02/08/2024] but found [08/02/2024 - 08/02/2024]
at tests.DashboardPageTest.Verify_the_default_date_in_the_Duration_field(DashboardPageTest.java:80)
at java.base/java.util.ArrayList.forEach(ArrayList.java:1596)
... Removed 35 stack frames]]>
    </failure>
  </testcase> <!-- Verify_the_default_date_in_the_Duration_field -->
  <testcase classname="tests.DashboardPageTest" name="testDashboardMetricsAfterDateRangeSelection" time="33.249"/>
  <testcase classname="tests.DashboardPageTest" name="testLoginValidCredential" time="0.022"/>
  <testcase classname="tests.DashboardPageTest" name="testSelectCompanyAndLastLastMonth" time="11.407"/>
  <testcase classname="tests.DashboardPageTest" name="testSelectCompanyAndLastLast_30_Days" time="11.441"/>
  <testcase classname="tests.DashboardPageTest" name="testSelectCompanyAndLastSevenDays" time="11.442"/>
  <testcase classname="tests.DashboardPageTest" name="testSelectCompanyAndLastThisMonth" time="0.0">
    <skipped/>
  </testcase> <!-- testSelectCompanyAndLastThisMonth -->
  <testcase classname="tests.DashboardPageTest" name="testSelectCompanyAndTodaysDate" time="0.0">
    <skipped/>
  </testcase> <!-- testSelectCompanyAndTodaysDate -->
  <testcase classname="tests.DashboardPageTest" name="testSelectCompanyAndYesterday" time="0.0">
    <skipped/>
  </testcase> <!-- testSelectCompanyAndYesterday -->
  <testcase classname="tests.DashboardPageTest" name="testSelectCustomRange" time="0.0">
    <skipped/>
  </testcase> <!-- testSelectCustomRange -->
  <testcase classname="tests.DashboardPageTest" name="testSelectMerchant" time="0.0">
    <skipped/>
  </testcase> <!-- testSelectMerchant -->
  <testcase classname="tests.LoginPageTest" name="testErrorMessageDisplay" time="0.001"/>
  <testcase classname="tests.LoginPageTest" name="testInvalidLogin" time="2.307"/>
  <testcase classname="tests.LoginPageTest" name="testLoginWithoutCredentials" time="3.727"/>
  <testcase classname="tests.LoginPageTest" name="testPasswordVisibilityToggle" time="2.262"/>
  <testcase classname="tests.LoginPageTest" name="testWrongCredentialsAttempts" time="4.495">
    <failure type="java.lang.AssertionError" message="expected [You entered wrong credentials
Only 2/3 Passwords Attempts left] but found [You entered wrong credentials]">
      <![CDATA[java.lang.AssertionError: expected [You entered wrong credentials
Only 2/3 Passwords Attempts left] but found [You entered wrong credentials]
at tests.LoginPageTest.verifyWrongCredentialsAttempt(LoginPageTest.java:59)
at tests.LoginPageTest.testWrongCredentialsAttempts(LoginPageTest.java:50)
at java.base/java.util.ArrayList.forEach(ArrayList.java:1596)
... Removed 36 stack frames]]>
    </failure>
  </testcase> <!-- testWrongCredentialsAttempts -->
  <testcase classname="tests.LoginPageTest" name="testWrongCredentialsFourthAttempt" time="2.279">
    <failure type="java.lang.AssertionError" message="expected [Your account got locked temporarily,contact your department head] but found [You entered wrong credentials
Only 2/3 Passwords Attempts left]">
      <![CDATA[java.lang.AssertionError: expected [Your account got locked temporarily,contact your department head] but found [You entered wrong credentials
Only 2/3 Passwords Attempts left]
at tests.LoginPageTest.testWrongCredentialsFourthAttempt(LoginPageTest.java:81)
at java.base/java.util.ArrayList.forEach(ArrayList.java:1596)
... Removed 36 stack frames]]>
    </failure>
  </testcase> <!-- testWrongCredentialsFourthAttempt -->
  <testcase classname="tests.LoginPageTest" name="testWrongCredentialsThirdAttempt" time="2.279">
    <failure type="java.lang.AssertionError" message="expected [You entered wrong credentials
Account will get lock temporary, If you fail this time] but found [You entered wrong credentials
Account will get lock temporary, If you fail this time]">
      <![CDATA[java.lang.AssertionError: expected [You entered wrong credentials
Account will get lock temporary, If you fail this time] but found [You entered wrong credentials
Account will get lock temporary, If you fail this time]
at tests.LoginPageTest.testWrongCredentialsThirdAttempt(LoginPageTest.java:71)
at java.base/java.util.ArrayList.forEach(ArrayList.java:1596)
... Removed 36 stack frames]]>
    </failure>
  </testcase> <!-- testWrongCredentialsThirdAttempt -->
  <testcase classname="tests.MerchantListTest" name="testAddMerchantsButton" time="0.0">
    <skipped/>
  </testcase> <!-- testAddMerchantsButton -->
  <testcase classname="tests.MerchantListTest" name="testDraftButtonClickDisplaysMerchantList" time="0.0">
    <skipped/>
  </testcase> <!-- testDraftButtonClickDisplaysMerchantList -->
  <testcase classname="tests.MerchantListTest" name="testEditButtonOpensEditingInterface" time="0.0">
    <skipped/>
  </testcase> <!-- testEditButtonOpensEditingInterface -->
  <testcase classname="tests.MerchantListTest" name="testInValidSearchQuery" time="0.0">
    <skipped/>
  </testcase> <!-- testInValidSearchQuery -->
  <testcase classname="tests.MerchantListTest" name="testNavigateToNextPage" time="0.0">
    <skipped/>
  </testcase> <!-- testNavigateToNextPage -->
  <testcase classname="tests.MerchantListTest" name="testPrevButtonNavigation" time="0.0">
    <skipped/>
  </testcase> <!-- testPrevButtonNavigation -->
  <testcase classname="tests.MerchantListTest" name="testValidSearchQuery" time="0.0">
    <skipped/>
  </testcase> <!-- testValidSearchQuery -->
  <testcase classname="tests.MerchantListTest" name="testVerifyMerchantButtonClick" time="0.0">
    <skipped/>
  </testcase> <!-- testVerifyMerchantButtonClick -->
  <testcase classname="tests.MerchantListTest" name="verifyMerchantListVisibilityAndClickability" time="0.0">
    <skipped/>
  </testcase> <!-- verifyMerchantListVisibilityAndClickability -->
  <testcase classname="tests.MerchatOnboardTest" name="VerifyEmptyFields" time="0.675"/>
  <testcase classname="tests.MerchatOnboardTest" name="testClickPersonalDetailsTab" time="15.911"/>
  <testcase classname="tests.MerchatOnboardTest" name="testEnterValidDetailsAndClickNext" time="3.922"/>
  <testcase classname="tests.MerchatOnboardTest" name="testExistingUsernameErrorMessage" time="2.612"/>
  <testcase classname="tests.MerchatOnboardTest" name="testInvalidEmailFormat" time="0.555"/>
  <testcase classname="tests.MerchatOnboardTest" name="testInvalidMobileFormat" time="0.47"/>
  <testcase classname="tests.MerchatOnboardTest" name="testMerchantRegisterLink" time="0.128"/>
  <testcase classname="tests.MerchatOnboardTest" name="testNumericAndSpecialCharactersInFields" time="0.508">
    <failure type="java.lang.AssertionError" message="First Name field did not accept numeric and special characters. expected [12345!@#$%] but found []">
      <![CDATA[java.lang.AssertionError: First Name field did not accept numeric and special characters. expected [12345!@#$%] but found []
at tests.MerchatOnboardTest.testNumericAndSpecialCharactersInFields(MerchatOnboardTest.java:84)
at java.base/java.util.ArrayList.forEach(ArrayList.java:1596)
... Removed 35 stack frames]]>
    </failure>
  </testcase> <!-- testNumericAndSpecialCharactersInFields -->
  <testcase classname="tests.MerchatOnboardTest" name="testPasswordAndEyeIcon" time="0.571"/>
  <testcase classname="tests.MerchatOnboardTest" name="testValidDetailsAndDraft" time="5.501"/>
  <testcase classname="tests.MerchatOnboardTest" name="testWeakPassword" time="0.511"/>
  <testcase classname="tests.MerchatOnboardTest" name="verifyDraftButtonWithEmptyMandatoryFields" time="0.586"/>
  <testcase classname="tests.MerchatOnboardTest" name="verifyMerchantOnboardingLink" time="2.312"/>
  <testcase classname="tests.transactionTest" name="testDropdownDisplaysAllOptions" time="1.687"/>
  <testcase classname="tests.transactionTest" name="testSelectCancelledStatusAndDate" time="39.406"/>
  <testcase classname="tests.transactionTest" name="testSelectCompanyAndVerifyDetails" time="1.642"/>
  <testcase classname="tests.transactionTest" name="testSelectDateAndcompanyInfo" time="27.746">
    <failure type="org.openqa.selenium.NoSuchElementException" message="no such element: Unable to locate element: {&amp;quot;method&amp;quot;:&amp;quot;css selector&amp;quot;,&amp;quot;selector&amp;quot;:&amp;quot;.dataTables_empty&amp;quot;}
  (Session info: chrome=127.0.6533.74)
For documentation on this error, please visit: https://www.selenium.dev/documentation/webdriver/troubleshooting/errors#no-such-element-exception
Build info: version: &amp;apos;4.22.0&amp;apos;, revision: &amp;apos;c5f3146703*&amp;apos;
System info: os.name: &amp;apos;Windows 11&amp;apos;, os.arch: &amp;apos;amd64&amp;apos;, os.version: &amp;apos;10.0&amp;apos;, java.version: &amp;apos;21.0.3&amp;apos;
Driver info: org.openqa.selenium.chrome.ChromeDriver
Command: [6ab3c21dee36e8d2f39b59070e3958fd, findElement {using=class name, value=dataTables_empty}]
Capabilities {acceptInsecureCerts: false, browserName: chrome, browserVersion: 127.0.6533.74, chrome: {chromedriverVersion: 127.0.6533.88 (a2d0cb026721..., userDataDir: C:\Windows\SystemTemp\scope...}, fedcm:accounts: true, goog:chromeOptions: {debuggerAddress: localhost:57597}, networkConnectionEnabled: false, pageLoadStrategy: normal, platformName: windows, proxy: Proxy(), se:cdp: ws://localhost:57597/devtoo..., se:cdpVersion: 127.0.6533.74, setWindowRect: true, strictFileInteractability: false, timeouts: {implicit: 0, pageLoad: 300000, script: 30000}, unhandledPromptBehavior: dismiss and notify, webauthn:extension:credBlob: true, webauthn:extension:largeBlob: true, webauthn:extension:minPinLength: true, webauthn:extension:prf: true, webauthn:virtualAuthenticators: true}
Session ID: 6ab3c21dee36e8d2f39b59070e3958fd">
      <![CDATA[org.openqa.selenium.NoSuchElementException: no such element: Unable to locate element: {"method":"css selector","selector":".dataTables_empty"}
  (Session info: chrome=127.0.6533.74)
For documentation on this error, please visit: https://www.selenium.dev/documentation/webdriver/troubleshooting/errors#no-such-element-exception
Build info: version: '4.22.0', revision: 'c5f3146703*'
System info: os.name: 'Windows 11', os.arch: 'amd64', os.version: '10.0', java.version: '21.0.3'
Driver info: org.openqa.selenium.chrome.ChromeDriver
Command: [6ab3c21dee36e8d2f39b59070e3958fd, findElement {using=class name, value=dataTables_empty}]
Capabilities {acceptInsecureCerts: false, browserName: chrome, browserVersion: 127.0.6533.74, chrome: {chromedriverVersion: 127.0.6533.88 (a2d0cb026721..., userDataDir: C:\Windows\SystemTemp\scope...}, fedcm:accounts: true, goog:chromeOptions: {debuggerAddress: localhost:57597}, networkConnectionEnabled: false, pageLoadStrategy: normal, platformName: windows, proxy: Proxy(), se:cdp: ws://localhost:57597/devtoo..., se:cdpVersion: 127.0.6533.74, setWindowRect: true, strictFileInteractability: false, timeouts: {implicit: 0, pageLoad: 300000, script: 30000}, unhandledPromptBehavior: dismiss and notify, webauthn:extension:credBlob: true, webauthn:extension:largeBlob: true, webauthn:extension:minPinLength: true, webauthn:extension:prf: true, webauthn:virtualAuthenticators: true}
Session ID: 6ab3c21dee36e8d2f39b59070e3958fd
at org.openqa.selenium.remote.ErrorCodec.decode(ErrorCodec.java:167)
at org.openqa.selenium.remote.codec.w3c.W3CHttpResponseCodec.decode(W3CHttpResponseCodec.java:138)
at org.openqa.selenium.remote.codec.w3c.W3CHttpResponseCodec.decode(W3CHttpResponseCodec.java:50)
at org.openqa.selenium.remote.HttpCommandExecutor.execute(HttpCommandExecutor.java:190)
at org.openqa.selenium.remote.service.DriverCommandExecutor.invokeExecute(DriverCommandExecutor.java:216)
at org.openqa.selenium.remote.service.DriverCommandExecutor.execute(DriverCommandExecutor.java:174)
at org.openqa.selenium.remote.RemoteWebDriver.execute(RemoteWebDriver.java:518)
at org.openqa.selenium.remote.ElementLocation$ElementFinder$2.findElement(ElementLocation.java:165)
at org.openqa.selenium.remote.ElementLocation.findElement(ElementLocation.java:66)
at org.openqa.selenium.remote.RemoteWebDriver.findElement(RemoteWebDriver.java:355)
at org.openqa.selenium.remote.RemoteWebDriver.findElement(RemoteWebDriver.java:349)
at pages.transcationPage.verifyCompanyDetails(transcationPage.java:250)
at tests.transactionTest.testSelectDateAndcompanyInfo(transactionTest.java:98)
at java.base/java.util.ArrayList.forEach(ArrayList.java:1596)
... Removed 33 stack frames]]>
    </failure>
  </testcase> <!-- testSelectDateAndcompanyInfo -->
  <testcase classname="tests.transactionTest" name="testSelectDateField" time="70.862"/>
  <testcase classname="tests.transactionTest" name="testSelectFailedStatusAndDate" time="13.503"/>
  <testcase classname="tests.transactionTest" name="testSelectSuccessStatusAndDate" time="15.214"/>
  <testcase classname="tests.transactionTest" name="testSelectTamperedStatusAndDate" time="10.634"/>
  <testcase classname="tests.transactionTest" name="testselectStatusfromDropdown" time="1.525"/>
  <testcase classname="tests.transactionTest" name="verifyTransactionsMenu" time="0.0">
    <skipped/>
  </testcase> <!-- verifyTransactionsMenu -->
  <testcase classname="tests.VendorListTest" name="testAddVendorNavigation" time="0.0">
    <skipped/>
  </testcase> <!-- testAddVendorNavigation -->
  <testcase classname="tests.VendorListTest" name="testClickingCompletedButtonDisplaysCompletedItems" time="0.0">
    <skipped/>
  </testcase> <!-- testClickingCompletedButtonDisplaysCompletedItems -->
  <testcase classname="tests.VendorListTest" name="testClickingImageOpensModalWithCorrectBankDetails" time="0.0">
    <skipped/>
  </testcase> <!-- testClickingImageOpensModalWithCorrectBankDetails -->
  <testcase classname="tests.VendorListTest" name="testCopyPasteSearchField" time="0.0">
    <skipped/>
  </testcase> <!-- testCopyPasteSearchField -->
  <testcase classname="tests.VendorListTest" name="testEditBusinessInfo" time="0.0">
    <skipped/>
  </testcase> <!-- testEditBusinessInfo -->
  <testcase classname="tests.VendorListTest" name="testEditButtonOpensEditingInterface" time="0.0">
    <skipped/>
  </testcase> <!-- testEditButtonOpensEditingInterface -->
  <testcase classname="tests.VendorListTest" name="testInValidSearchQuery" time="0.0">
    <skipped/>
  </testcase> <!-- testInValidSearchQuery -->
  <testcase classname="tests.VendorListTest" name="testMerchantsButtonNavigation" time="0.0">
    <skipped/>
  </testcase> <!-- testMerchantsButtonNavigation -->
  <testcase classname="tests.VendorListTest" name="testNavigateToNextPage" time="0.0">
    <skipped/>
  </testcase> <!-- testNavigateToNextPage -->
  <testcase classname="tests.VendorListTest" name="testPrevButtonNavigation" time="0.0">
    <skipped/>
  </testcase> <!-- testPrevButtonNavigation -->
  <testcase classname="tests.VendorListTest" name="testValidSearchQuery" time="0.0">
    <skipped/>
  </testcase> <!-- testValidSearchQuery -->
  <testcase classname="tests.VendorListTest" name="testVerifyMerchantButtonClick" time="0.0">
    <skipped/>
  </testcase> <!-- testVerifyMerchantButtonClick -->
  <testcase classname="tests.VendorRegistrationTest" name="CompanyInfo" time="10.929"/>
  <testcase classname="tests.VendorRegistrationTest" name="VerifyEmptyFields" time="0.691"/>
  <testcase classname="tests.VendorRegistrationTest" name="testAddVendorButtonNavigation" time="1.429"/>
  <testcase classname="tests.VendorRegistrationTest" name="testDraftButtonSavesInformation" time="1.759"/>
  <testcase classname="tests.VendorRegistrationTest" name="testEditBusinessInfo" time="5.118"/>
  <testcase classname="tests.VendorRegistrationTest" name="testEnterAlphabetAndSymbolInMobileField" time="0.496"/>
  <testcase classname="tests.VendorRegistrationTest" name="testEnterInValidAccountHolderName" time="1.7"/>
  <testcase classname="tests.VendorRegistrationTest" name="testEnterInValidAccountNo" time="2.028"/>
  <testcase classname="tests.VendorRegistrationTest" name="testEnterInValidBankName" time="1.705">
    <failure type="java.lang.AssertionError" message="did not expect [HDFC000S253] but found [HDFC000S253]">
      <![CDATA[java.lang.AssertionError: did not expect [HDFC000S253] but found [HDFC000S253]
at tests.VendorRegistrationTest.testEnterInValidBankName(VendorRegistrationTest.java:235)
at java.base/java.util.ArrayList.forEach(ArrayList.java:1596)
... Removed 35 stack frames]]>
    </failure>
  </testcase> <!-- testEnterInValidBankName -->
  <testcase classname="tests.VendorRegistrationTest" name="testEnterInValidPincode" time="3.614"/>
  <testcase classname="tests.VendorRegistrationTest" name="testEnterInvalidBranchName" time="1.667"/>
  <testcase classname="tests.VendorRegistrationTest" name="testEnterPartialAccountNo" time="1.764"/>
  <testcase classname="tests.VendorRegistrationTest" name="testEnterValidAccountHolderName" time="1.761"/>
  <testcase classname="tests.VendorRegistrationTest" name="testEnterValidAccountNo" time="1.674"/>
  <testcase classname="tests.VendorRegistrationTest" name="testEnterValidBankName" time="0.0">
    <skipped/>
  </testcase> <!-- testEnterValidBankName -->
  <testcase classname="tests.VendorRegistrationTest" name="testEnterValidInBankIFSCCode" time="0.0">
    <skipped/>
  </testcase> <!-- testEnterValidInBankIFSCCode -->
  <testcase classname="tests.VendorRegistrationTest" name="testEnterValidPincode" time="0.0">
    <skipped/>
  </testcase> <!-- testEnterValidPincode -->
  <testcase classname="tests.VendorRegistrationTest" name="testEnteringLessThan10DigitsInMobileField" time="0.0">
    <skipped/>
  </testcase> <!-- testEnteringLessThan10DigitsInMobileField -->
  <testcase classname="tests.VendorRegistrationTest" name="testEnteringSpecialCharactersInBankIFSCCode" time="0.0">
    <skipped/>
  </testcase> <!-- testEnteringSpecialCharactersInBankIFSCCode -->
  <testcase classname="tests.VendorRegistrationTest" name="testEntermorethan18digitsAccountNo" time="0.001">
    <skipped/>
  </testcase> <!-- testEntermorethan18digitsAccountNo -->
  <testcase classname="tests.VendorRegistrationTest" name="testEntervalidBranchName" time="0.0">
    <skipped/>
  </testcase> <!-- testEntervalidBranchName -->
  <testcase classname="tests.VendorRegistrationTest" name="testExistingEmailErrorMessage" time="0.0">
    <skipped/>
  </testcase> <!-- testExistingEmailErrorMessage -->
  <testcase classname="tests.VendorRegistrationTest" name="testExistingUsernameErrorMessage" time="0.0">
    <skipped/>
  </testcase> <!-- testExistingUsernameErrorMessage -->
  <testcase classname="tests.VendorRegistrationTest" name="testFormSubmission" time="0.0">
    <skipped/>
  </testcase> <!-- testFormSubmission -->
  <testcase classname="tests.VendorRegistrationTest" name="testInValidCityName" time="0.0">
    <skipped/>
  </testcase> <!-- testInValidCityName -->
  <testcase classname="tests.VendorRegistrationTest" name="testInValidCompanyAddressSubmission" time="0.0">
    <skipped/>
  </testcase> <!-- testInValidCompanyAddressSubmission -->
  <testcase classname="tests.VendorRegistrationTest" name="testInvalidEmailFormat" time="0.0">
    <skipped/>
  </testcase> <!-- testInvalidEmailFormat -->
  <testcase classname="tests.VendorRegistrationTest" name="testNumericAndSpecialCharactersInFields" time="0.0">
    <skipped/>
  </testcase> <!-- testNumericAndSpecialCharactersInFields -->
  <testcase classname="tests.VendorRegistrationTest" name="testPasswordValidation" time="0.0">
    <skipped/>
  </testcase> <!-- testPasswordValidation -->
  <testcase classname="tests.VendorRegistrationTest" name="testPasswordVisibilityToggle" time="0.0">
    <skipped/>
  </testcase> <!-- testPasswordVisibilityToggle -->
  <testcase classname="tests.VendorRegistrationTest" name="testSelectState" time="0.0">
    <skipped/>
  </testcase> <!-- testSelectState -->
  <testcase classname="tests.VendorRegistrationTest" name="testSelectValidBusinessType" time="0.0">
    <skipped/>
  </testcase> <!-- testSelectValidBusinessType -->
  <testcase classname="tests.VendorRegistrationTest" name="testSpecialAndNumericValuesInCompanyName" time="0.0">
    <skipped/>
  </testcase> <!-- testSpecialAndNumericValuesInCompanyName -->
  <testcase classname="tests.VendorRegistrationTest" name="testValidCityName" time="0.0">
    <skipped/>
  </testcase> <!-- testValidCityName -->
  <testcase classname="tests.VendorRegistrationTest" name="testValidCompanyAddressSubmission" time="0.0">
    <skipped/>
  </testcase> <!-- testValidCompanyAddressSubmission -->
  <testcase classname="tests.VendorRegistrationTest" name="testValidCompanyNameInput" time="0.0">
    <skipped/>
  </testcase> <!-- testValidCompanyNameInput -->
  <testcase classname="tests.VendorRegistrationTest" name="testVendorMenuVisibilityAndClickability" time="0.0">
    <skipped/>
  </testcase> <!-- testVendorMenuVisibilityAndClickability -->
  <testcase classname="tests.VendorRegistrationTest" name="testVendorOnboardingMenuVisibilityAndClickability" time="0.0">
    <skipped/>
  </testcase> <!-- testVendorOnboardingMenuVisibilityAndClickability -->
  <testcase classname="tests.VendorRegistrationTest" name="testWeakPassword" time="0.0">
    <skipped/>
  </testcase> <!-- testWeakPassword -->
  <testcase classname="tests.VendorRegistrationTest" name="uploadFileVendorAgreement" time="0.0">
    <skipped/>
  </testcase> <!-- uploadFileVendorAgreement -->
  <testcase classname="tests.VendorRegistrationTest" name="uploadInvalidFileFormatVendorAgreement" time="0.0">
    <skipped/>
  </testcase> <!-- uploadInvalidFileFormatVendorAgreement -->
</testsuite> <!-- Surefire test -->
