<?xml version="1.0" encoding="UTF-8"?>
<!-- Generated by org.testng.reporters.JUnitReportReporter -->
<testsuite hostname="DESKTOP-DSBPMRT" failures="1" tests="13" name="tests.MerchatOnboardTest" time="193.607" errors="0" timestamp="2024-07-27T11:24:42 IST" skipped="0">
  <testcase classname="tests.MerchatOnboardTest" name="testInvalidMobileFormat" time="11.265"/>
  <testcase classname="tests.MerchatOnboardTest" name="testNumericAndSpecialCharactersInFields" time="12.393">
    <failure message="First Name field did not accept numeric and special characters. expected [12345!@#$%] but found []" type="java.lang.AssertionError">
      <![CDATA[java.lang.AssertionError: First Name field did not accept numeric and special characters. expected [12345!@#$%] but found []
at org.testng.Assert.fail(Assert.java:111)
at org.testng.Assert.failNotEquals(Assert.java:1578)
at org.testng.Assert.assertEqualsImpl(Assert.java:150)
at org.testng.Assert.assertEquals(Assert.java:132)
at org.testng.Assert.assertEquals(Assert.java:656)
at tests.MerchatOnboardTest.testNumericAndSpecialCharactersInFields(MerchatOnboardTest.java:85)
at java.base/jdk.internal.reflect.NativeMethodAccessorImpl.invoke0(Native Method)
at java.base/jdk.internal.reflect.NativeMethodAccessorImpl.invoke(NativeMethodAccessorImpl.java:77)
at java.base/jdk.internal.reflect.DelegatingMethodAccessorImpl.invoke(DelegatingMethodAccessorImpl.java:43)
at java.base/java.lang.reflect.Method.invoke(Method.java:568)
at org.testng.internal.invokers.MethodInvocationHelper.invokeMethod(MethodInvocationHelper.java:141)
at org.testng.internal.invokers.TestInvoker.invokeMethod(TestInvoker.java:686)
at org.testng.internal.invokers.TestInvoker.invokeTestMethod(TestInvoker.java:230)
at org.testng.internal.invokers.MethodRunner.runInSequence(MethodRunner.java:63)
at org.testng.internal.invokers.TestInvoker$MethodInvocationAgent.invoke(TestInvoker.java:992)
at org.testng.internal.invokers.TestInvoker.invokeTestMethods(TestInvoker.java:203)
at org.testng.internal.invokers.TestMethodWorker.invokeTestMethods(TestMethodWorker.java:154)
at org.testng.internal.invokers.TestMethodWorker.run(TestMethodWorker.java:134)
at java.base/java.util.ArrayList.forEach(ArrayList.java:1511)
at org.testng.TestRunner.privateRun(TestRunner.java:739)
at org.testng.TestRunner.run(TestRunner.java:614)
at org.testng.SuiteRunner.runTest(SuiteRunner.java:421)
at org.testng.SuiteRunner.runSequentially(SuiteRunner.java:413)
at org.testng.SuiteRunner.privateRun(SuiteRunner.java:373)
at org.testng.SuiteRunner.run(SuiteRunner.java:312)
at org.testng.SuiteRunnerWorker.runSuite(SuiteRunnerWorker.java:52)
at org.testng.SuiteRunnerWorker.run(SuiteRunnerWorker.java:95)
at org.testng.TestNG.runSuitesSequentially(TestNG.java:1274)
at org.testng.TestNG.runSuitesLocally(TestNG.java:1208)
at org.testng.TestNG.runSuites(TestNG.java:1112)
at org.testng.TestNG.run(TestNG.java:1079)
at org.testng.remote.AbstractRemoteTestNG.run(AbstractRemoteTestNG.java:115)
at org.testng.remote.RemoteTestNG.initAndRun(RemoteTestNG.java:293)
at org.testng.remote.RemoteTestNG.main(RemoteTestNG.java:91)
]]>
    </failure>
  </testcase> <!-- testNumericAndSpecialCharactersInFields -->
  <testcase classname="tests.MerchatOnboardTest" name="testWeakPassword" time="12.275"/>
  <testcase classname="tests.MerchatOnboardTest" name="testInvalidEmailFormat" time="15.866"/>
  <testcase classname="tests.MerchatOnboardTest" name="testPasswordAndEyeIcon" time="12.280"/>
  <testcase classname="tests.MerchatOnboardTest" name="testMerchantRegisterLink" time="12.285"/>
  <testcase classname="tests.MerchatOnboardTest" name="testEnterValidDetailsAndClickNext" time="17.207"/>
  <testcase classname="tests.MerchatOnboardTest" name="verifyMerchantOnboardingLink" time="14.338"/>
  <testcase classname="tests.MerchatOnboardTest" name="testClickPersonalDetailsTab" time="28.996"/>
  <testcase classname="tests.MerchatOnboardTest" name="VerifyEmptyFields" time="11.501"/>
  <testcase classname="tests.MerchatOnboardTest" name="testValidDetailsAndDraft" time="17.293"/>
  <testcase classname="tests.MerchatOnboardTest" name="testExistingUsernameErrorMessage" time="15.440"/>
  <testcase classname="tests.MerchatOnboardTest" name="verifyDraftButtonWithEmptyMandatoryFields" time="12.468"/>
</testsuite> <!-- tests.MerchatOnboardTest -->
