<?xml version="1.0" encoding="UTF-8"?>
<!-- Generated by org.testng.reporters.JUnitReportReporter -->
<testsuite hostname="DESKTOP-DSBPMRT" failures="0" tests="42" name="tests.VendorRegistrationTest" time="1.703" errors="1" timestamp="2024-07-29T13:49:13 IST" skipped="41">
  <testcase classname="tests.VendorRegistrationTest" name="testWeakPassword" time="1.671">
    <skipped/>
  </testcase> <!-- testWeakPassword -->
  <testcase classname="tests.VendorRegistrationTest" name="testEntervalidBranchName" time="0.001">
    <skipped/>
  </testcase> <!-- testEntervalidBranchName -->
  <testcase classname="tests.VendorRegistrationTest" name="testNumericAndSpecialCharactersInFields" time="0.000">
    <skipped/>
  </testcase> <!-- testNumericAndSpecialCharactersInFields -->
  <testcase classname="tests.VendorRegistrationTest" name="VerifyEmptyFields" time="0.000">
    <skipped/>
  </testcase> <!-- VerifyEmptyFields -->
  <testcase classname="tests.VendorRegistrationTest" name="setPage" time="0.026">
    <error message="no such element: Unable to locate element: {&quot;method&quot;:&quot;css selector&quot;,&quot;selector&quot;:&quot;#employee_username&quot;}
  (Session info: chrome=127.0.6533.72)
For documentation on this error, please visit: https://www.selenium.dev/documentation/webdriver/troubleshooting/errors#no-such-element-exception
Build info: version: &#039;4.22.0&#039;, revision: &#039;c5f3146703*&#039;
System info: os.name: &#039;Windows 11&#039;, os.arch: &#039;amd64&#039;, os.version: &#039;10.0&#039;, java.version: &#039;17.0.10&#039;
Driver info: org.openqa.selenium.chrome.ChromeDriver
Command: [511b237d4a4f777870fa4eb027268741, findElement {value=employee_username, using=id}]
Capabilities {acceptInsecureCerts: false, browserName: chrome, browserVersion: 127.0.6533.72, chrome: {chromedriverVersion: 127.0.6533.72 (9755e24ca85a..., userDataDir: C:\Users\veera\AppData\Loca...}, fedcm:accounts: true, goog:chromeOptions: {debuggerAddress: localhost:50837}, networkConnectionEnabled: false, pageLoadStrategy: normal, platformName: windows, proxy: Proxy(), se:cdp: ws://localhost:50837/devtoo..., se:cdpVersion: 127.0.6533.72, setWindowRect: true, strictFileInteractability: false, timeouts: {implicit: 0, pageLoad: 300000, script: 30000}, unhandledPromptBehavior: dismiss and notify, webauthn:extension:credBlob: true, webauthn:extension:largeBlob: true, webauthn:extension:minPinLength: true, webauthn:extension:prf: true, webauthn:virtualAuthenticators: true}
Session ID: 511b237d4a4f777870fa4eb027268741" type="org.openqa.selenium.NoSuchElementException">
      <![CDATA[org.openqa.selenium.NoSuchElementException: no such element: Unable to locate element: {"method":"css selector","selector":"#employee_username"}
  (Session info: chrome=127.0.6533.72)
For documentation on this error, please visit: https://www.selenium.dev/documentation/webdriver/troubleshooting/errors#no-such-element-exception
Build info: version: '4.22.0', revision: 'c5f3146703*'
System info: os.name: 'Windows 11', os.arch: 'amd64', os.version: '10.0', java.version: '17.0.10'
Driver info: org.openqa.selenium.chrome.ChromeDriver
Command: [511b237d4a4f777870fa4eb027268741, findElement {value=employee_username, using=id}]
Capabilities {acceptInsecureCerts: false, browserName: chrome, browserVersion: 127.0.6533.72, chrome: {chromedriverVersion: 127.0.6533.72 (9755e24ca85a..., userDataDir: C:\Users\veera\AppData\Loca...}, fedcm:accounts: true, goog:chromeOptions: {debuggerAddress: localhost:50837}, networkConnectionEnabled: false, pageLoadStrategy: normal, platformName: windows, proxy: Proxy(), se:cdp: ws://localhost:50837/devtoo..., se:cdpVersion: 127.0.6533.72, setWindowRect: true, strictFileInteractability: false, timeouts: {implicit: 0, pageLoad: 300000, script: 30000}, unhandledPromptBehavior: dismiss and notify, webauthn:extension:credBlob: true, webauthn:extension:largeBlob: true, webauthn:extension:minPinLength: true, webauthn:extension:prf: true, webauthn:virtualAuthenticators: true}
Session ID: 511b237d4a4f777870fa4eb027268741
at java.base/jdk.internal.reflect.NativeConstructorAccessorImpl.newInstance0(Native Method)
at java.base/jdk.internal.reflect.NativeConstructorAccessorImpl.newInstance(NativeConstructorAccessorImpl.java:77)
at java.base/jdk.internal.reflect.DelegatingConstructorAccessorImpl.newInstance(DelegatingConstructorAccessorImpl.java:45)
at java.base/java.lang.reflect.Constructor.newInstanceWithCaller(Constructor.java:499)
at java.base/java.lang.reflect.Constructor.newInstance(Constructor.java:480)
at org.openqa.selenium.remote.ErrorCodec.decode(ErrorCodec.java:167)
at org.openqa.selenium.remote.codec.w3c.W3CHttpResponseCodec.decode(W3CHttpResponseCodec.java:138)
at org.openqa.selenium.remote.codec.w3c.W3CHttpResponseCodec.decode(W3CHttpResponseCodec.java:50)
at org.openqa.selenium.remote.HttpCommandExecutor.execute(HttpCommandExecutor.java:190)
at org.openqa.selenium.remote.service.DriverCommandExecutor.invokeExecute(DriverCommandExecutor.java:216)
at org.openqa.selenium.remote.service.DriverCommandExecutor.execute(DriverCommandExecutor.java:174)
at org.openqa.selenium.remote.RemoteWebDriver.execute(RemoteWebDriver.java:518)
at org.openqa.selenium.remote.ElementLocation$ElementFinder$2.findElement(ElementLocation.java:165)
at org.openqa.selenium.remote.ElementLocation.findElement(ElementLocation.java:66)
at org.openqa.selenium.remote.RemoteWebDriver.findElement(RemoteWebDriver.java:355)
at org.openqa.selenium.remote.RemoteWebDriver.findElement(RemoteWebDriver.java:349)
at pages.LoginPage.enterUsername(LoginPage.java:31)
at pages.LoginPage.enterValidCredential(LoginPage.java:64)
at tests.VendorRegistrationTest.setPage(VendorRegistrationTest.java:16)
at java.base/jdk.internal.reflect.NativeMethodAccessorImpl.invoke0(Native Method)
at java.base/jdk.internal.reflect.NativeMethodAccessorImpl.invoke(NativeMethodAccessorImpl.java:77)
at java.base/jdk.internal.reflect.DelegatingMethodAccessorImpl.invoke(DelegatingMethodAccessorImpl.java:43)
at java.base/java.lang.reflect.Method.invoke(Method.java:568)
at org.testng.internal.invokers.MethodInvocationHelper.invokeMethod(MethodInvocationHelper.java:141)
at org.testng.internal.invokers.MethodInvocationHelper.invokeMethodConsideringTimeout(MethodInvocationHelper.java:71)
at org.testng.internal.invokers.ConfigInvoker.invokeConfigurationMethod(ConfigInvoker.java:400)
at org.testng.internal.invokers.ConfigInvoker.invokeConfigurations(ConfigInvoker.java:333)
at org.testng.internal.invokers.TestInvoker.runConfigMethods(TestInvoker.java:833)
at org.testng.internal.invokers.TestInvoker.invokeMethod(TestInvoker.java:600)
at org.testng.internal.invokers.TestInvoker.invokeTestMethod(TestInvoker.java:230)
at org.testng.internal.invokers.MethodRunner.runInSequence(MethodRunner.java:63)
at org.testng.internal.invokers.TestInvoker$MethodInvocationAgent.invoke(TestInvoker.java:992)
at org.testng.internal.invokers.TestInvoker.invokeTestMethods(TestInvoker.java:203)
at org.testng.internal.invokers.TestMethodWorker.invokeTestMethods(TestMethodWorker.java:154)
at org.testng.internal.invokers.TestMethodWorker.run(TestMethodWorker.java:134)
at java.base/java.util.ArrayList.forEach(ArrayList.java:1511)
at org.testng.TestRunner.privateRun(TestRunner.java:739)
at org.testng.TestRunner.run(TestRunner.java:614)
at org.testng.SuiteRunner.runTest(SuiteRunner.java:421)
at org.testng.SuiteRunner.runSequentially(SuiteRunner.java:413)
at org.testng.SuiteRunner.privateRun(SuiteRunner.java:373)
at org.testng.SuiteRunner.run(SuiteRunner.java:312)
at org.testng.SuiteRunnerWorker.runSuite(SuiteRunnerWorker.java:52)
at org.testng.SuiteRunnerWorker.run(SuiteRunnerWorker.java:95)
at org.testng.TestNG.runSuitesSequentially(TestNG.java:1274)
at org.testng.TestNG.runSuitesLocally(TestNG.java:1208)
at org.testng.TestNG.runSuites(TestNG.java:1112)
at org.testng.TestNG.run(TestNG.java:1079)
at org.testng.remote.AbstractRemoteTestNG.run(AbstractRemoteTestNG.java:115)
at org.testng.remote.RemoteTestNG.initAndRun(RemoteTestNG.java:293)
at org.testng.remote.RemoteTestNG.main(RemoteTestNG.java:91)
]]>
    </error>
  </testcase> <!-- setPage -->
  <testcase classname="tests.VendorRegistrationTest" name="testEnterInValidAccountNo" time="0.000">
    <skipped/>
  </testcase> <!-- testEnterInValidAccountNo -->
  <testcase classname="tests.VendorRegistrationTest" name="testValidCompanyNameInput" time="0.000">
    <skipped/>
  </testcase> <!-- testValidCompanyNameInput -->
  <testcase classname="tests.VendorRegistrationTest" name="testEnteringLessThan10DigitsInMobileField" time="0.001">
    <skipped/>
  </testcase> <!-- testEnteringLessThan10DigitsInMobileField -->
  <testcase classname="tests.VendorRegistrationTest" name="CompanyInfo" time="0.000">
    <skipped/>
  </testcase> <!-- CompanyInfo -->
  <testcase classname="tests.VendorRegistrationTest" name="testEnterValidAccountNo" time="0.000">
    <skipped/>
  </testcase> <!-- testEnterValidAccountNo -->
  <testcase classname="tests.VendorRegistrationTest" name="testEnteringSpecialCharactersInBankIFSCCode" time="0.000">
    <skipped/>
  </testcase> <!-- testEnteringSpecialCharactersInBankIFSCCode -->
  <testcase classname="tests.VendorRegistrationTest" name="testEnterInvalidBranchName" time="0.000">
    <skipped/>
  </testcase> <!-- testEnterInvalidBranchName -->
  <testcase classname="tests.VendorRegistrationTest" name="testSpecialAndNumericValuesInCompanyName" time="0.000">
    <skipped/>
  </testcase> <!-- testSpecialAndNumericValuesInCompanyName -->
  <testcase classname="tests.VendorRegistrationTest" name="uploadFileVendorAgreement" time="0.001">
    <skipped/>
  </testcase> <!-- uploadFileVendorAgreement -->
  <testcase classname="tests.VendorRegistrationTest" name="testExistingUsernameErrorMessage" time="0.000">
    <skipped/>
  </testcase> <!-- testExistingUsernameErrorMessage -->
  <testcase classname="tests.VendorRegistrationTest" name="testValidCityName" time="0.000">
    <skipped/>
  </testcase> <!-- testValidCityName -->
  <testcase classname="tests.VendorRegistrationTest" name="testInValidCityName" time="0.000">
    <skipped/>
  </testcase> <!-- testInValidCityName -->
  <testcase classname="tests.VendorRegistrationTest" name="testEnterInValidBankName" time="0.000">
    <skipped/>
  </testcase> <!-- testEnterInValidBankName -->
  <testcase classname="tests.VendorRegistrationTest" name="testSelectState" time="0.000">
    <skipped/>
  </testcase> <!-- testSelectState -->
  <testcase classname="tests.VendorRegistrationTest" name="testEnterValidInBankIFSCCode" time="0.000">
    <skipped/>
  </testcase> <!-- testEnterValidInBankIFSCCode -->
  <testcase classname="tests.VendorRegistrationTest" name="testInValidCompanyAddressSubmission" time="0.000">
    <skipped/>
  </testcase> <!-- testInValidCompanyAddressSubmission -->
  <testcase classname="tests.VendorRegistrationTest" name="uploadInvalidFileFormatVendorAgreement" time="0.000">
    <skipped/>
  </testcase> <!-- uploadInvalidFileFormatVendorAgreement -->
  <testcase classname="tests.VendorRegistrationTest" name="testVendorMenuVisibilityAndClickability" time="0.000">
    <skipped/>
  </testcase> <!-- testVendorMenuVisibilityAndClickability -->
  <testcase classname="tests.VendorRegistrationTest" name="testEnterInValidPincode" time="0.000">
    <skipped/>
  </testcase> <!-- testEnterInValidPincode -->
  <testcase classname="tests.VendorRegistrationTest" name="testFormSubmission" time="0.000">
    <skipped/>
  </testcase> <!-- testFormSubmission -->
  <testcase classname="tests.VendorRegistrationTest" name="testEnterInValidAccountHolderName" time="0.000">
    <skipped/>
  </testcase> <!-- testEnterInValidAccountHolderName -->
  <testcase classname="tests.VendorRegistrationTest" name="testInvalidEmailFormat" time="0.000">
    <skipped/>
  </testcase> <!-- testInvalidEmailFormat -->
  <testcase classname="tests.VendorRegistrationTest" name="testSelectValidBusinessType" time="0.000">
    <skipped/>
  </testcase> <!-- testSelectValidBusinessType -->
  <testcase classname="tests.VendorRegistrationTest" name="testExistingEmailErrorMessage" time="0.000">
    <skipped/>
  </testcase> <!-- testExistingEmailErrorMessage -->
  <testcase classname="tests.VendorRegistrationTest" name="testPasswordValidation" time="0.000">
    <skipped/>
  </testcase> <!-- testPasswordValidation -->
  <testcase classname="tests.VendorRegistrationTest" name="testDraftButtonSavesInformation" time="0.000">
    <skipped/>
  </testcase> <!-- testDraftButtonSavesInformation -->
  <testcase classname="tests.VendorRegistrationTest" name="testVendorOnboardingMenuVisibilityAndClickability" time="0.000">
    <skipped/>
  </testcase> <!-- testVendorOnboardingMenuVisibilityAndClickability -->
  <testcase classname="tests.VendorRegistrationTest" name="testEnterAlphabetAndSymbolInMobileField" time="0.000">
    <skipped/>
  </testcase> <!-- testEnterAlphabetAndSymbolInMobileField -->
  <testcase classname="tests.VendorRegistrationTest" name="testEnterValidBankName" time="0.000">
    <skipped/>
  </testcase> <!-- testEnterValidBankName -->
  <testcase classname="tests.VendorRegistrationTest" name="testEnterValidAccountHolderName" time="0.000">
    <skipped/>
  </testcase> <!-- testEnterValidAccountHolderName -->
  <testcase classname="tests.VendorRegistrationTest" name="testEnterPartialAccountNo" time="0.000">
    <skipped/>
  </testcase> <!-- testEnterPartialAccountNo -->
  <testcase classname="tests.VendorRegistrationTest" name="testEntermorethan18digitsAccountNo" time="0.002">
    <skipped/>
  </testcase> <!-- testEntermorethan18digitsAccountNo -->
  <testcase classname="tests.VendorRegistrationTest" name="testAddVendorButtonNavigation" time="0.000">
    <skipped/>
  </testcase> <!-- testAddVendorButtonNavigation -->
  <testcase classname="tests.VendorRegistrationTest" name="testEditBusinessInfo" time="0.001">
    <skipped/>
  </testcase> <!-- testEditBusinessInfo -->
  <testcase classname="tests.VendorRegistrationTest" name="testEnterValidPincode" time="0.000">
    <skipped/>
  </testcase> <!-- testEnterValidPincode -->
  <testcase classname="tests.VendorRegistrationTest" name="testValidCompanyAddressSubmission" time="0.000">
    <skipped/>
  </testcase> <!-- testValidCompanyAddressSubmission -->
  <testcase classname="tests.VendorRegistrationTest" name="testPasswordVisibilityToggle" time="0.000">
    <skipped/>
  </testcase> <!-- testPasswordVisibilityToggle -->
</testsuite> <!-- tests.VendorRegistrationTest -->
