<?xml version="1.0" encoding="UTF-8"?>
<!-- Generated by org.testng.reporters.JUnitReportReporter -->
<testsuite hostname="DESKTOP-DSBPMRT" failures="0" tests="82" name="tests.CompanyInfoTest" time="2.159" errors="1" timestamp="2024-07-29T13:52:04 IST" skipped="81">
  <testcase classname="tests.CompanyInfoTest" name="testPreviousButtonDisabledOnFirstPage" time="2.127">
    <skipped/>
  </testcase> <!-- testPreviousButtonDisabledOnFirstPage -->
  <testcase classname="tests.CompanyInfoTest" name="testSelectValidBusinessType" time="0.000">
    <skipped/>
  </testcase> <!-- testSelectValidBusinessType -->
  <testcase classname="tests.CompanyInfoTest" name="testSpecialAndNumericValues" time="0.000">
    <skipped/>
  </testcase> <!-- testSpecialAndNumericValues -->
  <testcase classname="tests.CompanyInfoTest" name="CompanyInfoExceptBankIFSCCode" time="0.000">
    <skipped/>
  </testcase> <!-- CompanyInfoExceptBankIFSCCode -->
  <testcase classname="tests.CompanyInfoTest" name="testEnterValidDetailsAndClickDraft" time="0.001">
    <skipped/>
  </testcase> <!-- testEnterValidDetailsAndClickDraft -->
  <testcase classname="tests.CompanyInfoTest" name="testUploadFileMoreThan5Mb" time="0.000">
    <skipped/>
  </testcase> <!-- testUploadFileMoreThan5Mb -->
  <testcase classname="tests.CompanyInfoTest" name="testInvalidWebhookUrl" time="0.000">
    <skipped/>
  </testcase> <!-- testInvalidWebhookUrl -->
  <testcase classname="tests.CompanyInfoTest" name="testEnterAlphanumericIFSCCode" time="0.000">
    <skipped/>
  </testcase> <!-- testEnterAlphanumericIFSCCode -->
  <testcase classname="tests.CompanyInfoTest" name="testEnterValidUrlInAppUrlField" time="0.000">
    <skipped/>
  </testcase> <!-- testEnterValidUrlInAppUrlField -->
  <testcase classname="tests.CompanyInfoTest" name="testNoDataInWebAppsList" time="0.000">
    <skipped/>
  </testcase> <!-- testNoDataInWebAppsList -->
  <testcase classname="tests.CompanyInfoTest" name="testSpecialCharacterInput" time="0.000">
    <skipped/>
  </testcase> <!-- testSpecialCharacterInput -->
  <testcase classname="tests.CompanyInfoTest" name="testEnterValidWebhookUrl" time="0.000">
    <skipped/>
  </testcase> <!-- testEnterValidWebhookUrl -->
  <testcase classname="tests.CompanyInfoTest" name="testSelectVendor" time="0.000">
    <skipped/>
  </testcase> <!-- testSelectVendor -->
  <testcase classname="tests.CompanyInfoTest" name="testValidCityName" time="0.000">
    <skipped/>
  </testcase> <!-- testValidCityName -->
  <testcase classname="tests.CompanyInfoTest" name="testUploadPdfFile" time="0.000">
    <skipped/>
  </testcase> <!-- testUploadPdfFile -->
  <testcase classname="tests.CompanyInfoTest" name="testClickbussinessInfoTab" time="0.000">
    <skipped/>
  </testcase> <!-- testClickbussinessInfoTab -->
  <testcase classname="tests.CompanyInfoTest" name="testToggleSwitch" time="0.000">
    <skipped/>
  </testcase> <!-- testToggleSwitch -->
  <testcase classname="tests.CompanyInfoTest" name="testEnterAlphabetsInPincode" time="0.000">
    <skipped/>
  </testcase> <!-- testEnterAlphabetsInPincode -->
  <testcase classname="tests.CompanyInfoTest" name="selectValidBusinessCategory" time="0.000">
    <skipped/>
  </testcase> <!-- selectValidBusinessCategory -->
  <testcase classname="tests.CompanyInfoTest" name="testErrorMessageDisplayedForLessThan9Digits" time="0.000">
    <skipped/>
  </testcase> <!-- testErrorMessageDisplayedForLessThan9Digits -->
  <testcase classname="tests.CompanyInfoTest" name="testMandatoryFieldsAndNextButton" time="0.000">
    <skipped/>
  </testcase> <!-- testMandatoryFieldsAndNextButton -->
  <testcase classname="tests.CompanyInfoTest" name="verify_click_Cancel_button" time="0.000">
    <skipped/>
  </testcase> <!-- verify_click_Cancel_button -->
  <testcase classname="tests.CompanyInfoTest" name="CompanyInfo" time="0.000">
    <skipped/>
  </testcase> <!-- CompanyInfo -->
  <testcase classname="tests.CompanyInfoTest" name="testClickOnPayInSettingsTab" time="0.001">
    <skipped/>
  </testcase> <!-- testClickOnPayInSettingsTab -->
  <testcase classname="tests.CompanyInfoTest" name="testSpecialCharactersInOrderPrefix" time="0.000">
    <skipped/>
  </testcase> <!-- testSpecialCharactersInOrderPrefix -->
  <testcase classname="tests.CompanyInfoTest" name="verifyUserDetailsDisplayedCorrectly" time="0.000">
    <skipped/>
  </testcase> <!-- verifyUserDetailsDisplayedCorrectly -->
  <testcase classname="tests.CompanyInfoTest" name="companyPage" time="0.020">
    <error message="no such element: Unable to locate element: {&quot;method&quot;:&quot;css selector&quot;,&quot;selector&quot;:&quot;#employee_username&quot;}
  (Session info: chrome=127.0.6533.72)
For documentation on this error, please visit: https://www.selenium.dev/documentation/webdriver/troubleshooting/errors#no-such-element-exception
Build info: version: &#039;4.22.0&#039;, revision: &#039;c5f3146703*&#039;
System info: os.name: &#039;Windows 11&#039;, os.arch: &#039;amd64&#039;, os.version: &#039;10.0&#039;, java.version: &#039;17.0.10&#039;
Driver info: org.openqa.selenium.chrome.ChromeDriver
Command: [5bd875f4185ce96bec638b4b342e1bef, findElement {value=employee_username, using=id}]
Capabilities {acceptInsecureCerts: false, browserName: chrome, browserVersion: 127.0.6533.72, chrome: {chromedriverVersion: 127.0.6533.72 (9755e24ca85a..., userDataDir: C:\Users\veera\AppData\Loca...}, fedcm:accounts: true, goog:chromeOptions: {debuggerAddress: localhost:50920}, networkConnectionEnabled: false, pageLoadStrategy: normal, platformName: windows, proxy: Proxy(), se:cdp: ws://localhost:50920/devtoo..., se:cdpVersion: 127.0.6533.72, setWindowRect: true, strictFileInteractability: false, timeouts: {implicit: 0, pageLoad: 300000, script: 30000}, unhandledPromptBehavior: dismiss and notify, webauthn:extension:credBlob: true, webauthn:extension:largeBlob: true, webauthn:extension:minPinLength: true, webauthn:extension:prf: true, webauthn:virtualAuthenticators: true}
Session ID: 5bd875f4185ce96bec638b4b342e1bef" type="org.openqa.selenium.NoSuchElementException">
      <![CDATA[org.openqa.selenium.NoSuchElementException: no such element: Unable to locate element: {"method":"css selector","selector":"#employee_username"}
  (Session info: chrome=127.0.6533.72)
For documentation on this error, please visit: https://www.selenium.dev/documentation/webdriver/troubleshooting/errors#no-such-element-exception
Build info: version: '4.22.0', revision: 'c5f3146703*'
System info: os.name: 'Windows 11', os.arch: 'amd64', os.version: '10.0', java.version: '17.0.10'
Driver info: org.openqa.selenium.chrome.ChromeDriver
Command: [5bd875f4185ce96bec638b4b342e1bef, findElement {value=employee_username, using=id}]
Capabilities {acceptInsecureCerts: false, browserName: chrome, browserVersion: 127.0.6533.72, chrome: {chromedriverVersion: 127.0.6533.72 (9755e24ca85a..., userDataDir: C:\Users\veera\AppData\Loca...}, fedcm:accounts: true, goog:chromeOptions: {debuggerAddress: localhost:50920}, networkConnectionEnabled: false, pageLoadStrategy: normal, platformName: windows, proxy: Proxy(), se:cdp: ws://localhost:50920/devtoo..., se:cdpVersion: 127.0.6533.72, setWindowRect: true, strictFileInteractability: false, timeouts: {implicit: 0, pageLoad: 300000, script: 30000}, unhandledPromptBehavior: dismiss and notify, webauthn:extension:credBlob: true, webauthn:extension:largeBlob: true, webauthn:extension:minPinLength: true, webauthn:extension:prf: true, webauthn:virtualAuthenticators: true}
Session ID: 5bd875f4185ce96bec638b4b342e1bef
at java.base/jdk.internal.reflect.NativeConstructorAccessorImpl.newInstance0(Native Method)
at java.base/jdk.internal.reflect.NativeConstructorAccessorImpl.newInstance(NativeConstructorAccessorImpl.java:77)
at java.base/jdk.internal.reflect.DelegatingConstructorAccessorImpl.newInstance(DelegatingConstructorAccessorImpl.java:45)
at java.base/java.lang.reflect.Constructor.newInstanceWithCaller(Constructor.java:499)
at java.base/java.lang.reflect.Constructor.newInstance(Constructor.java:480)
at org.openqa.selenium.remote.ErrorCodec.decode(ErrorCodec.java:167)
at org.openqa.selenium.remote.codec.w3c.W3CHttpResponseCodec.decode(W3CHttpResponseCodec.java:138)
at org.openqa.selenium.remote.codec.w3c.W3CHttpResponseCodec.decode(W3CHttpResponseCodec.java:50)
at org.openqa.selenium.remote.HttpCommandExecutor.execute(HttpCommandExecutor.java:190)
at org.openqa.selenium.remote.service.DriverCommandExecutor.invokeExecute(DriverCommandExecutor.java:216)
at org.openqa.selenium.remote.service.DriverCommandExecutor.execute(DriverCommandExecutor.java:174)
at org.openqa.selenium.remote.RemoteWebDriver.execute(RemoteWebDriver.java:518)
at org.openqa.selenium.remote.ElementLocation$ElementFinder$2.findElement(ElementLocation.java:165)
at org.openqa.selenium.remote.ElementLocation.findElement(ElementLocation.java:66)
at org.openqa.selenium.remote.RemoteWebDriver.findElement(RemoteWebDriver.java:355)
at org.openqa.selenium.remote.RemoteWebDriver.findElement(RemoteWebDriver.java:349)
at pages.LoginPage.enterUsername(LoginPage.java:31)
at pages.LoginPage.enterValidCredential(LoginPage.java:64)
at tests.CompanyInfoTest.companyPage(CompanyInfoTest.java:22)
at java.base/jdk.internal.reflect.NativeMethodAccessorImpl.invoke0(Native Method)
at java.base/jdk.internal.reflect.NativeMethodAccessorImpl.invoke(NativeMethodAccessorImpl.java:77)
at java.base/jdk.internal.reflect.DelegatingMethodAccessorImpl.invoke(DelegatingMethodAccessorImpl.java:43)
at java.base/java.lang.reflect.Method.invoke(Method.java:568)
at org.testng.internal.invokers.MethodInvocationHelper.invokeMethod(MethodInvocationHelper.java:141)
at org.testng.internal.invokers.MethodInvocationHelper.invokeMethodConsideringTimeout(MethodInvocationHelper.java:71)
at org.testng.internal.invokers.ConfigInvoker.invokeConfigurationMethod(ConfigInvoker.java:400)
at org.testng.internal.invokers.ConfigInvoker.invokeConfigurations(ConfigInvoker.java:333)
at org.testng.internal.invokers.TestInvoker.runConfigMethods(TestInvoker.java:833)
at org.testng.internal.invokers.TestInvoker.invokeMethod(TestInvoker.java:600)
at org.testng.internal.invokers.TestInvoker.invokeTestMethod(TestInvoker.java:230)
at org.testng.internal.invokers.MethodRunner.runInSequence(MethodRunner.java:63)
at org.testng.internal.invokers.TestInvoker$MethodInvocationAgent.invoke(TestInvoker.java:992)
at org.testng.internal.invokers.TestInvoker.invokeTestMethods(TestInvoker.java:203)
at org.testng.internal.invokers.TestMethodWorker.invokeTestMethods(TestMethodWorker.java:154)
at org.testng.internal.invokers.TestMethodWorker.run(TestMethodWorker.java:134)
at java.base/java.util.ArrayList.forEach(ArrayList.java:1511)
at org.testng.TestRunner.privateRun(TestRunner.java:739)
at org.testng.TestRunner.run(TestRunner.java:614)
at org.testng.SuiteRunner.runTest(SuiteRunner.java:421)
at org.testng.SuiteRunner.runSequentially(SuiteRunner.java:413)
at org.testng.SuiteRunner.privateRun(SuiteRunner.java:373)
at org.testng.SuiteRunner.run(SuiteRunner.java:312)
at org.testng.SuiteRunnerWorker.runSuite(SuiteRunnerWorker.java:52)
at org.testng.SuiteRunnerWorker.run(SuiteRunnerWorker.java:95)
at org.testng.TestNG.runSuitesSequentially(TestNG.java:1274)
at org.testng.TestNG.runSuitesLocally(TestNG.java:1208)
at org.testng.TestNG.runSuites(TestNG.java:1112)
at org.testng.TestNG.run(TestNG.java:1079)
at org.testng.remote.AbstractRemoteTestNG.run(AbstractRemoteTestNG.java:115)
at org.testng.remote.RemoteTestNG.initAndRun(RemoteTestNG.java:293)
at org.testng.remote.RemoteTestNG.main(RemoteTestNG.java:91)
]]>
    </error>
  </testcase> <!-- companyPage -->
  <testcase classname="tests.CompanyInfoTest" name="testUpdateButtonTriggersUpdateProcess" time="0.001">
    <skipped/>
  </testcase> <!-- testUpdateButtonTriggersUpdateProcess -->
  <testcase classname="tests.CompanyInfoTest" name="testValidBranchNameInput" time="0.000">
    <skipped/>
  </testcase> <!-- testValidBranchNameInput -->
  <testcase classname="tests.CompanyInfoTest" name="testClickPersonalDetailTab" time="0.000">
    <skipped/>
  </testcase> <!-- testClickPersonalDetailTab -->
  <testcase classname="tests.CompanyInfoTest" name="testUpdateWebAppData" time="0.000">
    <skipped/>
  </testcase> <!-- testUpdateWebAppData -->
  <testcase classname="tests.CompanyInfoTest" name="verify_entering_valid_account_number" time="0.000">
    <skipped/>
  </testcase> <!-- verify_entering_valid_account_number -->
  <testcase classname="tests.CompanyInfoTest" name="testCompleteButtonSubmitsForm" time="0.000">
    <skipped/>
  </testcase> <!-- testCompleteButtonSubmitsForm -->
  <testcase classname="tests.CompanyInfoTest" name="testEnterValuesAndAddWebApp" time="0.000">
    <skipped/>
  </testcase> <!-- testEnterValuesAndAddWebApp -->
  <testcase classname="tests.CompanyInfoTest" name="testClickPreviousButtonOnLastPage" time="0.000">
    <skipped/>
  </testcase> <!-- testClickPreviousButtonOnLastPage -->
  <testcase classname="tests.CompanyInfoTest" name="testAddWebApplicationandCloseButton" time="0.000">
    <skipped/>
  </testcase> <!-- testAddWebApplicationandCloseButton -->
  <testcase classname="tests.CompanyInfoTest" name="testSortingIndicatorChangesToAscending" time="0.000">
    <skipped/>
  </testcase> <!-- testSortingIndicatorChangesToAscending -->
  <testcase classname="tests.CompanyInfoTest" name="testClickNextButton" time="0.001">
    <skipped/>
  </testcase> <!-- testClickNextButton -->
  <testcase classname="tests.CompanyInfoTest" name="testCopyPasteSearchField" time="0.000">
    <skipped/>
  </testcase> <!-- testCopyPasteSearchField -->
  <testcase classname="tests.CompanyInfoTest" name="testEnterValidPincode" time="0.000">
    <skipped/>
  </testcase> <!-- testEnterValidPincode -->
  <testcase classname="tests.CompanyInfoTest" name="testClickCloseButton" time="0.000">
    <skipped/>
  </testcase> <!-- testClickCloseButton -->
  <testcase classname="tests.CompanyInfoTest" name="testUpdateWebApp" time="0.000">
    <skipped/>
  </testcase> <!-- testUpdateWebApp -->
  <testcase classname="tests.CompanyInfoTest" name="testEnterAppName" time="0.002">
    <skipped/>
  </testcase> <!-- testEnterAppName -->
  <testcase classname="tests.CompanyInfoTest" name="testNextButtonNavigation" time="0.000">
    <skipped/>
  </testcase> <!-- testNextButtonNavigation -->
  <testcase classname="tests.CompanyInfoTest" name="testCompleteItButtonClick" time="0.000">
    <skipped/>
  </testcase> <!-- testCompleteItButtonClick -->
  <testcase classname="tests.CompanyInfoTest" name="testEnterAlphabetsAndSpecialCharacters" time="0.000">
    <skipped/>
  </testcase> <!-- testEnterAlphabetsAndSpecialCharacters -->
  <testcase classname="tests.CompanyInfoTest" name="testSortingIndicatorChangesToDescending" time="0.000">
    <skipped/>
  </testcase> <!-- testSortingIndicatorChangesToDescending -->
  <testcase classname="tests.CompanyInfoTest" name="testSpecialAndNumericValuesInBranchName" time="0.000">
    <skipped/>
  </testcase> <!-- testSpecialAndNumericValuesInBranchName -->
  <testcase classname="tests.CompanyInfoTest" name="verifyMandatoryFieldValidationWhenSavingAsDraft" time="0.000">
    <skipped/>
  </testcase> <!-- verifyMandatoryFieldValidationWhenSavingAsDraft -->
  <testcase classname="tests.CompanyInfoTest" name="testChangeOrderPrefix" time="0.000">
    <skipped/>
  </testcase> <!-- testChangeOrderPrefix -->
  <testcase classname="tests.CompanyInfoTest" name="testSearchAndClear" time="0.000">
    <skipped/>
  </testcase> <!-- testSearchAndClear -->
  <testcase classname="tests.CompanyInfoTest" name="testClickingButtonOpensModal" time="0.000">
    <skipped/>
  </testcase> <!-- testClickingButtonOpensModal -->
  <testcase classname="tests.CompanyInfoTest" name="testValidSubmission" time="0.000">
    <skipped/>
  </testcase> <!-- testValidSubmission -->
  <testcase classname="tests.CompanyInfoTest" name="testOrderPrefixMoreThanFourCharacters" time="0.000">
    <skipped/>
  </testcase> <!-- testOrderPrefixMoreThanFourCharacters -->
  <testcase classname="tests.CompanyInfoTest" name="testSelectMonthlyExpenditure" time="0.000">
    <skipped/>
  </testcase> <!-- testSelectMonthlyExpenditure -->
  <testcase classname="tests.CompanyInfoTest" name="testValidIpAddress" time="0.000">
    <skipped/>
  </testcase> <!-- testValidIpAddress -->
  <testcase classname="tests.CompanyInfoTest" name="verifyMandatoryFieldValidation" time="0.001">
    <skipped/>
  </testcase> <!-- verifyMandatoryFieldValidation -->
  <testcase classname="tests.CompanyInfoTest" name="testSelectState" time="0.000">
    <skipped/>
  </testcase> <!-- testSelectState -->
  <testcase classname="tests.CompanyInfoTest" name="testValidPercentageFees" time="0.000">
    <skipped/>
  </testcase> <!-- testValidPercentageFees -->
  <testcase classname="tests.CompanyInfoTest" name="testClickPersonalDetailsTab" time="0.000">
    <skipped/>
  </testcase> <!-- testClickPersonalDetailsTab -->
  <testcase classname="tests.CompanyInfoTest" name="testEnterValidAccountHolderName" time="0.000">
    <skipped/>
  </testcase> <!-- testEnterValidAccountHolderName -->
  <testcase classname="tests.CompanyInfoTest" name="testSelectDataPerPage" time="0.000">
    <skipped/>
  </testcase> <!-- testSelectDataPerPage -->
  <testcase classname="tests.CompanyInfoTest" name="testSpecialCharactersBankNameInput" time="0.000">
    <skipped/>
  </testcase> <!-- testSpecialCharactersBankNameInput -->
  <testcase classname="tests.CompanyInfoTest" name="testInvalidUrlEntry" time="0.002">
    <skipped/>
  </testcase> <!-- testInvalidUrlEntry -->
  <testcase classname="tests.CompanyInfoTest" name="testAddApplicationWithEmptyMandatoryFields" time="0.000">
    <skipped/>
  </testcase> <!-- testAddApplicationWithEmptyMandatoryFields -->
  <testcase classname="tests.CompanyInfoTest" name="testValidCompanyDetails" time="0.000">
    <skipped/>
  </testcase> <!-- testValidCompanyDetails -->
  <testcase classname="tests.CompanyInfoTest" name="validateUserIdFormat" time="0.001">
    <skipped/>
  </testcase> <!-- validateUserIdFormat -->
  <testcase classname="tests.CompanyInfoTest" name="testUploadInValidPdfFile" time="0.000">
    <skipped/>
  </testcase> <!-- testUploadInValidPdfFile -->
  <testcase classname="tests.CompanyInfoTest" name="testEnterNumberMoreThan100Percent" time="0.000">
    <skipped/>
  </testcase> <!-- testEnterNumberMoreThan100Percent -->
  <testcase classname="tests.CompanyInfoTest" name="testInvalidIPv4AddressWithLetters" time="0.000">
    <skipped/>
  </testcase> <!-- testInvalidIPv4AddressWithLetters -->
  <testcase classname="tests.CompanyInfoTest" name="verifyBadgeTextAndVisibilityFor_NO" time="0.000">
    <skipped/>
  </testcase> <!-- verifyBadgeTextAndVisibilityFor_NO -->
  <testcase classname="tests.CompanyInfoTest" name="testAlphabeticCharactersInBankAccountNumberField" time="0.001">
    <skipped/>
  </testcase> <!-- testAlphabeticCharactersInBankAccountNumberField -->
  <testcase classname="tests.CompanyInfoTest" name="testEditCompanyInfoAndClickNext" time="0.000">
    <skipped/>
  </testcase> <!-- testEditCompanyInfoAndClickNext -->
  <testcase classname="tests.CompanyInfoTest" name="verifyBadgeTextAndVisibility" time="0.000">
    <skipped/>
  </testcase> <!-- verifyBadgeTextAndVisibility -->
  <testcase classname="tests.CompanyInfoTest" name="testCancelButtonIsClickable" time="0.000">
    <skipped/>
  </testcase> <!-- testCancelButtonIsClickable -->
  <testcase classname="tests.CompanyInfoTest" name="testEnterValidIFSCCode" time="0.000">
    <skipped/>
  </testcase> <!-- testEnterValidIFSCCode -->
  <testcase classname="tests.CompanyInfoTest" name="testUploadFileAgain" time="0.001">
    <skipped/>
  </testcase> <!-- testUploadFileAgain -->
  <testcase classname="tests.CompanyInfoTest" name="testPayInToggleSwitch" time="0.000">
    <skipped/>
  </testcase> <!-- testPayInToggleSwitch -->
  <testcase classname="tests.CompanyInfoTest" name="testUploadPdfFile_all_mandatoryfields" time="0.000">
    <skipped/>
  </testcase> <!-- testUploadPdfFile_all_mandatoryfields -->
  <testcase classname="tests.CompanyInfoTest" name="testEmptySearchInput" time="0.000">
    <skipped/>
  </testcase> <!-- testEmptySearchInput -->
  <testcase classname="tests.CompanyInfoTest" name="testIrrelevantSearchText" time="0.000">
    <skipped/>
  </testcase> <!-- testIrrelevantSearchText -->
  <testcase classname="tests.CompanyInfoTest" name="testClickCompanyInfoTab" time="0.000">
    <skipped/>
  </testcase> <!-- testClickCompanyInfoTab -->
</testsuite> <!-- tests.CompanyInfoTest -->
