<?xml version="1.0" encoding="UTF-8"?>
<!-- Generated by org.testng.reporters.JUnitReportReporter -->
<testsuite hostname="DESKTOP-DSBPMRT" failures="0" tests="13" name="tests.VendorListTest" time="6.736" errors="1" timestamp="2024-07-30T13:54:55 IST" skipped="12">
  <testcase classname="tests.VendorListTest" name="testCopyPasteSearchField" time="2.555">
    <skipped/>
  </testcase> <!-- testCopyPasteSearchField -->
  <testcase classname="tests.VendorListTest" name="testClickingImageOpensModalWithCorrectBankDetails" time="0.000">
    <skipped/>
  </testcase> <!-- testClickingImageOpensModalWithCorrectBankDetails -->
  <testcase classname="tests.VendorListTest" name="testEditBusinessInfo" time="0.000">
    <skipped/>
  </testcase> <!-- testEditBusinessInfo -->
  <testcase classname="tests.VendorListTest" name="testAddVendorNavigation" time="0.000">
    <skipped/>
  </testcase> <!-- testAddVendorNavigation -->
  <testcase classname="tests.VendorListTest" name="testEditButtonOpensEditingInterface" time="0.000">
    <skipped/>
  </testcase> <!-- testEditButtonOpensEditingInterface -->
  <testcase classname="tests.VendorListTest" name="testValidSearchQuery" time="0.000">
    <skipped/>
  </testcase> <!-- testValidSearchQuery -->
  <testcase classname="tests.VendorListTest" name="testVerifyMerchantButtonClick" time="0.000">
    <skipped/>
  </testcase> <!-- testVerifyMerchantButtonClick -->
  <testcase classname="tests.VendorListTest" name="vendorList" time="4.181">
    <error message="element not interactable
  (Session info: chrome=127.0.6533.72)
Build info: version: &#039;4.22.0&#039;, revision: &#039;c5f3146703*&#039;
System info: os.name: &#039;Windows 11&#039;, os.arch: &#039;amd64&#039;, os.version: &#039;10.0&#039;, java.version: &#039;21.0.3&#039;
Driver info: org.openqa.selenium.chrome.ChromeDriver
Command: [cabfa8122514e763752fea5c0b9b0763, clickElement {id=f.586154DC67773D32DE44A2C76F2812AB.d.79D251EAB790E6733A6C6A010C4F380E.e.30}]
Capabilities {acceptInsecureCerts: false, browserName: chrome, browserVersion: 127.0.6533.72, chrome: {chromedriverVersion: 127.0.6533.72 (9755e24ca85a..., userDataDir: C:\Windows\SystemTemp\scope...}, fedcm:accounts: true, goog:chromeOptions: {debuggerAddress: localhost:64397}, networkConnectionEnabled: false, pageLoadStrategy: normal, platformName: windows, proxy: Proxy(), se:cdp: ws://localhost:64397/devtoo..., se:cdpVersion: 127.0.6533.72, setWindowRect: true, strictFileInteractability: false, timeouts: {implicit: 0, pageLoad: 300000, script: 30000}, unhandledPromptBehavior: dismiss and notify, webauthn:extension:credBlob: true, webauthn:extension:largeBlob: true, webauthn:extension:minPinLength: true, webauthn:extension:prf: true, webauthn:virtualAuthenticators: true}
Element: [[ChromeDriver: chrome on windows (cabfa8122514e763752fea5c0b9b0763)] -&gt; id: otp-match-now]
Session ID: cabfa8122514e763752fea5c0b9b0763" type="org.openqa.selenium.ElementNotInteractableException">
      <![CDATA[org.openqa.selenium.ElementNotInteractableException: element not interactable
  (Session info: chrome=127.0.6533.72)
Build info: version: '4.22.0', revision: 'c5f3146703*'
System info: os.name: 'Windows 11', os.arch: 'amd64', os.version: '10.0', java.version: '21.0.3'
Driver info: org.openqa.selenium.chrome.ChromeDriver
Command: [cabfa8122514e763752fea5c0b9b0763, clickElement {id=f.586154DC67773D32DE44A2C76F2812AB.d.79D251EAB790E6733A6C6A010C4F380E.e.30}]
Capabilities {acceptInsecureCerts: false, browserName: chrome, browserVersion: 127.0.6533.72, chrome: {chromedriverVersion: 127.0.6533.72 (9755e24ca85a..., userDataDir: C:\Windows\SystemTemp\scope...}, fedcm:accounts: true, goog:chromeOptions: {debuggerAddress: localhost:64397}, networkConnectionEnabled: false, pageLoadStrategy: normal, platformName: windows, proxy: Proxy(), se:cdp: ws://localhost:64397/devtoo..., se:cdpVersion: 127.0.6533.72, setWindowRect: true, strictFileInteractability: false, timeouts: {implicit: 0, pageLoad: 300000, script: 30000}, unhandledPromptBehavior: dismiss and notify, webauthn:extension:credBlob: true, webauthn:extension:largeBlob: true, webauthn:extension:minPinLength: true, webauthn:extension:prf: true, webauthn:virtualAuthenticators: true}
Element: [[ChromeDriver: chrome on windows (cabfa8122514e763752fea5c0b9b0763)] -> id: otp-match-now]
Session ID: cabfa8122514e763752fea5c0b9b0763
at java.base/jdk.internal.reflect.DirectConstructorHandleAccessor.newInstance(DirectConstructorHandleAccessor.java:62)
at java.base/java.lang.reflect.Constructor.newInstanceWithCaller(Constructor.java:502)
at java.base/java.lang.reflect.Constructor.newInstance(Constructor.java:486)
at org.openqa.selenium.remote.ErrorCodec.decode(ErrorCodec.java:167)
at org.openqa.selenium.remote.codec.w3c.W3CHttpResponseCodec.decode(W3CHttpResponseCodec.java:138)
at org.openqa.selenium.remote.codec.w3c.W3CHttpResponseCodec.decode(W3CHttpResponseCodec.java:50)
at org.openqa.selenium.remote.HttpCommandExecutor.execute(HttpCommandExecutor.java:190)
at org.openqa.selenium.remote.service.DriverCommandExecutor.invokeExecute(DriverCommandExecutor.java:216)
at org.openqa.selenium.remote.service.DriverCommandExecutor.execute(DriverCommandExecutor.java:174)
at org.openqa.selenium.remote.RemoteWebDriver.execute(RemoteWebDriver.java:518)
at org.openqa.selenium.remote.RemoteWebElement.execute(RemoteWebElement.java:223)
at org.openqa.selenium.remote.RemoteWebElement.click(RemoteWebElement.java:76)
at pages.DashboardPage.enterSubmitbtn(DashboardPage.java:25)
at tests.VendorListTest.vendorList(VendorListTest.java:18)
at java.base/jdk.internal.reflect.DirectMethodHandleAccessor.invoke(DirectMethodHandleAccessor.java:103)
at java.base/java.lang.reflect.Method.invoke(Method.java:580)
at org.testng.internal.invokers.MethodInvocationHelper.invokeMethod(MethodInvocationHelper.java:141)
at org.testng.internal.invokers.MethodInvocationHelper.invokeMethodConsideringTimeout(MethodInvocationHelper.java:71)
at org.testng.internal.invokers.ConfigInvoker.invokeConfigurationMethod(ConfigInvoker.java:400)
at org.testng.internal.invokers.ConfigInvoker.invokeConfigurations(ConfigInvoker.java:333)
at org.testng.internal.invokers.TestInvoker.runConfigMethods(TestInvoker.java:833)
at org.testng.internal.invokers.TestInvoker.invokeMethod(TestInvoker.java:600)
at org.testng.internal.invokers.TestInvoker.invokeTestMethod(TestInvoker.java:230)
at org.testng.internal.invokers.MethodRunner.runInSequence(MethodRunner.java:63)
at org.testng.internal.invokers.TestInvoker$MethodInvocationAgent.invoke(TestInvoker.java:992)
at org.testng.internal.invokers.TestInvoker.invokeTestMethods(TestInvoker.java:203)
at org.testng.internal.invokers.TestMethodWorker.invokeTestMethods(TestMethodWorker.java:154)
at org.testng.internal.invokers.TestMethodWorker.run(TestMethodWorker.java:134)
at java.base/java.util.ArrayList.forEach(ArrayList.java:1596)
at org.testng.TestRunner.privateRun(TestRunner.java:739)
at org.testng.TestRunner.run(TestRunner.java:614)
at org.testng.SuiteRunner.runTest(SuiteRunner.java:421)
at org.testng.SuiteRunner.runSequentially(SuiteRunner.java:413)
at org.testng.SuiteRunner.privateRun(SuiteRunner.java:373)
at org.testng.SuiteRunner.run(SuiteRunner.java:312)
at org.testng.SuiteRunnerWorker.runSuite(SuiteRunnerWorker.java:52)
at org.testng.SuiteRunnerWorker.run(SuiteRunnerWorker.java:95)
at org.testng.TestNG.runSuitesSequentially(TestNG.java:1274)
at org.testng.TestNG.runSuitesLocally(TestNG.java:1208)
at org.testng.TestNG.runSuites(TestNG.java:1112)
at org.testng.TestNG.run(TestNG.java:1079)
at org.apache.maven.surefire.testng.TestNGExecutor.run(TestNGExecutor.java:155)
at org.apache.maven.surefire.testng.TestNGDirectoryTestSuite.executeMulti(TestNGDirectoryTestSuite.java:169)
at org.apache.maven.surefire.testng.TestNGDirectoryTestSuite.execute(TestNGDirectoryTestSuite.java:88)
at org.apache.maven.surefire.testng.TestNGProvider.invoke(TestNGProvider.java:137)
at org.apache.maven.surefire.booter.ForkedBooter.runSuitesInProcess(ForkedBooter.java:385)
at org.apache.maven.surefire.booter.ForkedBooter.execute(ForkedBooter.java:162)
at org.apache.maven.surefire.booter.ForkedBooter.run(ForkedBooter.java:507)
at org.apache.maven.surefire.booter.ForkedBooter.main(ForkedBooter.java:495)
]]>
    </error>
  </testcase> <!-- vendorList -->
  <testcase classname="tests.VendorListTest" name="testNavigateToNextPage" time="0.000">
    <skipped/>
  </testcase> <!-- testNavigateToNextPage -->
  <testcase classname="tests.VendorListTest" name="testMerchantsButtonNavigation" time="0.000">
    <skipped/>
  </testcase> <!-- testMerchantsButtonNavigation -->
  <testcase classname="tests.VendorListTest" name="testPrevButtonNavigation" time="0.000">
    <skipped/>
  </testcase> <!-- testPrevButtonNavigation -->
  <testcase classname="tests.VendorListTest" name="testClickingCompletedButtonDisplaysCompletedItems" time="0.000">
    <skipped/>
  </testcase> <!-- testClickingCompletedButtonDisplaysCompletedItems -->
  <testcase classname="tests.VendorListTest" name="testInValidSearchQuery" time="0.000">
    <skipped/>
  </testcase> <!-- testInValidSearchQuery -->
</testsuite> <!-- tests.VendorListTest -->
