<?xml version="1.0" encoding="UTF-8"?>
<!-- Generated by org.testng.reporters.JUnitReportReporter -->
<testsuite hostname="DESKTOP-DSBPMRT" failures="0" tests="82" name="tests.CompanyInfoTest" time="327.106" errors="2" timestamp="2024-08-02T14:42:46 IST" skipped="72">
  <testcase classname="tests.CompanyInfoTest" name="verifyUserDetailsDisplayedCorrectly" time="13.673">
    <skipped/>
  </testcase> <!-- verifyUserDetailsDisplayedCorrectly -->
  <testcase classname="tests.CompanyInfoTest" name="testValidCompanyDetails" time="14.026">
    <skipped/>
  </testcase> <!-- testValidCompanyDetails -->
  <testcase classname="tests.CompanyInfoTest" name="testUpdateWebApp" time="12.838">
    <skipped/>
  </testcase> <!-- testUpdateWebApp -->
  <testcase classname="tests.CompanyInfoTest" name="companyPage" time="20.276">
    <error message="element not interactable
  (Session info: chrome=127.0.6533.74)
Build info: version: &#039;4.22.0&#039;, revision: &#039;c5f3146703*&#039;
System info: os.name: &#039;Windows 11&#039;, os.arch: &#039;amd64&#039;, os.version: &#039;10.0&#039;, java.version: &#039;21.0.3&#039;
Driver info: org.openqa.selenium.chrome.ChromeDriver
Command: [f7a1dfb568ee62d28ec442db09b58080, clickElement {id=f.3F3541340776F07128B1B1372060A52F.d.533796638396631D9A2077E73F56EAA2.e.30}]
Capabilities {acceptInsecureCerts: false, browserName: chrome, browserVersion: 127.0.6533.74, chrome: {chromedriverVersion: 127.0.6533.88 (a2d0cb026721..., userDataDir: C:\Windows\SystemTemp\scope...}, fedcm:accounts: true, goog:chromeOptions: {debuggerAddress: localhost:56133}, networkConnectionEnabled: false, pageLoadStrategy: normal, platformName: windows, proxy: Proxy(), se:cdp: ws://localhost:56133/devtoo..., se:cdpVersion: 127.0.6533.74, setWindowRect: true, strictFileInteractability: false, timeouts: {implicit: 0, pageLoad: 300000, script: 30000}, unhandledPromptBehavior: dismiss and notify, webauthn:extension:credBlob: true, webauthn:extension:largeBlob: true, webauthn:extension:minPinLength: true, webauthn:extension:prf: true, webauthn:virtualAuthenticators: true}
Element: [[ChromeDriver: chrome on windows (f7a1dfb568ee62d28ec442db09b58080)] -&gt; id: otp-match-now]
Session ID: f7a1dfb568ee62d28ec442db09b58080" type="org.openqa.selenium.ElementNotInteractableException">
      <![CDATA[org.openqa.selenium.ElementNotInteractableException: element not interactable
  (Session info: chrome=127.0.6533.74)
Build info: version: '4.22.0', revision: 'c5f3146703*'
System info: os.name: 'Windows 11', os.arch: 'amd64', os.version: '10.0', java.version: '21.0.3'
Driver info: org.openqa.selenium.chrome.ChromeDriver
Command: [f7a1dfb568ee62d28ec442db09b58080, clickElement {id=f.3F3541340776F07128B1B1372060A52F.d.533796638396631D9A2077E73F56EAA2.e.30}]
Capabilities {acceptInsecureCerts: false, browserName: chrome, browserVersion: 127.0.6533.74, chrome: {chromedriverVersion: 127.0.6533.88 (a2d0cb026721..., userDataDir: C:\Windows\SystemTemp\scope...}, fedcm:accounts: true, goog:chromeOptions: {debuggerAddress: localhost:56133}, networkConnectionEnabled: false, pageLoadStrategy: normal, platformName: windows, proxy: Proxy(), se:cdp: ws://localhost:56133/devtoo..., se:cdpVersion: 127.0.6533.74, setWindowRect: true, strictFileInteractability: false, timeouts: {implicit: 0, pageLoad: 300000, script: 30000}, unhandledPromptBehavior: dismiss and notify, webauthn:extension:credBlob: true, webauthn:extension:largeBlob: true, webauthn:extension:minPinLength: true, webauthn:extension:prf: true, webauthn:virtualAuthenticators: true}
Element: [[ChromeDriver: chrome on windows (f7a1dfb568ee62d28ec442db09b58080)] -> id: otp-match-now]
Session ID: f7a1dfb568ee62d28ec442db09b58080
at java.base/jdk.internal.reflect.DirectConstructorHandleAccessor.newInstance(DirectConstructorHandleAccessor.java:62)
at java.base/java.lang.reflect.Constructor.newInstanceWithCaller(Constructor.java:502)
at java.base/java.lang.reflect.Constructor.newInstance(Constructor.java:486)
at org.openqa.selenium.remote.ErrorCodec.decode(ErrorCodec.java:167)
at org.openqa.selenium.remote.codec.w3c.W3CHttpResponseCodec.decode(W3CHttpResponseCodec.java:138)
at org.openqa.selenium.remote.codec.w3c.W3CHttpResponseCodec.decode(W3CHttpResponseCodec.java:50)
at org.openqa.selenium.remote.HttpCommandExecutor.execute(HttpCommandExecutor.java:190)
at org.openqa.selenium.remote.service.DriverCommandExecutor.invokeExecute(DriverCommandExecutor.java:216)
at org.openqa.selenium.remote.service.DriverCommandExecutor.execute(DriverCommandExecutor.java:174)
at org.openqa.selenium.remote.RemoteWebDriver.execute(RemoteWebDriver.java:518)
at org.openqa.selenium.remote.RemoteWebElement.execute(RemoteWebElement.java:223)
at org.openqa.selenium.remote.RemoteWebElement.click(RemoteWebElement.java:76)
at pages.DashboardPage.enterSubmitbtn(DashboardPage.java:25)
at tests.CompanyInfoTest.companyPage(CompanyInfoTest.java:23)
at java.base/jdk.internal.reflect.DirectMethodHandleAccessor.invoke(DirectMethodHandleAccessor.java:103)
at java.base/java.lang.reflect.Method.invoke(Method.java:580)
at org.testng.internal.invokers.MethodInvocationHelper.invokeMethod(MethodInvocationHelper.java:141)
at org.testng.internal.invokers.MethodInvocationHelper.invokeMethodConsideringTimeout(MethodInvocationHelper.java:71)
at org.testng.internal.invokers.ConfigInvoker.invokeConfigurationMethod(ConfigInvoker.java:400)
at org.testng.internal.invokers.ConfigInvoker.invokeConfigurations(ConfigInvoker.java:333)
at org.testng.internal.invokers.TestInvoker.runConfigMethods(TestInvoker.java:833)
at org.testng.internal.invokers.TestInvoker.invokeMethod(TestInvoker.java:600)
at org.testng.internal.invokers.TestInvoker.invokeTestMethod(TestInvoker.java:230)
at org.testng.internal.invokers.MethodRunner.runInSequence(MethodRunner.java:63)
at org.testng.internal.invokers.TestInvoker$MethodInvocationAgent.invoke(TestInvoker.java:992)
at org.testng.internal.invokers.TestInvoker.invokeTestMethods(TestInvoker.java:203)
at org.testng.internal.invokers.TestMethodWorker.invokeTestMethods(TestMethodWorker.java:154)
at org.testng.internal.invokers.TestMethodWorker.run(TestMethodWorker.java:134)
at java.base/java.util.ArrayList.forEach(ArrayList.java:1596)
at org.testng.TestRunner.privateRun(TestRunner.java:739)
at org.testng.TestRunner.run(TestRunner.java:614)
at org.testng.SuiteRunner.runTest(SuiteRunner.java:421)
at org.testng.SuiteRunner.runSequentially(SuiteRunner.java:413)
at org.testng.SuiteRunner.privateRun(SuiteRunner.java:373)
at org.testng.SuiteRunner.run(SuiteRunner.java:312)
at org.testng.SuiteRunnerWorker.runSuite(SuiteRunnerWorker.java:52)
at org.testng.SuiteRunnerWorker.run(SuiteRunnerWorker.java:95)
at org.testng.TestNG.runSuitesSequentially(TestNG.java:1274)
at org.testng.TestNG.runSuitesLocally(TestNG.java:1208)
at org.testng.TestNG.runSuites(TestNG.java:1112)
at org.testng.TestNG.run(TestNG.java:1079)
at org.apache.maven.surefire.testng.TestNGExecutor.run(TestNGExecutor.java:155)
at org.apache.maven.surefire.testng.TestNGDirectoryTestSuite.executeMulti(TestNGDirectoryTestSuite.java:169)
at org.apache.maven.surefire.testng.TestNGDirectoryTestSuite.execute(TestNGDirectoryTestSuite.java:88)
at org.apache.maven.surefire.testng.TestNGProvider.invoke(TestNGProvider.java:137)
at org.apache.maven.surefire.booter.ForkedBooter.runSuitesInProcess(ForkedBooter.java:385)
at org.apache.maven.surefire.booter.ForkedBooter.execute(ForkedBooter.java:162)
at org.apache.maven.surefire.booter.ForkedBooter.run(ForkedBooter.java:507)
at org.apache.maven.surefire.booter.ForkedBooter.main(ForkedBooter.java:495)
]]>
    </error>
  </testcase> <!-- companyPage -->
  <testcase classname="tests.CompanyInfoTest" name="testErrorMessageDisplayedForLessThan9Digits" time="14.314">
    <skipped/>
  </testcase> <!-- testErrorMessageDisplayedForLessThan9Digits -->
  <testcase classname="tests.CompanyInfoTest" name="verify_click_Cancel_button" time="13.400">
    <skipped/>
  </testcase> <!-- verify_click_Cancel_button -->
  <testcase classname="tests.CompanyInfoTest" name="testClickNextButton" time="13.633">
    <skipped/>
  </testcase> <!-- testClickNextButton -->
  <testcase classname="tests.CompanyInfoTest" name="testUploadPdfFile" time="15.627">
    <skipped/>
  </testcase> <!-- testUploadPdfFile -->
  <testcase classname="tests.CompanyInfoTest" name="validateUserIdFormat" time="13.770">
    <skipped/>
  </testcase> <!-- validateUserIdFormat -->
  <testcase classname="tests.CompanyInfoTest" name="testClickbussinessInfoTab" time="2.423">
    <skipped/>
  </testcase> <!-- testClickbussinessInfoTab -->
  <testcase classname="tests.CompanyInfoTest" name="testUploadFileMoreThan5Mb" time="0.000">
    <skipped/>
  </testcase> <!-- testUploadFileMoreThan5Mb -->
  <testcase classname="tests.CompanyInfoTest" name="testSpecialCharactersInOrderPrefix" time="0.000">
    <skipped/>
  </testcase> <!-- testSpecialCharactersInOrderPrefix -->
  <testcase classname="tests.CompanyInfoTest" name="testSelectVendor" time="0.000">
    <skipped/>
  </testcase> <!-- testSelectVendor -->
  <testcase classname="tests.CompanyInfoTest" name="testCancelButtonIsClickable" time="10.071">
    <error message="no such element: Unable to locate element: {&quot;method&quot;:&quot;css selector&quot;,&quot;selector&quot;:&quot;.swal2-cancel.btn.btn-danger&quot;}
  (Session info: chrome=127.0.6533.74)
For documentation on this error, please visit: https://www.selenium.dev/documentation/webdriver/troubleshooting/errors#no-such-element-exception
Build info: version: &#039;4.22.0&#039;, revision: &#039;c5f3146703*&#039;
System info: os.name: &#039;Windows 11&#039;, os.arch: &#039;amd64&#039;, os.version: &#039;10.0&#039;, java.version: &#039;21.0.3&#039;
Driver info: org.openqa.selenium.chrome.ChromeDriver
Command: [ef89db17a34b6c0596094180fc082dce, findElement {using=css selector, value=.swal2-cancel.btn.btn-danger}]
Capabilities {acceptInsecureCerts: false, browserName: chrome, browserVersion: 127.0.6533.74, chrome: {chromedriverVersion: 127.0.6533.88 (a2d0cb026721..., userDataDir: C:\Windows\SystemTemp\scope...}, fedcm:accounts: true, goog:chromeOptions: {debuggerAddress: localhost:55965}, networkConnectionEnabled: false, pageLoadStrategy: normal, platformName: windows, proxy: Proxy(), se:cdp: ws://localhost:55965/devtoo..., se:cdpVersion: 127.0.6533.74, setWindowRect: true, strictFileInteractability: false, timeouts: {implicit: 0, pageLoad: 300000, script: 30000}, unhandledPromptBehavior: dismiss and notify, webauthn:extension:credBlob: true, webauthn:extension:largeBlob: true, webauthn:extension:minPinLength: true, webauthn:extension:prf: true, webauthn:virtualAuthenticators: true}
Session ID: ef89db17a34b6c0596094180fc082dce" type="org.openqa.selenium.NoSuchElementException">
      <![CDATA[org.openqa.selenium.NoSuchElementException: no such element: Unable to locate element: {"method":"css selector","selector":".swal2-cancel.btn.btn-danger"}
  (Session info: chrome=127.0.6533.74)
For documentation on this error, please visit: https://www.selenium.dev/documentation/webdriver/troubleshooting/errors#no-such-element-exception
Build info: version: '4.22.0', revision: 'c5f3146703*'
System info: os.name: 'Windows 11', os.arch: 'amd64', os.version: '10.0', java.version: '21.0.3'
Driver info: org.openqa.selenium.chrome.ChromeDriver
Command: [ef89db17a34b6c0596094180fc082dce, findElement {using=css selector, value=.swal2-cancel.btn.btn-danger}]
Capabilities {acceptInsecureCerts: false, browserName: chrome, browserVersion: 127.0.6533.74, chrome: {chromedriverVersion: 127.0.6533.88 (a2d0cb026721..., userDataDir: C:\Windows\SystemTemp\scope...}, fedcm:accounts: true, goog:chromeOptions: {debuggerAddress: localhost:55965}, networkConnectionEnabled: false, pageLoadStrategy: normal, platformName: windows, proxy: Proxy(), se:cdp: ws://localhost:55965/devtoo..., se:cdpVersion: 127.0.6533.74, setWindowRect: true, strictFileInteractability: false, timeouts: {implicit: 0, pageLoad: 300000, script: 30000}, unhandledPromptBehavior: dismiss and notify, webauthn:extension:credBlob: true, webauthn:extension:largeBlob: true, webauthn:extension:minPinLength: true, webauthn:extension:prf: true, webauthn:virtualAuthenticators: true}
Session ID: ef89db17a34b6c0596094180fc082dce
at java.base/jdk.internal.reflect.DirectConstructorHandleAccessor.newInstance(DirectConstructorHandleAccessor.java:62)
at java.base/java.lang.reflect.Constructor.newInstanceWithCaller(Constructor.java:502)
at java.base/java.lang.reflect.Constructor.newInstance(Constructor.java:486)
at org.openqa.selenium.remote.ErrorCodec.decode(ErrorCodec.java:167)
at org.openqa.selenium.remote.codec.w3c.W3CHttpResponseCodec.decode(W3CHttpResponseCodec.java:138)
at org.openqa.selenium.remote.codec.w3c.W3CHttpResponseCodec.decode(W3CHttpResponseCodec.java:50)
at org.openqa.selenium.remote.HttpCommandExecutor.execute(HttpCommandExecutor.java:190)
at org.openqa.selenium.remote.service.DriverCommandExecutor.invokeExecute(DriverCommandExecutor.java:216)
at org.openqa.selenium.remote.service.DriverCommandExecutor.execute(DriverCommandExecutor.java:174)
at org.openqa.selenium.remote.RemoteWebDriver.execute(RemoteWebDriver.java:518)
at org.openqa.selenium.remote.ElementLocation$ElementFinder$2.findElement(ElementLocation.java:165)
at org.openqa.selenium.remote.ElementLocation.findElement(ElementLocation.java:59)
at org.openqa.selenium.remote.RemoteWebDriver.findElement(RemoteWebDriver.java:355)
at org.openqa.selenium.remote.RemoteWebDriver.findElement(RemoteWebDriver.java:349)
at pages.MerchantOnboardPage.isCancelButtonEnabled(MerchantOnboardPage.java:923)
at tests.CompanyInfoTest.testCancelButtonIsClickable(CompanyInfoTest.java:1003)
at java.base/jdk.internal.reflect.DirectMethodHandleAccessor.invoke(DirectMethodHandleAccessor.java:103)
at java.base/java.lang.reflect.Method.invoke(Method.java:580)
at org.testng.internal.invokers.MethodInvocationHelper.invokeMethod(MethodInvocationHelper.java:141)
at org.testng.internal.invokers.TestInvoker.invokeMethod(TestInvoker.java:686)
at org.testng.internal.invokers.TestInvoker.invokeTestMethod(TestInvoker.java:230)
at org.testng.internal.invokers.MethodRunner.runInSequence(MethodRunner.java:63)
at org.testng.internal.invokers.TestInvoker$MethodInvocationAgent.invoke(TestInvoker.java:992)
at org.testng.internal.invokers.TestInvoker.invokeTestMethods(TestInvoker.java:203)
at org.testng.internal.invokers.TestMethodWorker.invokeTestMethods(TestMethodWorker.java:154)
at org.testng.internal.invokers.TestMethodWorker.run(TestMethodWorker.java:134)
at java.base/java.util.ArrayList.forEach(ArrayList.java:1596)
at org.testng.TestRunner.privateRun(TestRunner.java:739)
at org.testng.TestRunner.run(TestRunner.java:614)
at org.testng.SuiteRunner.runTest(SuiteRunner.java:421)
at org.testng.SuiteRunner.runSequentially(SuiteRunner.java:413)
at org.testng.SuiteRunner.privateRun(SuiteRunner.java:373)
at org.testng.SuiteRunner.run(SuiteRunner.java:312)
at org.testng.SuiteRunnerWorker.runSuite(SuiteRunnerWorker.java:52)
at org.testng.SuiteRunnerWorker.run(SuiteRunnerWorker.java:95)
at org.testng.TestNG.runSuitesSequentially(TestNG.java:1274)
at org.testng.TestNG.runSuitesLocally(TestNG.java:1208)
at org.testng.TestNG.runSuites(TestNG.java:1112)
at org.testng.TestNG.run(TestNG.java:1079)
at org.apache.maven.surefire.testng.TestNGExecutor.run(TestNGExecutor.java:155)
at org.apache.maven.surefire.testng.TestNGDirectoryTestSuite.executeMulti(TestNGDirectoryTestSuite.java:169)
at org.apache.maven.surefire.testng.TestNGDirectoryTestSuite.execute(TestNGDirectoryTestSuite.java:88)
at org.apache.maven.surefire.testng.TestNGProvider.invoke(TestNGProvider.java:137)
at org.apache.maven.surefire.booter.ForkedBooter.runSuitesInProcess(ForkedBooter.java:385)
at org.apache.maven.surefire.booter.ForkedBooter.execute(ForkedBooter.java:162)
at org.apache.maven.surefire.booter.ForkedBooter.run(ForkedBooter.java:507)
at org.apache.maven.surefire.booter.ForkedBooter.main(ForkedBooter.java:495)
]]>
    </error>
  </testcase> <!-- testCancelButtonIsClickable -->
  <testcase classname="tests.CompanyInfoTest" name="testCopyPasteSearchField" time="0.000">
    <skipped/>
  </testcase> <!-- testCopyPasteSearchField -->
  <testcase classname="tests.CompanyInfoTest" name="testSpecialCharactersBankNameInput" time="0.000">
    <skipped/>
  </testcase> <!-- testSpecialCharactersBankNameInput -->
  <testcase classname="tests.CompanyInfoTest" name="testClickPreviousButtonOnLastPage" time="0.000">
    <skipped/>
  </testcase> <!-- testClickPreviousButtonOnLastPage -->
  <testcase classname="tests.CompanyInfoTest" name="testSelectValidBusinessType" time="0.000">
    <skipped/>
  </testcase> <!-- testSelectValidBusinessType -->
  <testcase classname="tests.CompanyInfoTest" name="testEnterNumberMoreThan100Percent" time="0.000">
    <skipped/>
  </testcase> <!-- testEnterNumberMoreThan100Percent -->
  <testcase classname="tests.CompanyInfoTest" name="testSelectState" time="0.007">
    <skipped/>
  </testcase> <!-- testSelectState -->
  <testcase classname="tests.CompanyInfoTest" name="testSearchAndClear" time="0.000">
    <skipped/>
  </testcase> <!-- testSearchAndClear -->
  <testcase classname="tests.CompanyInfoTest" name="testOrderPrefixMoreThanFourCharacters" time="0.000">
    <skipped/>
  </testcase> <!-- testOrderPrefixMoreThanFourCharacters -->
  <testcase classname="tests.CompanyInfoTest" name="testValidCityName" time="0.000">
    <skipped/>
  </testcase> <!-- testValidCityName -->
  <testcase classname="tests.CompanyInfoTest" name="testClickingButtonOpensModal" time="0.000">
    <skipped/>
  </testcase> <!-- testClickingButtonOpensModal -->
  <testcase classname="tests.CompanyInfoTest" name="testClickCloseButton" time="32.819"/>
  <testcase classname="tests.CompanyInfoTest" name="testClickOnPayInSettingsTab" time="0.000">
    <skipped/>
  </testcase> <!-- testClickOnPayInSettingsTab -->
  <testcase classname="tests.CompanyInfoTest" name="testToggleSwitch" time="0.000">
    <skipped/>
  </testcase> <!-- testToggleSwitch -->
  <testcase classname="tests.CompanyInfoTest" name="testPreviousButtonDisabledOnFirstPage" time="0.000">
    <skipped/>
  </testcase> <!-- testPreviousButtonDisabledOnFirstPage -->
  <testcase classname="tests.CompanyInfoTest" name="testValidSubmission" time="0.000">
    <skipped/>
  </testcase> <!-- testValidSubmission -->
  <testcase classname="tests.CompanyInfoTest" name="testEnterValidIFSCCode" time="0.000">
    <skipped/>
  </testcase> <!-- testEnterValidIFSCCode -->
  <testcase classname="tests.CompanyInfoTest" name="testValidPercentageFees" time="0.000">
    <skipped/>
  </testcase> <!-- testValidPercentageFees -->
  <testcase classname="tests.CompanyInfoTest" name="testChangeOrderPrefix" time="36.511"/>
  <testcase classname="tests.CompanyInfoTest" name="testClickCompanyInfoTab" time="0.000">
    <skipped/>
  </testcase> <!-- testClickCompanyInfoTab -->
  <testcase classname="tests.CompanyInfoTest" name="CompanyInfoExceptBankIFSCCode" time="19.599"/>
  <testcase classname="tests.CompanyInfoTest" name="testSpecialCharacterInput" time="0.000">
    <skipped/>
  </testcase> <!-- testSpecialCharacterInput -->
  <testcase classname="tests.CompanyInfoTest" name="verify_entering_valid_account_number" time="0.000">
    <skipped/>
  </testcase> <!-- verify_entering_valid_account_number -->
  <testcase classname="tests.CompanyInfoTest" name="testEnterValidWebhookUrl" time="0.000">
    <skipped/>
  </testcase> <!-- testEnterValidWebhookUrl -->
  <testcase classname="tests.CompanyInfoTest" name="CompanyInfo" time="20.649"/>
  <testcase classname="tests.CompanyInfoTest" name="testAlphabeticCharactersInBankAccountNumberField" time="2.178"/>
  <testcase classname="tests.CompanyInfoTest" name="testCompleteButtonSubmitsForm" time="0.000">
    <skipped/>
  </testcase> <!-- testCompleteButtonSubmitsForm -->
  <testcase classname="tests.CompanyInfoTest" name="testAddApplicationWithEmptyMandatoryFields" time="33.333"/>
  <testcase classname="tests.CompanyInfoTest" name="testEditCompanyInfoAndClickNext" time="0.000">
    <skipped/>
  </testcase> <!-- testEditCompanyInfoAndClickNext -->
  <testcase classname="tests.CompanyInfoTest" name="testEnterAlphabetsInPincode" time="0.000">
    <skipped/>
  </testcase> <!-- testEnterAlphabetsInPincode -->
  <testcase classname="tests.CompanyInfoTest" name="testNextButtonNavigation" time="0.000">
    <skipped/>
  </testcase> <!-- testNextButtonNavigation -->
  <testcase classname="tests.CompanyInfoTest" name="testInvalidIPv4AddressWithLetters" time="0.000">
    <skipped/>
  </testcase> <!-- testInvalidIPv4AddressWithLetters -->
  <testcase classname="tests.CompanyInfoTest" name="verifyBadgeTextAndVisibility" time="0.003">
    <skipped/>
  </testcase> <!-- verifyBadgeTextAndVisibility -->
  <testcase classname="tests.CompanyInfoTest" name="testEnterAlphanumericIFSCCode" time="0.000">
    <skipped/>
  </testcase> <!-- testEnterAlphanumericIFSCCode -->
  <testcase classname="tests.CompanyInfoTest" name="testAddWebApplicationandCloseButton" time="37.540"/>
  <testcase classname="tests.CompanyInfoTest" name="testUpdateButtonTriggersUpdateProcess" time="0.000">
    <skipped/>
  </testcase> <!-- testUpdateButtonTriggersUpdateProcess -->
  <testcase classname="tests.CompanyInfoTest" name="testSpecialAndNumericValuesInBranchName" time="0.000">
    <skipped/>
  </testcase> <!-- testSpecialAndNumericValuesInBranchName -->
  <testcase classname="tests.CompanyInfoTest" name="testCompleteItButtonClick" time="0.000">
    <skipped/>
  </testcase> <!-- testCompleteItButtonClick -->
  <testcase classname="tests.CompanyInfoTest" name="testMandatoryFieldsAndNextButton" time="0.000">
    <skipped/>
  </testcase> <!-- testMandatoryFieldsAndNextButton -->
  <testcase classname="tests.CompanyInfoTest" name="testPayInToggleSwitch" time="0.000">
    <skipped/>
  </testcase> <!-- testPayInToggleSwitch -->
  <testcase classname="tests.CompanyInfoTest" name="testInvalidWebhookUrl" time="0.000">
    <skipped/>
  </testcase> <!-- testInvalidWebhookUrl -->
  <testcase classname="tests.CompanyInfoTest" name="testInvalidUrlEntry" time="0.000">
    <skipped/>
  </testcase> <!-- testInvalidUrlEntry -->
  <testcase classname="tests.CompanyInfoTest" name="verifyMandatoryFieldValidationWhenSavingAsDraft" time="0.000">
    <skipped/>
  </testcase> <!-- verifyMandatoryFieldValidationWhenSavingAsDraft -->
  <testcase classname="tests.CompanyInfoTest" name="testEnterValidDetailsAndClickDraft" time="0.000">
    <skipped/>
  </testcase> <!-- testEnterValidDetailsAndClickDraft -->
  <testcase classname="tests.CompanyInfoTest" name="testValidBranchNameInput" time="0.000">
    <skipped/>
  </testcase> <!-- testValidBranchNameInput -->
  <testcase classname="tests.CompanyInfoTest" name="verifyBadgeTextAndVisibilityFor_NO" time="0.000">
    <skipped/>
  </testcase> <!-- verifyBadgeTextAndVisibilityFor_NO -->
  <testcase classname="tests.CompanyInfoTest" name="testEnterValidAccountHolderName" time="0.000">
    <skipped/>
  </testcase> <!-- testEnterValidAccountHolderName -->
  <testcase classname="tests.CompanyInfoTest" name="testEnterValuesAndAddWebApp" time="0.000">
    <skipped/>
  </testcase> <!-- testEnterValuesAndAddWebApp -->
  <testcase classname="tests.CompanyInfoTest" name="testEnterAlphabetsAndSpecialCharacters" time="0.000">
    <skipped/>
  </testcase> <!-- testEnterAlphabetsAndSpecialCharacters -->
  <testcase classname="tests.CompanyInfoTest" name="testSortingIndicatorChangesToAscending" time="0.000">
    <skipped/>
  </testcase> <!-- testSortingIndicatorChangesToAscending -->
  <testcase classname="tests.CompanyInfoTest" name="testEnterValidUrlInAppUrlField" time="0.000">
    <skipped/>
  </testcase> <!-- testEnterValidUrlInAppUrlField -->
  <testcase classname="tests.CompanyInfoTest" name="testIrrelevantSearchText" time="0.000">
    <skipped/>
  </testcase> <!-- testIrrelevantSearchText -->
  <testcase classname="tests.CompanyInfoTest" name="testUploadPdfFile_all_mandatoryfields" time="0.000">
    <skipped/>
  </testcase> <!-- testUploadPdfFile_all_mandatoryfields -->
  <testcase classname="tests.CompanyInfoTest" name="testUpdateWebAppData" time="0.000">
    <skipped/>
  </testcase> <!-- testUpdateWebAppData -->
  <testcase classname="tests.CompanyInfoTest" name="testUploadInValidPdfFile" time="0.000">
    <skipped/>
  </testcase> <!-- testUploadInValidPdfFile -->
  <testcase classname="tests.CompanyInfoTest" name="testSpecialAndNumericValues" time="0.000">
    <skipped/>
  </testcase> <!-- testSpecialAndNumericValues -->
  <testcase classname="tests.CompanyInfoTest" name="testSelectMonthlyExpenditure" time="0.000">
    <skipped/>
  </testcase> <!-- testSelectMonthlyExpenditure -->
  <testcase classname="tests.CompanyInfoTest" name="testEnterValidPincode" time="0.000">
    <skipped/>
  </testcase> <!-- testEnterValidPincode -->
  <testcase classname="tests.CompanyInfoTest" name="testSortingIndicatorChangesToDescending" time="0.000">
    <skipped/>
  </testcase> <!-- testSortingIndicatorChangesToDescending -->
  <testcase classname="tests.CompanyInfoTest" name="testClickPersonalDetailTab" time="0.000">
    <skipped/>
  </testcase> <!-- testClickPersonalDetailTab -->
  <testcase classname="tests.CompanyInfoTest" name="testSelectDataPerPage" time="0.000">
    <skipped/>
  </testcase> <!-- testSelectDataPerPage -->
  <testcase classname="tests.CompanyInfoTest" name="testValidIpAddress" time="0.000">
    <skipped/>
  </testcase> <!-- testValidIpAddress -->
  <testcase classname="tests.CompanyInfoTest" name="testEmptySearchInput" time="0.000">
    <skipped/>
  </testcase> <!-- testEmptySearchInput -->
  <testcase classname="tests.CompanyInfoTest" name="testEnterAppName" time="0.000">
    <skipped/>
  </testcase> <!-- testEnterAppName -->
  <testcase classname="tests.CompanyInfoTest" name="verifyMandatoryFieldValidation" time="0.000">
    <skipped/>
  </testcase> <!-- verifyMandatoryFieldValidation -->
  <testcase classname="tests.CompanyInfoTest" name="selectValidBusinessCategory" time="0.416"/>
  <testcase classname="tests.CompanyInfoTest" name="testNoDataInWebAppsList" time="0.000">
    <skipped/>
  </testcase> <!-- testNoDataInWebAppsList -->
  <testcase classname="tests.CompanyInfoTest" name="testClickPersonalDetailsTab" time="0.000">
    <skipped/>
  </testcase> <!-- testClickPersonalDetailsTab -->
  <testcase classname="tests.CompanyInfoTest" name="testUploadFileAgain" time="0.000">
    <skipped/>
  </testcase> <!-- testUploadFileAgain -->
</testsuite> <!-- tests.CompanyInfoTest -->
