<?xml version="1.0" encoding="UTF-8"?>
<!-- Generated by org.testng.reporters.JUnitReportReporter -->
<testsuite hostname="DESKTOP-DSBPMRT" failures="0" tests="14" name="tests.MerchatOnboardTest" time="67.383" errors="1" timestamp="2024-07-30T13:54:55 IST" skipped="10">
  <testcase classname="tests.MerchatOnboardTest" name="testPasswordAndEyeIcon" time="12.159">
    <skipped/>
  </testcase> <!-- testPasswordAndEyeIcon -->
  <testcase classname="tests.MerchatOnboardTest" name="setPage" time="23.437">
    <error message="element not interactable
  (Session info: chrome=127.0.6533.72)
Build info: version: &#039;4.22.0&#039;, revision: &#039;c5f3146703*&#039;
System info: os.name: &#039;Windows 11&#039;, os.arch: &#039;amd64&#039;, os.version: &#039;10.0&#039;, java.version: &#039;21.0.3&#039;
Driver info: org.openqa.selenium.chrome.ChromeDriver
Command: [5a836f75f4696d218d58fbd8f750f063, clickElement {id=f.7477D7BC3C3E3C0DFF133CA4236A1FFD.d.1D95BCB9DD7F403F0A0B5F9D43B76569.e.30}]
Capabilities {acceptInsecureCerts: false, browserName: chrome, browserVersion: 127.0.6533.72, chrome: {chromedriverVersion: 127.0.6533.72 (9755e24ca85a..., userDataDir: C:\Windows\SystemTemp\scope...}, fedcm:accounts: true, goog:chromeOptions: {debuggerAddress: localhost:64201}, networkConnectionEnabled: false, pageLoadStrategy: normal, platformName: windows, proxy: Proxy(), se:cdp: ws://localhost:64201/devtoo..., se:cdpVersion: 127.0.6533.72, setWindowRect: true, strictFileInteractability: false, timeouts: {implicit: 0, pageLoad: 300000, script: 30000}, unhandledPromptBehavior: dismiss and notify, webauthn:extension:credBlob: true, webauthn:extension:largeBlob: true, webauthn:extension:minPinLength: true, webauthn:extension:prf: true, webauthn:virtualAuthenticators: true}
Element: [[ChromeDriver: chrome on windows (5a836f75f4696d218d58fbd8f750f063)] -&gt; id: otp-match-now]
Session ID: 5a836f75f4696d218d58fbd8f750f063" type="org.openqa.selenium.ElementNotInteractableException">
      <![CDATA[org.openqa.selenium.ElementNotInteractableException: element not interactable
  (Session info: chrome=127.0.6533.72)
Build info: version: '4.22.0', revision: 'c5f3146703*'
System info: os.name: 'Windows 11', os.arch: 'amd64', os.version: '10.0', java.version: '21.0.3'
Driver info: org.openqa.selenium.chrome.ChromeDriver
Command: [5a836f75f4696d218d58fbd8f750f063, clickElement {id=f.7477D7BC3C3E3C0DFF133CA4236A1FFD.d.1D95BCB9DD7F403F0A0B5F9D43B76569.e.30}]
Capabilities {acceptInsecureCerts: false, browserName: chrome, browserVersion: 127.0.6533.72, chrome: {chromedriverVersion: 127.0.6533.72 (9755e24ca85a..., userDataDir: C:\Windows\SystemTemp\scope...}, fedcm:accounts: true, goog:chromeOptions: {debuggerAddress: localhost:64201}, networkConnectionEnabled: false, pageLoadStrategy: normal, platformName: windows, proxy: Proxy(), se:cdp: ws://localhost:64201/devtoo..., se:cdpVersion: 127.0.6533.72, setWindowRect: true, strictFileInteractability: false, timeouts: {implicit: 0, pageLoad: 300000, script: 30000}, unhandledPromptBehavior: dismiss and notify, webauthn:extension:credBlob: true, webauthn:extension:largeBlob: true, webauthn:extension:minPinLength: true, webauthn:extension:prf: true, webauthn:virtualAuthenticators: true}
Element: [[ChromeDriver: chrome on windows (5a836f75f4696d218d58fbd8f750f063)] -> id: otp-match-now]
Session ID: 5a836f75f4696d218d58fbd8f750f063
at java.base/jdk.internal.reflect.DirectConstructorHandleAccessor.newInstance(DirectConstructorHandleAccessor.java:62)
at java.base/java.lang.reflect.Constructor.newInstanceWithCaller(Constructor.java:502)
at java.base/java.lang.reflect.Constructor.newInstance(Constructor.java:486)
at org.openqa.selenium.remote.ErrorCodec.decode(ErrorCodec.java:167)
at org.openqa.selenium.remote.codec.w3c.W3CHttpResponseCodec.decode(W3CHttpResponseCodec.java:138)
at org.openqa.selenium.remote.codec.w3c.W3CHttpResponseCodec.decode(W3CHttpResponseCodec.java:50)
at org.openqa.selenium.remote.HttpCommandExecutor.execute(HttpCommandExecutor.java:190)
at org.openqa.selenium.remote.service.DriverCommandExecutor.invokeExecute(DriverCommandExecutor.java:216)
at org.openqa.selenium.remote.service.DriverCommandExecutor.execute(DriverCommandExecutor.java:174)
at org.openqa.selenium.remote.RemoteWebDriver.execute(RemoteWebDriver.java:518)
at org.openqa.selenium.remote.RemoteWebElement.execute(RemoteWebElement.java:223)
at org.openqa.selenium.remote.RemoteWebElement.click(RemoteWebElement.java:76)
at pages.DashboardPage.enterSubmitbtn(DashboardPage.java:25)
at tests.MerchatOnboardTest.setPage(MerchatOnboardTest.java:18)
at java.base/jdk.internal.reflect.DirectMethodHandleAccessor.invoke(DirectMethodHandleAccessor.java:103)
at java.base/java.lang.reflect.Method.invoke(Method.java:580)
at org.testng.internal.invokers.MethodInvocationHelper.invokeMethod(MethodInvocationHelper.java:141)
at org.testng.internal.invokers.MethodInvocationHelper.invokeMethodConsideringTimeout(MethodInvocationHelper.java:71)
at org.testng.internal.invokers.ConfigInvoker.invokeConfigurationMethod(ConfigInvoker.java:400)
at org.testng.internal.invokers.ConfigInvoker.invokeConfigurations(ConfigInvoker.java:333)
at org.testng.internal.invokers.TestInvoker.runConfigMethods(TestInvoker.java:833)
at org.testng.internal.invokers.TestInvoker.invokeMethod(TestInvoker.java:600)
at org.testng.internal.invokers.TestInvoker.invokeTestMethod(TestInvoker.java:230)
at org.testng.internal.invokers.MethodRunner.runInSequence(MethodRunner.java:63)
at org.testng.internal.invokers.TestInvoker$MethodInvocationAgent.invoke(TestInvoker.java:992)
at org.testng.internal.invokers.TestInvoker.invokeTestMethods(TestInvoker.java:203)
at org.testng.internal.invokers.TestMethodWorker.invokeTestMethods(TestMethodWorker.java:154)
at org.testng.internal.invokers.TestMethodWorker.run(TestMethodWorker.java:134)
at java.base/java.util.ArrayList.forEach(ArrayList.java:1596)
at org.testng.TestRunner.privateRun(TestRunner.java:739)
at org.testng.TestRunner.run(TestRunner.java:614)
at org.testng.SuiteRunner.runTest(SuiteRunner.java:421)
at org.testng.SuiteRunner.runSequentially(SuiteRunner.java:413)
at org.testng.SuiteRunner.privateRun(SuiteRunner.java:373)
at org.testng.SuiteRunner.run(SuiteRunner.java:312)
at org.testng.SuiteRunnerWorker.runSuite(SuiteRunnerWorker.java:52)
at org.testng.SuiteRunnerWorker.run(SuiteRunnerWorker.java:95)
at org.testng.TestNG.runSuitesSequentially(TestNG.java:1274)
at org.testng.TestNG.runSuitesLocally(TestNG.java:1208)
at org.testng.TestNG.runSuites(TestNG.java:1112)
at org.testng.TestNG.run(TestNG.java:1079)
at org.apache.maven.surefire.testng.TestNGExecutor.run(TestNGExecutor.java:155)
at org.apache.maven.surefire.testng.TestNGDirectoryTestSuite.executeMulti(TestNGDirectoryTestSuite.java:169)
at org.apache.maven.surefire.testng.TestNGDirectoryTestSuite.execute(TestNGDirectoryTestSuite.java:88)
at org.apache.maven.surefire.testng.TestNGProvider.invoke(TestNGProvider.java:137)
at org.apache.maven.surefire.booter.ForkedBooter.runSuitesInProcess(ForkedBooter.java:385)
at org.apache.maven.surefire.booter.ForkedBooter.execute(ForkedBooter.java:162)
at org.apache.maven.surefire.booter.ForkedBooter.run(ForkedBooter.java:507)
at org.apache.maven.surefire.booter.ForkedBooter.main(ForkedBooter.java:495)
]]>
    </error>
  </testcase> <!-- setPage -->
  <testcase classname="tests.MerchatOnboardTest" name="testEnterValidDetailsAndClickNext" time="14.679"/>
  <testcase classname="tests.MerchatOnboardTest" name="testExistingUsernameErrorMessage" time="2.013">
    <skipped/>
  </testcase> <!-- testExistingUsernameErrorMessage -->
  <testcase classname="tests.MerchatOnboardTest" name="VerifyEmptyFields" time="0.361"/>
  <testcase classname="tests.MerchatOnboardTest" name="testInvalidEmailFormat" time="0.000">
    <skipped/>
  </testcase> <!-- testInvalidEmailFormat -->
  <testcase classname="tests.MerchatOnboardTest" name="verifyDraftButtonWithEmptyMandatoryFields" time="0.000">
    <skipped/>
  </testcase> <!-- verifyDraftButtonWithEmptyMandatoryFields -->
  <testcase classname="tests.MerchatOnboardTest" name="verifyMerchantOnboardingLink" time="0.000">
    <skipped/>
  </testcase> <!-- verifyMerchantOnboardingLink -->
  <testcase classname="tests.MerchatOnboardTest" name="testClickPersonalDetailsTab" time="14.733"/>
  <testcase classname="tests.MerchatOnboardTest" name="testValidDetailsAndDraft" time="0.000">
    <skipped/>
  </testcase> <!-- testValidDetailsAndDraft -->
  <testcase classname="tests.MerchatOnboardTest" name="testWeakPassword" time="0.000">
    <skipped/>
  </testcase> <!-- testWeakPassword -->
  <testcase classname="tests.MerchatOnboardTest" name="testMerchantRegisterLink" time="0.000">
    <skipped/>
  </testcase> <!-- testMerchantRegisterLink -->
  <testcase classname="tests.MerchatOnboardTest" name="testNumericAndSpecialCharactersInFields" time="0.000">
    <skipped/>
  </testcase> <!-- testNumericAndSpecialCharactersInFields -->
  <testcase classname="tests.MerchatOnboardTest" name="testInvalidMobileFormat" time="0.001">
    <skipped/>
  </testcase> <!-- testInvalidMobileFormat -->
</testsuite> <!-- tests.MerchatOnboardTest -->
