<?xml version="1.0" encoding="UTF-8"?>
<!-- Generated by org.testng.reporters.JUnitReportReporter -->
<testsuite hostname="DESKTOP-DSBPMRT" failures="1" tests="42" name="tests.VendorRegistrationTest" time="235.727" errors="1" timestamp="2024-08-02T14:42:46 IST" skipped="27">
  <testcase classname="tests.VendorRegistrationTest" name="testEnteringLessThan10DigitsInMobileField" time="17.544">
    <skipped/>
  </testcase> <!-- testEnteringLessThan10DigitsInMobileField -->
  <testcase classname="tests.VendorRegistrationTest" name="testInValidCompanyAddressSubmission" time="13.066">
    <skipped/>
  </testcase> <!-- testInValidCompanyAddressSubmission -->
  <testcase classname="tests.VendorRegistrationTest" name="testSpecialAndNumericValuesInCompanyName" time="13.074">
    <skipped/>
  </testcase> <!-- testSpecialAndNumericValuesInCompanyName -->
  <testcase classname="tests.VendorRegistrationTest" name="testEnterInvalidBranchName" time="14.773"/>
  <testcase classname="tests.VendorRegistrationTest" name="testValidCityName" time="12.134">
    <skipped/>
  </testcase> <!-- testValidCityName -->
  <testcase classname="tests.VendorRegistrationTest" name="testEnterPartialAccountNo" time="16.880"/>
  <testcase classname="tests.VendorRegistrationTest" name="testPasswordValidation" time="15.382">
    <skipped/>
  </testcase> <!-- testPasswordValidation -->
  <testcase classname="tests.VendorRegistrationTest" name="testExistingEmailErrorMessage" time="12.179">
    <skipped/>
  </testcase> <!-- testExistingEmailErrorMessage -->
  <testcase classname="tests.VendorRegistrationTest" name="testPasswordVisibilityToggle" time="14.114">
    <skipped/>
  </testcase> <!-- testPasswordVisibilityToggle -->
  <testcase classname="tests.VendorRegistrationTest" name="testWeakPassword" time="12.601">
    <skipped/>
  </testcase> <!-- testWeakPassword -->
  <testcase classname="tests.VendorRegistrationTest" name="testValidCompanyAddressSubmission" time="13.843">
    <skipped/>
  </testcase> <!-- testValidCompanyAddressSubmission -->
  <testcase classname="tests.VendorRegistrationTest" name="testEnterValidPincode" time="13.004">
    <skipped/>
  </testcase> <!-- testEnterValidPincode -->
  <testcase classname="tests.VendorRegistrationTest" name="VerifyEmptyFields" time="15.558"/>
  <testcase classname="tests.VendorRegistrationTest" name="uploadInvalidFileFormatVendorAgreement" time="12.552">
    <skipped/>
  </testcase> <!-- uploadInvalidFileFormatVendorAgreement -->
  <testcase classname="tests.VendorRegistrationTest" name="testInvalidEmailFormat" time="2.530">
    <skipped/>
  </testcase> <!-- testInvalidEmailFormat -->
  <testcase classname="tests.VendorRegistrationTest" name="CompanyInfo" time="10.929"/>
  <testcase classname="tests.VendorRegistrationTest" name="testEnterValidAccountHolderName" time="1.761"/>
  <testcase classname="tests.VendorRegistrationTest" name="testEnterValidBankName" time="0.000">
    <skipped/>
  </testcase> <!-- testEnterValidBankName -->
  <testcase classname="tests.VendorRegistrationTest" name="testEnterInValidPincode" time="3.614"/>
  <testcase classname="tests.VendorRegistrationTest" name="testEnterInValidBankName" time="1.705">
    <failure message="did not expect [HDFC000S253] but found [HDFC000S253]" type="java.lang.AssertionError">
      <![CDATA[java.lang.AssertionError: did not expect [HDFC000S253] but found [HDFC000S253]
at org.testng.Assert.fail(Assert.java:111)
at org.testng.Assert.failEquals(Assert.java:1582)
at org.testng.Assert.assertNotEqualsImpl(Assert.java:157)
at org.testng.Assert.assertNotEquals(Assert.java:2201)
at org.testng.Assert.assertNotEquals(Assert.java:2223)
at tests.VendorRegistrationTest.testEnterInValidBankName(VendorRegistrationTest.java:235)
at java.base/jdk.internal.reflect.DirectMethodHandleAccessor.invoke(DirectMethodHandleAccessor.java:103)
at java.base/java.lang.reflect.Method.invoke(Method.java:580)
at org.testng.internal.invokers.MethodInvocationHelper.invokeMethod(MethodInvocationHelper.java:141)
at org.testng.internal.invokers.TestInvoker.invokeMethod(TestInvoker.java:686)
at org.testng.internal.invokers.TestInvoker.invokeTestMethod(TestInvoker.java:230)
at org.testng.internal.invokers.MethodRunner.runInSequence(MethodRunner.java:63)
at org.testng.internal.invokers.TestInvoker$MethodInvocationAgent.invoke(TestInvoker.java:992)
at org.testng.internal.invokers.TestInvoker.invokeTestMethods(TestInvoker.java:203)
at org.testng.internal.invokers.TestMethodWorker.invokeTestMethods(TestMethodWorker.java:154)
at org.testng.internal.invokers.TestMethodWorker.run(TestMethodWorker.java:134)
at java.base/java.util.ArrayList.forEach(ArrayList.java:1596)
at org.testng.TestRunner.privateRun(TestRunner.java:739)
at org.testng.TestRunner.run(TestRunner.java:614)
at org.testng.SuiteRunner.runTest(SuiteRunner.java:421)
at org.testng.SuiteRunner.runSequentially(SuiteRunner.java:413)
at org.testng.SuiteRunner.privateRun(SuiteRunner.java:373)
at org.testng.SuiteRunner.run(SuiteRunner.java:312)
at org.testng.SuiteRunnerWorker.runSuite(SuiteRunnerWorker.java:52)
at org.testng.SuiteRunnerWorker.run(SuiteRunnerWorker.java:95)
at org.testng.TestNG.runSuitesSequentially(TestNG.java:1274)
at org.testng.TestNG.runSuitesLocally(TestNG.java:1208)
at org.testng.TestNG.runSuites(TestNG.java:1112)
at org.testng.TestNG.run(TestNG.java:1079)
at org.apache.maven.surefire.testng.TestNGExecutor.run(TestNGExecutor.java:155)
at org.apache.maven.surefire.testng.TestNGDirectoryTestSuite.executeMulti(TestNGDirectoryTestSuite.java:169)
at org.apache.maven.surefire.testng.TestNGDirectoryTestSuite.execute(TestNGDirectoryTestSuite.java:88)
at org.apache.maven.surefire.testng.TestNGProvider.invoke(TestNGProvider.java:137)
at org.apache.maven.surefire.booter.ForkedBooter.runSuitesInProcess(ForkedBooter.java:385)
at org.apache.maven.surefire.booter.ForkedBooter.execute(ForkedBooter.java:162)
at org.apache.maven.surefire.booter.ForkedBooter.run(ForkedBooter.java:507)
at org.apache.maven.surefire.booter.ForkedBooter.main(ForkedBooter.java:495)
]]>
    </failure>
  </testcase> <!-- testEnterInValidBankName -->
  <testcase classname="tests.VendorRegistrationTest" name="testEditBusinessInfo" time="5.118"/>
  <testcase classname="tests.VendorRegistrationTest" name="testEnterInValidAccountNo" time="2.028"/>
  <testcase classname="tests.VendorRegistrationTest" name="testVendorMenuVisibilityAndClickability" time="0.000">
    <skipped/>
  </testcase> <!-- testVendorMenuVisibilityAndClickability -->
  <testcase classname="tests.VendorRegistrationTest" name="uploadFileVendorAgreement" time="0.000">
    <skipped/>
  </testcase> <!-- uploadFileVendorAgreement -->
  <testcase classname="tests.VendorRegistrationTest" name="testEnterAlphabetAndSymbolInMobileField" time="0.496"/>
  <testcase classname="tests.VendorRegistrationTest" name="testEnteringSpecialCharactersInBankIFSCCode" time="0.000">
    <skipped/>
  </testcase> <!-- testEnteringSpecialCharactersInBankIFSCCode -->
  <testcase classname="tests.VendorRegistrationTest" name="testEnterValidAccountNo" time="1.674"/>
  <testcase classname="tests.VendorRegistrationTest" name="testFormSubmission" time="0.000">
    <skipped/>
  </testcase> <!-- testFormSubmission -->
  <testcase classname="tests.VendorRegistrationTest" name="testEntermorethan18digitsAccountNo" time="0.001">
    <skipped/>
  </testcase> <!-- testEntermorethan18digitsAccountNo -->
  <testcase classname="tests.VendorRegistrationTest" name="testAddVendorButtonNavigation" time="1.429"/>
  <testcase classname="tests.VendorRegistrationTest" name="testValidCompanyNameInput" time="0.000">
    <skipped/>
  </testcase> <!-- testValidCompanyNameInput -->
  <testcase classname="tests.VendorRegistrationTest" name="testSelectState" time="0.000">
    <skipped/>
  </testcase> <!-- testSelectState -->
  <testcase classname="tests.VendorRegistrationTest" name="testEnterValidInBankIFSCCode" time="0.000">
    <skipped/>
  </testcase> <!-- testEnterValidInBankIFSCCode -->
  <testcase classname="tests.VendorRegistrationTest" name="testSelectValidBusinessType" time="0.000">
    <skipped/>
  </testcase> <!-- testSelectValidBusinessType -->
  <testcase classname="tests.VendorRegistrationTest" name="testNumericAndSpecialCharactersInFields" time="0.000">
    <skipped/>
  </testcase> <!-- testNumericAndSpecialCharactersInFields -->
  <testcase classname="tests.VendorRegistrationTest" name="testDraftButtonSavesInformation" time="1.759"/>
  <testcase classname="tests.VendorRegistrationTest" name="testEntervalidBranchName" time="0.000">
    <skipped/>
  </testcase> <!-- testEntervalidBranchName -->
  <testcase classname="tests.VendorRegistrationTest" name="testVendorOnboardingMenuVisibilityAndClickability" time="0.000">
    <skipped/>
  </testcase> <!-- testVendorOnboardingMenuVisibilityAndClickability -->
  <testcase classname="tests.VendorRegistrationTest" name="testInValidCityName" time="0.000">
    <skipped/>
  </testcase> <!-- testInValidCityName -->
  <testcase classname="tests.VendorRegistrationTest" name="testEnterInValidAccountHolderName" time="1.700"/>
  <testcase classname="tests.VendorRegistrationTest" name="testExistingUsernameErrorMessage" time="0.000">
    <skipped/>
  </testcase> <!-- testExistingUsernameErrorMessage -->
  <testcase classname="tests.VendorRegistrationTest" name="setPage" time="4.279">
    <error message="element not interactable
  (Session info: chrome=127.0.6533.74)
Build info: version: &#039;4.22.0&#039;, revision: &#039;c5f3146703*&#039;
System info: os.name: &#039;Windows 11&#039;, os.arch: &#039;amd64&#039;, os.version: &#039;10.0&#039;, java.version: &#039;21.0.3&#039;
Driver info: org.openqa.selenium.chrome.ChromeDriver
Command: [e78bdd156faa0fb403c6e9332241d476, clickElement {id=f.3940FD7168B7D9D32468362932246CAE.d.61A67785E40F513810BCF34446313A7C.e.30}]
Capabilities {acceptInsecureCerts: false, browserName: chrome, browserVersion: 127.0.6533.74, chrome: {chromedriverVersion: 127.0.6533.88 (a2d0cb026721..., userDataDir: C:\Windows\SystemTemp\scope...}, fedcm:accounts: true, goog:chromeOptions: {debuggerAddress: localhost:58681}, networkConnectionEnabled: false, pageLoadStrategy: normal, platformName: windows, proxy: Proxy(), se:cdp: ws://localhost:58681/devtoo..., se:cdpVersion: 127.0.6533.74, setWindowRect: true, strictFileInteractability: false, timeouts: {implicit: 0, pageLoad: 300000, script: 30000}, unhandledPromptBehavior: dismiss and notify, webauthn:extension:credBlob: true, webauthn:extension:largeBlob: true, webauthn:extension:minPinLength: true, webauthn:extension:prf: true, webauthn:virtualAuthenticators: true}
Element: [[ChromeDriver: chrome on windows (e78bdd156faa0fb403c6e9332241d476)] -&gt; id: otp-match-now]
Session ID: e78bdd156faa0fb403c6e9332241d476" type="org.openqa.selenium.ElementNotInteractableException">
      <![CDATA[org.openqa.selenium.ElementNotInteractableException: element not interactable
  (Session info: chrome=127.0.6533.74)
Build info: version: '4.22.0', revision: 'c5f3146703*'
System info: os.name: 'Windows 11', os.arch: 'amd64', os.version: '10.0', java.version: '21.0.3'
Driver info: org.openqa.selenium.chrome.ChromeDriver
Command: [e78bdd156faa0fb403c6e9332241d476, clickElement {id=f.3940FD7168B7D9D32468362932246CAE.d.61A67785E40F513810BCF34446313A7C.e.30}]
Capabilities {acceptInsecureCerts: false, browserName: chrome, browserVersion: 127.0.6533.74, chrome: {chromedriverVersion: 127.0.6533.88 (a2d0cb026721..., userDataDir: C:\Windows\SystemTemp\scope...}, fedcm:accounts: true, goog:chromeOptions: {debuggerAddress: localhost:58681}, networkConnectionEnabled: false, pageLoadStrategy: normal, platformName: windows, proxy: Proxy(), se:cdp: ws://localhost:58681/devtoo..., se:cdpVersion: 127.0.6533.74, setWindowRect: true, strictFileInteractability: false, timeouts: {implicit: 0, pageLoad: 300000, script: 30000}, unhandledPromptBehavior: dismiss and notify, webauthn:extension:credBlob: true, webauthn:extension:largeBlob: true, webauthn:extension:minPinLength: true, webauthn:extension:prf: true, webauthn:virtualAuthenticators: true}
Element: [[ChromeDriver: chrome on windows (e78bdd156faa0fb403c6e9332241d476)] -> id: otp-match-now]
Session ID: e78bdd156faa0fb403c6e9332241d476
at java.base/jdk.internal.reflect.DirectConstructorHandleAccessor.newInstance(DirectConstructorHandleAccessor.java:62)
at java.base/java.lang.reflect.Constructor.newInstanceWithCaller(Constructor.java:502)
at java.base/java.lang.reflect.Constructor.newInstance(Constructor.java:486)
at org.openqa.selenium.remote.ErrorCodec.decode(ErrorCodec.java:167)
at org.openqa.selenium.remote.codec.w3c.W3CHttpResponseCodec.decode(W3CHttpResponseCodec.java:138)
at org.openqa.selenium.remote.codec.w3c.W3CHttpResponseCodec.decode(W3CHttpResponseCodec.java:50)
at org.openqa.selenium.remote.HttpCommandExecutor.execute(HttpCommandExecutor.java:190)
at org.openqa.selenium.remote.service.DriverCommandExecutor.invokeExecute(DriverCommandExecutor.java:216)
at org.openqa.selenium.remote.service.DriverCommandExecutor.execute(DriverCommandExecutor.java:174)
at org.openqa.selenium.remote.RemoteWebDriver.execute(RemoteWebDriver.java:518)
at org.openqa.selenium.remote.RemoteWebElement.execute(RemoteWebElement.java:223)
at org.openqa.selenium.remote.RemoteWebElement.click(RemoteWebElement.java:76)
at pages.DashboardPage.enterSubmitbtn(DashboardPage.java:25)
at tests.VendorRegistrationTest.setPage(VendorRegistrationTest.java:15)
at java.base/jdk.internal.reflect.DirectMethodHandleAccessor.invoke(DirectMethodHandleAccessor.java:103)
at java.base/java.lang.reflect.Method.invoke(Method.java:580)
at org.testng.internal.invokers.MethodInvocationHelper.invokeMethod(MethodInvocationHelper.java:141)
at org.testng.internal.invokers.MethodInvocationHelper.invokeMethodConsideringTimeout(MethodInvocationHelper.java:71)
at org.testng.internal.invokers.ConfigInvoker.invokeConfigurationMethod(ConfigInvoker.java:400)
at org.testng.internal.invokers.ConfigInvoker.invokeConfigurations(ConfigInvoker.java:333)
at org.testng.internal.invokers.TestInvoker.runConfigMethods(TestInvoker.java:833)
at org.testng.internal.invokers.TestInvoker.invokeMethod(TestInvoker.java:600)
at org.testng.internal.invokers.TestInvoker.invokeTestMethod(TestInvoker.java:230)
at org.testng.internal.invokers.MethodRunner.runInSequence(MethodRunner.java:63)
at org.testng.internal.invokers.TestInvoker$MethodInvocationAgent.invoke(TestInvoker.java:992)
at org.testng.internal.invokers.TestInvoker.invokeTestMethods(TestInvoker.java:203)
at org.testng.internal.invokers.TestMethodWorker.invokeTestMethods(TestMethodWorker.java:154)
at org.testng.internal.invokers.TestMethodWorker.run(TestMethodWorker.java:134)
at java.base/java.util.ArrayList.forEach(ArrayList.java:1596)
at org.testng.TestRunner.privateRun(TestRunner.java:739)
at org.testng.TestRunner.run(TestRunner.java:614)
at org.testng.SuiteRunner.runTest(SuiteRunner.java:421)
at org.testng.SuiteRunner.runSequentially(SuiteRunner.java:413)
at org.testng.SuiteRunner.privateRun(SuiteRunner.java:373)
at org.testng.SuiteRunner.run(SuiteRunner.java:312)
at org.testng.SuiteRunnerWorker.runSuite(SuiteRunnerWorker.java:52)
at org.testng.SuiteRunnerWorker.run(SuiteRunnerWorker.java:95)
at org.testng.TestNG.runSuitesSequentially(TestNG.java:1274)
at org.testng.TestNG.runSuitesLocally(TestNG.java:1208)
at org.testng.TestNG.runSuites(TestNG.java:1112)
at org.testng.TestNG.run(TestNG.java:1079)
at org.apache.maven.surefire.testng.TestNGExecutor.run(TestNGExecutor.java:155)
at org.apache.maven.surefire.testng.TestNGDirectoryTestSuite.executeMulti(TestNGDirectoryTestSuite.java:169)
at org.apache.maven.surefire.testng.TestNGDirectoryTestSuite.execute(TestNGDirectoryTestSuite.java:88)
at org.apache.maven.surefire.testng.TestNGProvider.invoke(TestNGProvider.java:137)
at org.apache.maven.surefire.booter.ForkedBooter.runSuitesInProcess(ForkedBooter.java:385)
at org.apache.maven.surefire.booter.ForkedBooter.execute(ForkedBooter.java:162)
at org.apache.maven.surefire.booter.ForkedBooter.run(ForkedBooter.java:507)
at org.apache.maven.surefire.booter.ForkedBooter.main(ForkedBooter.java:495)
]]>
    </error>
  </testcase> <!-- setPage -->
</testsuite> <!-- tests.VendorRegistrationTest -->
